<?xml version="1.0" encoding="utf-8"?>
<CoverageSession xmlns:xsd="http://www.w3.org/2001/XMLSchema" xmlns:xsi="http://www.w3.org/2001/XMLSchema-instance" Version="4.7.922.0">
  <Summary numSequencePoints="980" visitedSequencePoints="292" numBranchPoints="270" visitedBranchPoints="76" sequenceCoverage="29.80" branchCoverage="28.15" maxCyclomaticComplexity="5" minCyclomaticComplexity="0" maxCrapScore="30" minCrapScore="0" visitedClasses="10" numClasses="21" visitedMethods="70" numMethods="168" />
  <Modules>
    <Module hash="10-05-9C-BD-91-A1-CE-D9-68-F1-82-00-49-88-2F-40-F3-71-0B-33">
      <Summary numSequencePoints="152" visitedSequencePoints="150" numBranchPoints="36" visitedBranchPoints="35" sequenceCoverage="98.68" branchCoverage="97.22" maxCyclomaticComplexity="1" minCyclomaticComplexity="1" maxCrapScore="2" minCrapScore="1" visitedClasses="5" numClasses="5" visitedMethods="35" numMethods="36" />
      <ModulePath>C:\Users\user\Desktop\window\HW\110590034\Homework\HomeworkTests\bin\Debug\fine-code-coverage\build-output\HomeworkTests.dll</ModulePath>
      <ModuleTime>2023-11-25T16:54:07.7601996Z</ModuleTime>
      <ModuleName>HomeworkTests</ModuleName>
      <Files>
        <File uid="1" fullPath="C:\Users\user\Desktop\window\HW\110590034\Homework\HomeworkTests\Model\LineTests.cs" />
        <File uid="2" fullPath="C:\Users\user\Desktop\window\HW\110590034\Homework\HomeworkTests\Model\MockGraphics.cs" />
        <File uid="3" fullPath="C:\Users\user\Desktop\window\HW\110590034\Homework\HomeworkTests\Model\EllipseTests.cs" />
        <File uid="4" fullPath="C:\Users\user\Desktop\window\HW\110590034\Homework\HomeworkTests\Model\RectangleTests.cs" />
        <File uid="5" fullPath="C:\Users\user\Desktop\window\HW\110590034\Homework\HomeworkTests\Model\ShapeTests.cs" />
      </Files>
      <Classes>
        <Class>
          <Summary numSequencePoints="22" visitedSequencePoints="22" numBranchPoints="5" visitedBranchPoints="5" sequenceCoverage="100" branchCoverage="100" maxCyclomaticComplexity="1" minCyclomaticComplexity="1" maxCrapScore="2" minCrapScore="1" visitedClasses="1" numClasses="1" visitedMethods="5" numMethods="5" />
          <FullName>Homework.Tests.LineTests</FullName>
          <Methods>
            <Method visited="true" cyclomaticComplexity="1" nPathComplexity="0" sequenceCoverage="100" branchCoverage="100" crapScore="1" isConstructor="false" isStatic="false" isGetter="false" isSetter="false">
              <Summary numSequencePoints="4" visitedSequencePoints="4" numBranchPoints="1" visitedBranchPoints="1" sequenceCoverage="100" branchCoverage="100" maxCyclomaticComplexity="1" minCyclomaticComplexity="1" maxCrapScore="1" minCrapScore="1" visitedClasses="0" numClasses="0" visitedMethods="1" numMethods="1" />
              <MetadataToken>100663297</MetadataToken>
              <Name>System.Void Homework.Tests.LineTests::Setup()</Name>
              <FileRef uid="1" />
              <SequencePoints>
                <SequencePoint vc="4" uspid="1" ordinal="0" offset="0" sl="15" sc="9" el="15" ec="10" bec="0" bev="0" fileid="1" />
                <SequencePoint vc="4" uspid="2" ordinal="1" offset="1" sl="16" sc="13" el="16" ec="64" bec="0" bev="0" fileid="1" />
                <SequencePoint vc="4" uspid="3" ordinal="2" offset="58" sl="17" sc="13" el="17" ec="48" bec="0" bev="0" fileid="1" />
                <SequencePoint vc="4" uspid="4" ordinal="3" offset="69" sl="18" sc="9" el="18" ec="10" bec="0" bev="0" fileid="1" />
              </SequencePoints>
              <BranchPoints />
              <MethodPoint xsi:type="SequencePoint" vc="4" uspid="1" ordinal="0" offset="0" sl="15" sc="9" el="15" ec="10" bec="0" bev="0" fileid="1" />
            </Method>
            <Method visited="true" cyclomaticComplexity="1" nPathComplexity="0" sequenceCoverage="100" branchCoverage="100" crapScore="1" isConstructor="false" isStatic="false" isGetter="false" isSetter="false">
              <Summary numSequencePoints="4" visitedSequencePoints="4" numBranchPoints="1" visitedBranchPoints="1" sequenceCoverage="100" branchCoverage="100" maxCyclomaticComplexity="1" minCyclomaticComplexity="1" maxCrapScore="1" minCrapScore="1" visitedClasses="0" numClasses="0" visitedMethods="1" numMethods="1" />
              <MetadataToken>100663298</MetadataToken>
              <Name>System.Void Homework.Tests.LineTests::DrawTest()</Name>
              <FileRef uid="1" />
              <SequencePoints>
                <SequencePoint vc="1" uspid="5" ordinal="0" offset="0" sl="23" sc="9" el="23" ec="10" bec="0" bev="0" fileid="1" />
                <SequencePoint vc="1" uspid="6" ordinal="1" offset="1" sl="24" sc="13" el="24" ec="39" bec="0" bev="0" fileid="1" />
                <SequencePoint vc="1" uspid="7" ordinal="2" offset="19" sl="25" sc="13" el="25" ec="57" bec="0" bev="0" fileid="1" />
                <SequencePoint vc="1" uspid="8" ordinal="3" offset="37" sl="26" sc="9" el="26" ec="10" bec="0" bev="0" fileid="1" />
              </SequencePoints>
              <BranchPoints />
              <MethodPoint xsi:type="SequencePoint" vc="1" uspid="5" ordinal="0" offset="0" sl="23" sc="9" el="23" ec="10" bec="0" bev="0" fileid="1" />
            </Method>
            <Method visited="true" cyclomaticComplexity="1" nPathComplexity="0" sequenceCoverage="100" branchCoverage="100" crapScore="1" isConstructor="false" isStatic="false" isGetter="false" isSetter="false">
              <Summary numSequencePoints="3" visitedSequencePoints="3" numBranchPoints="1" visitedBranchPoints="1" sequenceCoverage="100" branchCoverage="100" maxCyclomaticComplexity="1" minCyclomaticComplexity="1" maxCrapScore="1" minCrapScore="1" visitedClasses="0" numClasses="0" visitedMethods="1" numMethods="1" />
              <MetadataToken>100663299</MetadataToken>
              <Name>System.Void Homework.Tests.LineTests::GetShapeNameTest()</Name>
              <FileRef uid="1" />
              <SequencePoints>
                <SequencePoint vc="1" uspid="9" ordinal="0" offset="0" sl="31" sc="9" el="31" ec="10" bec="0" bev="0" fileid="1" />
                <SequencePoint vc="1" uspid="10" ordinal="1" offset="1" sl="32" sc="13" el="32" ec="75" bec="0" bev="0" fileid="1" />
                <SequencePoint vc="1" uspid="11" ordinal="2" offset="23" sl="33" sc="9" el="33" ec="10" bec="0" bev="0" fileid="1" />
              </SequencePoints>
              <BranchPoints />
              <MethodPoint xsi:type="SequencePoint" vc="1" uspid="9" ordinal="0" offset="0" sl="31" sc="9" el="31" ec="10" bec="0" bev="0" fileid="1" />
            </Method>
            <Method visited="true" cyclomaticComplexity="1" nPathComplexity="0" sequenceCoverage="100" branchCoverage="100" crapScore="1" isConstructor="false" isStatic="false" isGetter="false" isSetter="false">
              <Summary numSequencePoints="3" visitedSequencePoints="3" numBranchPoints="1" visitedBranchPoints="1" sequenceCoverage="100" branchCoverage="100" maxCyclomaticComplexity="1" minCyclomaticComplexity="1" maxCrapScore="1" minCrapScore="1" visitedClasses="0" numClasses="0" visitedMethods="1" numMethods="1" />
              <MetadataToken>100663300</MetadataToken>
              <Name>System.Void Homework.Tests.LineTests::GetInfoTest()</Name>
              <FileRef uid="1" />
              <SequencePoints>
                <SequencePoint vc="1" uspid="12" ordinal="0" offset="0" sl="38" sc="9" el="38" ec="10" bec="0" bev="0" fileid="1" />
                <SequencePoint vc="1" uspid="13" ordinal="1" offset="1" sl="39" sc="13" el="39" ec="64" bec="0" bev="0" fileid="1" />
                <SequencePoint vc="1" uspid="14" ordinal="2" offset="23" sl="40" sc="9" el="40" ec="10" bec="0" bev="0" fileid="1" />
              </SequencePoints>
              <BranchPoints />
              <MethodPoint xsi:type="SequencePoint" vc="1" uspid="12" ordinal="0" offset="0" sl="38" sc="9" el="38" ec="10" bec="0" bev="0" fileid="1" />
            </Method>
            <Method visited="true" cyclomaticComplexity="1" nPathComplexity="0" sequenceCoverage="100" branchCoverage="100" crapScore="1" isConstructor="false" isStatic="false" isGetter="false" isSetter="false">
              <Summary numSequencePoints="8" visitedSequencePoints="8" numBranchPoints="1" visitedBranchPoints="1" sequenceCoverage="100" branchCoverage="100" maxCyclomaticComplexity="1" minCyclomaticComplexity="1" maxCrapScore="1" minCrapScore="1" visitedClasses="0" numClasses="0" visitedMethods="1" numMethods="1" />
              <MetadataToken>100663301</MetadataToken>
              <Name>System.Void Homework.Tests.LineTests::ResetPointTest()</Name>
              <FileRef uid="1" />
              <SequencePoints>
                <SequencePoint vc="1" uspid="15" ordinal="0" offset="0" sl="45" sc="9" el="45" ec="10" bec="0" bev="0" fileid="1" />
                <SequencePoint vc="1" uspid="16" ordinal="1" offset="1" sl="46" sc="13" el="46" ec="44" bec="0" bev="0" fileid="1" />
                <SequencePoint vc="1" uspid="17" ordinal="2" offset="25" sl="47" sc="13" el="47" ec="44" bec="0" bev="0" fileid="1" />
                <SequencePoint vc="1" uspid="18" ordinal="3" offset="49" sl="48" sc="13" el="48" ec="35" bec="0" bev="0" fileid="1" />
                <SequencePoint vc="1" uspid="19" ordinal="4" offset="62" sl="49" sc="13" el="49" ec="35" bec="0" bev="0" fileid="1" />
                <SequencePoint vc="1" uspid="20" ordinal="5" offset="75" sl="50" sc="13" el="50" ec="32" bec="0" bev="0" fileid="1" />
                <SequencePoint vc="1" uspid="21" ordinal="6" offset="87" sl="51" sc="13" el="51" ec="64" bec="0" bev="0" fileid="1" />
                <SequencePoint vc="1" uspid="22" ordinal="7" offset="109" sl="52" sc="9" el="52" ec="10" bec="0" bev="0" fileid="1" />
              </SequencePoints>
              <BranchPoints />
              <MethodPoint xsi:type="SequencePoint" vc="1" uspid="15" ordinal="0" offset="0" sl="45" sc="9" el="45" ec="10" bec="0" bev="0" fileid="1" />
            </Method>
            <Method visited="false" cyclomaticComplexity="1" nPathComplexity="0" sequenceCoverage="0" branchCoverage="0" crapScore="2" isConstructor="true" isStatic="false" isGetter="false" isSetter="false">
              <Summary numSequencePoints="0" visitedSequencePoints="0" numBranchPoints="0" visitedBranchPoints="0" sequenceCoverage="0" branchCoverage="0" maxCyclomaticComplexity="1" minCyclomaticComplexity="1" maxCrapScore="2" minCrapScore="2" visitedClasses="0" numClasses="0" visitedMethods="0" numMethods="0" />
              <MetadataToken>100663302</MetadataToken>
              <Name>System.Void Homework.Tests.LineTests::.ctor()</Name>
              <SequencePoints />
              <BranchPoints />
              <MethodPoint vc="0" uspid="23" ordinal="0" offset="0" />
            </Method>
          </Methods>
        </Class>
        <Class>
          <Summary numSequencePoints="41" visitedSequencePoints="39" numBranchPoints="13" visitedBranchPoints="12" sequenceCoverage="95.12" branchCoverage="92.31" maxCyclomaticComplexity="1" minCyclomaticComplexity="1" maxCrapScore="2" minCrapScore="1" visitedClasses="1" numClasses="1" visitedMethods="12" numMethods="13" />
          <FullName>Homework.Tests.MockGraphics</FullName>
          <Methods>
            <Method visited="true" cyclomaticComplexity="1" nPathComplexity="0" sequenceCoverage="100" branchCoverage="100" crapScore="1" isConstructor="false" isStatic="false" isGetter="true" isSetter="false">
              <Summary numSequencePoints="3" visitedSequencePoints="3" numBranchPoints="1" visitedBranchPoints="1" sequenceCoverage="100" branchCoverage="100" maxCyclomaticComplexity="1" minCyclomaticComplexity="1" maxCrapScore="1" minCrapScore="1" visitedClasses="0" numClasses="0" visitedMethods="1" numMethods="1" />
              <MetadataToken>100663305</MetadataToken>
              <Name>System.Int32 Homework.Tests.MockGraphics::get_CountLine()</Name>
              <FileRef uid="2" />
              <SequencePoints>
                <SequencePoint vc="1" uspid="24" ordinal="0" offset="0" sl="29" sc="13" el="29" ec="14" bec="0" bev="0" fileid="2" />
                <SequencePoint vc="1" uspid="25" ordinal="1" offset="1" sl="30" sc="17" el="30" ec="39" bec="0" bev="0" fileid="2" />
                <SequencePoint vc="1" uspid="26" ordinal="2" offset="10" sl="31" sc="13" el="31" ec="14" bec="0" bev="0" fileid="2" />
              </SequencePoints>
              <BranchPoints />
              <MethodPoint xsi:type="SequencePoint" vc="1" uspid="24" ordinal="0" offset="0" sl="29" sc="13" el="29" ec="14" bec="0" bev="0" fileid="2" />
            </Method>
            <Method visited="true" cyclomaticComplexity="1" nPathComplexity="0" sequenceCoverage="100" branchCoverage="100" crapScore="1" isConstructor="false" isStatic="false" isGetter="true" isSetter="false">
              <Summary numSequencePoints="3" visitedSequencePoints="3" numBranchPoints="1" visitedBranchPoints="1" sequenceCoverage="100" branchCoverage="100" maxCyclomaticComplexity="1" minCyclomaticComplexity="1" maxCrapScore="1" minCrapScore="1" visitedClasses="0" numClasses="0" visitedMethods="1" numMethods="1" />
              <MetadataToken>100663306</MetadataToken>
              <Name>System.Int32 Homework.Tests.MockGraphics::get_CountRectangle()</Name>
              <FileRef uid="2" />
              <SequencePoints>
                <SequencePoint vc="1" uspid="27" ordinal="0" offset="0" sl="37" sc="13" el="37" ec="14" bec="0" bev="0" fileid="2" />
                <SequencePoint vc="1" uspid="28" ordinal="1" offset="1" sl="38" sc="17" el="38" ec="44" bec="0" bev="0" fileid="2" />
                <SequencePoint vc="1" uspid="29" ordinal="2" offset="10" sl="39" sc="13" el="39" ec="14" bec="0" bev="0" fileid="2" />
              </SequencePoints>
              <BranchPoints />
              <MethodPoint xsi:type="SequencePoint" vc="1" uspid="27" ordinal="0" offset="0" sl="37" sc="13" el="37" ec="14" bec="0" bev="0" fileid="2" />
            </Method>
            <Method visited="true" cyclomaticComplexity="1" nPathComplexity="0" sequenceCoverage="100" branchCoverage="100" crapScore="1" isConstructor="false" isStatic="false" isGetter="true" isSetter="false">
              <Summary numSequencePoints="3" visitedSequencePoints="3" numBranchPoints="1" visitedBranchPoints="1" sequenceCoverage="100" branchCoverage="100" maxCyclomaticComplexity="1" minCyclomaticComplexity="1" maxCrapScore="1" minCrapScore="1" visitedClasses="0" numClasses="0" visitedMethods="1" numMethods="1" />
              <MetadataToken>100663307</MetadataToken>
              <Name>System.Int32 Homework.Tests.MockGraphics::get_CountEllipse()</Name>
              <FileRef uid="2" />
              <SequencePoints>
                <SequencePoint vc="2" uspid="30" ordinal="0" offset="0" sl="45" sc="13" el="45" ec="14" bec="0" bev="0" fileid="2" />
                <SequencePoint vc="2" uspid="31" ordinal="1" offset="1" sl="46" sc="17" el="46" ec="42" bec="0" bev="0" fileid="2" />
                <SequencePoint vc="2" uspid="32" ordinal="2" offset="10" sl="47" sc="13" el="47" ec="14" bec="0" bev="0" fileid="2" />
              </SequencePoints>
              <BranchPoints />
              <MethodPoint xsi:type="SequencePoint" vc="2" uspid="30" ordinal="0" offset="0" sl="45" sc="13" el="45" ec="14" bec="0" bev="0" fileid="2" />
            </Method>
            <Method visited="true" cyclomaticComplexity="1" nPathComplexity="0" sequenceCoverage="100" branchCoverage="100" crapScore="1" isConstructor="false" isStatic="false" isGetter="true" isSetter="false">
              <Summary numSequencePoints="3" visitedSequencePoints="3" numBranchPoints="1" visitedBranchPoints="1" sequenceCoverage="100" branchCoverage="100" maxCyclomaticComplexity="1" minCyclomaticComplexity="1" maxCrapScore="1" minCrapScore="1" visitedClasses="0" numClasses="0" visitedMethods="1" numMethods="1" />
              <MetadataToken>100663308</MetadataToken>
              <Name>System.Int32 Homework.Tests.MockGraphics::get_CountHint()</Name>
              <FileRef uid="2" />
              <SequencePoints>
                <SequencePoint vc="1" uspid="33" ordinal="0" offset="0" sl="53" sc="13" el="53" ec="14" bec="0" bev="0" fileid="2" />
                <SequencePoint vc="1" uspid="34" ordinal="1" offset="1" sl="54" sc="17" el="54" ec="39" bec="0" bev="0" fileid="2" />
                <SequencePoint vc="1" uspid="35" ordinal="2" offset="10" sl="55" sc="13" el="55" ec="14" bec="0" bev="0" fileid="2" />
              </SequencePoints>
              <BranchPoints />
              <MethodPoint xsi:type="SequencePoint" vc="1" uspid="33" ordinal="0" offset="0" sl="53" sc="13" el="53" ec="14" bec="0" bev="0" fileid="2" />
            </Method>
            <Method visited="true" cyclomaticComplexity="1" nPathComplexity="0" sequenceCoverage="100" branchCoverage="100" crapScore="1" isConstructor="false" isStatic="false" isGetter="true" isSetter="false">
              <Summary numSequencePoints="3" visitedSequencePoints="3" numBranchPoints="1" visitedBranchPoints="1" sequenceCoverage="100" branchCoverage="100" maxCyclomaticComplexity="1" minCyclomaticComplexity="1" maxCrapScore="1" minCrapScore="1" visitedClasses="0" numClasses="0" visitedMethods="1" numMethods="1" />
              <MetadataToken>100663309</MetadataToken>
              <Name>System.Int32 Homework.Tests.MockGraphics::get_CountHintCircle()</Name>
              <FileRef uid="2" />
              <SequencePoints>
                <SequencePoint vc="1" uspid="36" ordinal="0" offset="0" sl="61" sc="13" el="61" ec="14" bec="0" bev="0" fileid="2" />
                <SequencePoint vc="1" uspid="37" ordinal="1" offset="1" sl="62" sc="17" el="62" ec="45" bec="0" bev="0" fileid="2" />
                <SequencePoint vc="1" uspid="38" ordinal="2" offset="10" sl="63" sc="13" el="63" ec="14" bec="0" bev="0" fileid="2" />
              </SequencePoints>
              <BranchPoints />
              <MethodPoint xsi:type="SequencePoint" vc="1" uspid="36" ordinal="0" offset="0" sl="61" sc="13" el="61" ec="14" bec="0" bev="0" fileid="2" />
            </Method>
            <Method visited="true" cyclomaticComplexity="1" nPathComplexity="0" sequenceCoverage="100" branchCoverage="100" crapScore="1" isConstructor="true" isStatic="false" isGetter="false" isSetter="false">
              <Summary numSequencePoints="4" visitedSequencePoints="4" numBranchPoints="1" visitedBranchPoints="1" sequenceCoverage="100" branchCoverage="100" maxCyclomaticComplexity="1" minCyclomaticComplexity="1" maxCrapScore="1" minCrapScore="1" visitedClasses="0" numClasses="0" visitedMethods="1" numMethods="1" />
              <MetadataToken>100663303</MetadataToken>
              <Name>System.Void Homework.Tests.MockGraphics::.ctor()</Name>
              <FileRef uid="2" />
              <SequencePoints>
                <SequencePoint vc="17" uspid="39" ordinal="0" offset="0" sl="13" sc="9" el="13" ec="30" bec="0" bev="0" fileid="2" />
                <SequencePoint vc="17" uspid="40" ordinal="1" offset="7" sl="14" sc="9" el="14" ec="10" bec="0" bev="0" fileid="2" />
                <SequencePoint vc="17" uspid="41" ordinal="2" offset="8" sl="15" sc="13" el="15" ec="29" bec="0" bev="0" fileid="2" />
                <SequencePoint vc="17" uspid="42" ordinal="3" offset="15" sl="16" sc="9" el="16" ec="10" bec="0" bev="0" fileid="2" />
              </SequencePoints>
              <BranchPoints />
              <MethodPoint xsi:type="SequencePoint" vc="17" uspid="39" ordinal="0" offset="0" sl="13" sc="9" el="13" ec="30" bec="0" bev="0" fileid="2" />
            </Method>
            <Method visited="true" cyclomaticComplexity="1" nPathComplexity="0" sequenceCoverage="100" branchCoverage="100" crapScore="1" isConstructor="false" isStatic="false" isGetter="false" isSetter="false">
              <Summary numSequencePoints="5" visitedSequencePoints="5" numBranchPoints="1" visitedBranchPoints="1" sequenceCoverage="100" branchCoverage="100" maxCyclomaticComplexity="1" minCyclomaticComplexity="1" maxCrapScore="1" minCrapScore="1" visitedClasses="0" numClasses="0" visitedMethods="1" numMethods="1" />
              <MetadataToken>100663304</MetadataToken>
              <Name>System.Void Homework.Tests.MockGraphics::ResetAllCount()</Name>
              <FileRef uid="2" />
              <SequencePoints>
                <SequencePoint vc="17" uspid="43" ordinal="0" offset="0" sl="20" sc="9" el="20" ec="10" bec="0" bev="0" fileid="2" />
                <SequencePoint vc="17" uspid="44" ordinal="1" offset="1" sl="21" sc="13" el="21" ec="32" bec="0" bev="0" fileid="2" />
                <SequencePoint vc="17" uspid="45" ordinal="2" offset="8" sl="22" sc="13" el="22" ec="37" bec="0" bev="0" fileid="2" />
                <SequencePoint vc="17" uspid="46" ordinal="3" offset="15" sl="23" sc="13" el="23" ec="35" bec="0" bev="0" fileid="2" />
                <SequencePoint vc="17" uspid="47" ordinal="4" offset="22" sl="24" sc="9" el="24" ec="10" bec="0" bev="0" fileid="2" />
              </SequencePoints>
              <BranchPoints />
              <MethodPoint xsi:type="SequencePoint" vc="17" uspid="43" ordinal="0" offset="0" sl="20" sc="9" el="20" ec="10" bec="0" bev="0" fileid="2" />
            </Method>
            <Method visited="false" cyclomaticComplexity="1" nPathComplexity="0" sequenceCoverage="0" branchCoverage="0" crapScore="2" isConstructor="false" isStatic="false" isGetter="false" isSetter="false">
              <Summary numSequencePoints="2" visitedSequencePoints="0" numBranchPoints="1" visitedBranchPoints="0" sequenceCoverage="0" branchCoverage="0" maxCyclomaticComplexity="1" minCyclomaticComplexity="1" maxCrapScore="2" minCrapScore="2" visitedClasses="0" numClasses="0" visitedMethods="0" numMethods="1" />
              <MetadataToken>100663310</MetadataToken>
              <Name>System.Void Homework.Tests.MockGraphics::ClearAll()</Name>
              <FileRef uid="2" />
              <SequencePoints>
                <SequencePoint vc="0" uspid="48" ordinal="0" offset="0" sl="68" sc="9" el="68" ec="10" bec="0" bev="0" fileid="2" />
                <SequencePoint vc="0" uspid="49" ordinal="1" offset="1" sl="70" sc="9" el="70" ec="10" bec="0" bev="0" fileid="2" />
              </SequencePoints>
              <BranchPoints />
              <MethodPoint xsi:type="SequencePoint" vc="0" uspid="48" ordinal="0" offset="0" sl="68" sc="9" el="68" ec="10" bec="0" bev="0" fileid="2" />
            </Method>
            <Method visited="true" cyclomaticComplexity="1" nPathComplexity="0" sequenceCoverage="100" branchCoverage="100" crapScore="1" isConstructor="false" isStatic="false" isGetter="false" isSetter="false">
              <Summary numSequencePoints="3" visitedSequencePoints="3" numBranchPoints="1" visitedBranchPoints="1" sequenceCoverage="100" branchCoverage="100" maxCyclomaticComplexity="1" minCyclomaticComplexity="1" maxCrapScore="1" minCrapScore="1" visitedClasses="0" numClasses="0" visitedMethods="1" numMethods="1" />
              <MetadataToken>100663311</MetadataToken>
              <Name>System.Void Homework.Tests.MockGraphics::DrawLine(System.Double,System.Double,System.Double,System.Double)</Name>
              <FileRef uid="2" />
              <SequencePoints>
                <SequencePoint vc="1" uspid="50" ordinal="0" offset="0" sl="74" sc="9" el="74" ec="10" bec="0" bev="0" fileid="2" />
                <SequencePoint vc="1" uspid="51" ordinal="1" offset="1" sl="75" sc="13" el="75" ec="30" bec="0" bev="0" fileid="2" />
                <SequencePoint vc="1" uspid="52" ordinal="2" offset="15" sl="76" sc="9" el="76" ec="10" bec="0" bev="0" fileid="2" />
              </SequencePoints>
              <BranchPoints />
              <MethodPoint xsi:type="SequencePoint" vc="1" uspid="50" ordinal="0" offset="0" sl="74" sc="9" el="74" ec="10" bec="0" bev="0" fileid="2" />
            </Method>
            <Method visited="true" cyclomaticComplexity="1" nPathComplexity="0" sequenceCoverage="100" branchCoverage="100" crapScore="1" isConstructor="false" isStatic="false" isGetter="false" isSetter="false">
              <Summary numSequencePoints="3" visitedSequencePoints="3" numBranchPoints="1" visitedBranchPoints="1" sequenceCoverage="100" branchCoverage="100" maxCyclomaticComplexity="1" minCyclomaticComplexity="1" maxCrapScore="1" minCrapScore="1" visitedClasses="0" numClasses="0" visitedMethods="1" numMethods="1" />
              <MetadataToken>100663312</MetadataToken>
              <Name>System.Void Homework.Tests.MockGraphics::DrawRectangle(System.Double,System.Double,System.Double,System.Double)</Name>
              <FileRef uid="2" />
              <SequencePoints>
                <SequencePoint vc="1" uspid="53" ordinal="0" offset="0" sl="80" sc="9" el="80" ec="10" bec="0" bev="0" fileid="2" />
                <SequencePoint vc="1" uspid="54" ordinal="1" offset="1" sl="81" sc="13" el="81" ec="35" bec="0" bev="0" fileid="2" />
                <SequencePoint vc="1" uspid="55" ordinal="2" offset="15" sl="82" sc="9" el="82" ec="10" bec="0" bev="0" fileid="2" />
              </SequencePoints>
              <BranchPoints />
              <MethodPoint xsi:type="SequencePoint" vc="1" uspid="53" ordinal="0" offset="0" sl="80" sc="9" el="80" ec="10" bec="0" bev="0" fileid="2" />
            </Method>
            <Method visited="true" cyclomaticComplexity="1" nPathComplexity="0" sequenceCoverage="100" branchCoverage="100" crapScore="1" isConstructor="false" isStatic="false" isGetter="false" isSetter="false">
              <Summary numSequencePoints="3" visitedSequencePoints="3" numBranchPoints="1" visitedBranchPoints="1" sequenceCoverage="100" branchCoverage="100" maxCyclomaticComplexity="1" minCyclomaticComplexity="1" maxCrapScore="1" minCrapScore="1" visitedClasses="0" numClasses="0" visitedMethods="1" numMethods="1" />
              <MetadataToken>100663313</MetadataToken>
              <Name>System.Void Homework.Tests.MockGraphics::DrawEllipse(System.Double,System.Double,System.Double,System.Double)</Name>
              <FileRef uid="2" />
              <SequencePoints>
                <SequencePoint vc="2" uspid="56" ordinal="0" offset="0" sl="86" sc="9" el="86" ec="10" bec="0" bev="0" fileid="2" />
                <SequencePoint vc="2" uspid="57" ordinal="1" offset="1" sl="87" sc="13" el="87" ec="33" bec="0" bev="0" fileid="2" />
                <SequencePoint vc="2" uspid="58" ordinal="2" offset="15" sl="88" sc="9" el="88" ec="10" bec="0" bev="0" fileid="2" />
              </SequencePoints>
              <BranchPoints />
              <MethodPoint xsi:type="SequencePoint" vc="2" uspid="56" ordinal="0" offset="0" sl="86" sc="9" el="86" ec="10" bec="0" bev="0" fileid="2" />
            </Method>
            <Method visited="true" cyclomaticComplexity="1" nPathComplexity="0" sequenceCoverage="100" branchCoverage="100" crapScore="1" isConstructor="false" isStatic="false" isGetter="false" isSetter="false">
              <Summary numSequencePoints="3" visitedSequencePoints="3" numBranchPoints="1" visitedBranchPoints="1" sequenceCoverage="100" branchCoverage="100" maxCyclomaticComplexity="1" minCyclomaticComplexity="1" maxCrapScore="1" minCrapScore="1" visitedClasses="0" numClasses="0" visitedMethods="1" numMethods="1" />
              <MetadataToken>100663314</MetadataToken>
              <Name>System.Void Homework.Tests.MockGraphics::DrawHint(System.Double,System.Double,System.Double,System.Double)</Name>
              <FileRef uid="2" />
              <SequencePoints>
                <SequencePoint vc="1" uspid="59" ordinal="0" offset="0" sl="92" sc="9" el="92" ec="10" bec="0" bev="0" fileid="2" />
                <SequencePoint vc="1" uspid="60" ordinal="1" offset="1" sl="93" sc="13" el="93" ec="30" bec="0" bev="0" fileid="2" />
                <SequencePoint vc="1" uspid="61" ordinal="2" offset="15" sl="94" sc="9" el="94" ec="10" bec="0" bev="0" fileid="2" />
              </SequencePoints>
              <BranchPoints />
              <MethodPoint xsi:type="SequencePoint" vc="1" uspid="59" ordinal="0" offset="0" sl="92" sc="9" el="92" ec="10" bec="0" bev="0" fileid="2" />
            </Method>
            <Method visited="true" cyclomaticComplexity="1" nPathComplexity="0" sequenceCoverage="100" branchCoverage="100" crapScore="1" isConstructor="false" isStatic="false" isGetter="false" isSetter="false">
              <Summary numSequencePoints="3" visitedSequencePoints="3" numBranchPoints="1" visitedBranchPoints="1" sequenceCoverage="100" branchCoverage="100" maxCyclomaticComplexity="1" minCyclomaticComplexity="1" maxCrapScore="1" minCrapScore="1" visitedClasses="0" numClasses="0" visitedMethods="1" numMethods="1" />
              <MetadataToken>100663315</MetadataToken>
              <Name>System.Void Homework.Tests.MockGraphics::DrawHintCircle(System.Double,System.Double,System.Double,System.Double)</Name>
              <FileRef uid="2" />
              <SequencePoints>
                <SequencePoint vc="8" uspid="62" ordinal="0" offset="0" sl="98" sc="9" el="98" ec="10" bec="0" bev="0" fileid="2" />
                <SequencePoint vc="8" uspid="63" ordinal="1" offset="1" sl="99" sc="13" el="99" ec="36" bec="0" bev="0" fileid="2" />
                <SequencePoint vc="8" uspid="64" ordinal="2" offset="15" sl="100" sc="9" el="100" ec="10" bec="0" bev="0" fileid="2" />
              </SequencePoints>
              <BranchPoints />
              <MethodPoint xsi:type="SequencePoint" vc="8" uspid="62" ordinal="0" offset="0" sl="98" sc="9" el="98" ec="10" bec="0" bev="0" fileid="2" />
            </Method>
          </Methods>
        </Class>
        <Class>
          <Summary numSequencePoints="14" visitedSequencePoints="14" numBranchPoints="4" visitedBranchPoints="4" sequenceCoverage="100" branchCoverage="100" maxCyclomaticComplexity="1" minCyclomaticComplexity="1" maxCrapScore="2" minCrapScore="1" visitedClasses="1" numClasses="1" visitedMethods="4" numMethods="4" />
          <FullName>Homework.Tests.EllipseTests</FullName>
          <Methods>
            <Method visited="true" cyclomaticComplexity="1" nPathComplexity="0" sequenceCoverage="100" branchCoverage="100" crapScore="1" isConstructor="false" isStatic="false" isGetter="false" isSetter="false">
              <Summary numSequencePoints="4" visitedSequencePoints="4" numBranchPoints="1" visitedBranchPoints="1" sequenceCoverage="100" branchCoverage="100" maxCyclomaticComplexity="1" minCyclomaticComplexity="1" maxCrapScore="1" minCrapScore="1" visitedClasses="0" numClasses="0" visitedMethods="1" numMethods="1" />
              <MetadataToken>100663316</MetadataToken>
              <Name>System.Void Homework.Tests.EllipseTests::Setup()</Name>
              <FileRef uid="3" />
              <SequencePoints>
                <SequencePoint vc="3" uspid="65" ordinal="0" offset="0" sl="15" sc="9" el="15" ec="10" bec="0" bev="0" fileid="3" />
                <SequencePoint vc="3" uspid="66" ordinal="1" offset="1" sl="16" sc="13" el="16" ec="70" bec="0" bev="0" fileid="3" />
                <SequencePoint vc="3" uspid="67" ordinal="2" offset="58" sl="17" sc="13" el="17" ec="48" bec="0" bev="0" fileid="3" />
                <SequencePoint vc="3" uspid="68" ordinal="3" offset="69" sl="18" sc="9" el="18" ec="10" bec="0" bev="0" fileid="3" />
              </SequencePoints>
              <BranchPoints />
              <MethodPoint xsi:type="SequencePoint" vc="3" uspid="65" ordinal="0" offset="0" sl="15" sc="9" el="15" ec="10" bec="0" bev="0" fileid="3" />
            </Method>
            <Method visited="true" cyclomaticComplexity="1" nPathComplexity="0" sequenceCoverage="100" branchCoverage="100" crapScore="1" isConstructor="false" isStatic="false" isGetter="false" isSetter="false">
              <Summary numSequencePoints="4" visitedSequencePoints="4" numBranchPoints="1" visitedBranchPoints="1" sequenceCoverage="100" branchCoverage="100" maxCyclomaticComplexity="1" minCyclomaticComplexity="1" maxCrapScore="1" minCrapScore="1" visitedClasses="0" numClasses="0" visitedMethods="1" numMethods="1" />
              <MetadataToken>100663317</MetadataToken>
              <Name>System.Void Homework.Tests.EllipseTests::DrawTest()</Name>
              <FileRef uid="3" />
              <SequencePoints>
                <SequencePoint vc="1" uspid="69" ordinal="0" offset="0" sl="23" sc="9" el="23" ec="10" bec="0" bev="0" fileid="3" />
                <SequencePoint vc="1" uspid="70" ordinal="1" offset="1" sl="24" sc="13" el="24" ec="42" bec="0" bev="0" fileid="3" />
                <SequencePoint vc="1" uspid="71" ordinal="2" offset="19" sl="25" sc="13" el="25" ec="60" bec="0" bev="0" fileid="3" />
                <SequencePoint vc="1" uspid="72" ordinal="3" offset="37" sl="26" sc="9" el="26" ec="10" bec="0" bev="0" fileid="3" />
              </SequencePoints>
              <BranchPoints />
              <MethodPoint xsi:type="SequencePoint" vc="1" uspid="69" ordinal="0" offset="0" sl="23" sc="9" el="23" ec="10" bec="0" bev="0" fileid="3" />
            </Method>
            <Method visited="true" cyclomaticComplexity="1" nPathComplexity="0" sequenceCoverage="100" branchCoverage="100" crapScore="1" isConstructor="false" isStatic="false" isGetter="false" isSetter="false">
              <Summary numSequencePoints="3" visitedSequencePoints="3" numBranchPoints="1" visitedBranchPoints="1" sequenceCoverage="100" branchCoverage="100" maxCyclomaticComplexity="1" minCyclomaticComplexity="1" maxCrapScore="1" minCrapScore="1" visitedClasses="0" numClasses="0" visitedMethods="1" numMethods="1" />
              <MetadataToken>100663318</MetadataToken>
              <Name>System.Void Homework.Tests.EllipseTests::GetShapeNameTest()</Name>
              <FileRef uid="3" />
              <SequencePoints>
                <SequencePoint vc="1" uspid="73" ordinal="0" offset="0" sl="31" sc="9" el="31" ec="10" bec="0" bev="0" fileid="3" />
                <SequencePoint vc="1" uspid="74" ordinal="1" offset="1" sl="32" sc="13" el="32" ec="81" bec="0" bev="0" fileid="3" />
                <SequencePoint vc="1" uspid="75" ordinal="2" offset="23" sl="33" sc="9" el="33" ec="10" bec="0" bev="0" fileid="3" />
              </SequencePoints>
              <BranchPoints />
              <MethodPoint xsi:type="SequencePoint" vc="1" uspid="73" ordinal="0" offset="0" sl="31" sc="9" el="31" ec="10" bec="0" bev="0" fileid="3" />
            </Method>
            <Method visited="true" cyclomaticComplexity="1" nPathComplexity="0" sequenceCoverage="100" branchCoverage="100" crapScore="1" isConstructor="false" isStatic="false" isGetter="false" isSetter="false">
              <Summary numSequencePoints="3" visitedSequencePoints="3" numBranchPoints="1" visitedBranchPoints="1" sequenceCoverage="100" branchCoverage="100" maxCyclomaticComplexity="1" minCyclomaticComplexity="1" maxCrapScore="1" minCrapScore="1" visitedClasses="0" numClasses="0" visitedMethods="1" numMethods="1" />
              <MetadataToken>100663319</MetadataToken>
              <Name>System.Void Homework.Tests.EllipseTests::GetInfoTest()</Name>
              <FileRef uid="3" />
              <SequencePoints>
                <SequencePoint vc="1" uspid="76" ordinal="0" offset="0" sl="38" sc="9" el="38" ec="10" bec="0" bev="0" fileid="3" />
                <SequencePoint vc="1" uspid="77" ordinal="1" offset="1" sl="39" sc="13" el="39" ec="67" bec="0" bev="0" fileid="3" />
                <SequencePoint vc="1" uspid="78" ordinal="2" offset="23" sl="40" sc="9" el="40" ec="10" bec="0" bev="0" fileid="3" />
              </SequencePoints>
              <BranchPoints />
              <MethodPoint xsi:type="SequencePoint" vc="1" uspid="76" ordinal="0" offset="0" sl="38" sc="9" el="38" ec="10" bec="0" bev="0" fileid="3" />
            </Method>
            <Method visited="false" cyclomaticComplexity="1" nPathComplexity="0" sequenceCoverage="0" branchCoverage="0" crapScore="2" isConstructor="true" isStatic="false" isGetter="false" isSetter="false">
              <Summary numSequencePoints="0" visitedSequencePoints="0" numBranchPoints="0" visitedBranchPoints="0" sequenceCoverage="0" branchCoverage="0" maxCyclomaticComplexity="1" minCyclomaticComplexity="1" maxCrapScore="2" minCrapScore="2" visitedClasses="0" numClasses="0" visitedMethods="0" numMethods="0" />
              <MetadataToken>100663320</MetadataToken>
              <Name>System.Void Homework.Tests.EllipseTests::.ctor()</Name>
              <SequencePoints />
              <BranchPoints />
              <MethodPoint vc="0" uspid="79" ordinal="0" offset="0" />
            </Method>
          </Methods>
        </Class>
        <Class>
          <Summary numSequencePoints="14" visitedSequencePoints="14" numBranchPoints="4" visitedBranchPoints="4" sequenceCoverage="100" branchCoverage="100" maxCyclomaticComplexity="1" minCyclomaticComplexity="1" maxCrapScore="2" minCrapScore="1" visitedClasses="1" numClasses="1" visitedMethods="4" numMethods="4" />
          <FullName>Homework.Tests.RectangleTests</FullName>
          <Methods>
            <Method visited="true" cyclomaticComplexity="1" nPathComplexity="0" sequenceCoverage="100" branchCoverage="100" crapScore="1" isConstructor="false" isStatic="false" isGetter="false" isSetter="false">
              <Summary numSequencePoints="4" visitedSequencePoints="4" numBranchPoints="1" visitedBranchPoints="1" sequenceCoverage="100" branchCoverage="100" maxCyclomaticComplexity="1" minCyclomaticComplexity="1" maxCrapScore="1" minCrapScore="1" visitedClasses="0" numClasses="0" visitedMethods="1" numMethods="1" />
              <MetadataToken>100663321</MetadataToken>
              <Name>System.Void Homework.Tests.RectangleTests::Setup()</Name>
              <FileRef uid="4" />
              <SequencePoints>
                <SequencePoint vc="3" uspid="80" ordinal="0" offset="0" sl="15" sc="9" el="15" ec="10" bec="0" bev="0" fileid="4" />
                <SequencePoint vc="3" uspid="81" ordinal="1" offset="1" sl="16" sc="13" el="16" ec="74" bec="0" bev="0" fileid="4" />
                <SequencePoint vc="3" uspid="82" ordinal="2" offset="58" sl="17" sc="13" el="17" ec="48" bec="0" bev="0" fileid="4" />
                <SequencePoint vc="3" uspid="83" ordinal="3" offset="69" sl="18" sc="9" el="18" ec="10" bec="0" bev="0" fileid="4" />
              </SequencePoints>
              <BranchPoints />
              <MethodPoint xsi:type="SequencePoint" vc="3" uspid="80" ordinal="0" offset="0" sl="15" sc="9" el="15" ec="10" bec="0" bev="0" fileid="4" />
            </Method>
            <Method visited="true" cyclomaticComplexity="1" nPathComplexity="0" sequenceCoverage="100" branchCoverage="100" crapScore="1" isConstructor="false" isStatic="false" isGetter="false" isSetter="false">
              <Summary numSequencePoints="4" visitedSequencePoints="4" numBranchPoints="1" visitedBranchPoints="1" sequenceCoverage="100" branchCoverage="100" maxCyclomaticComplexity="1" minCyclomaticComplexity="1" maxCrapScore="1" minCrapScore="1" visitedClasses="0" numClasses="0" visitedMethods="1" numMethods="1" />
              <MetadataToken>100663322</MetadataToken>
              <Name>System.Void Homework.Tests.RectangleTests::DrawTest()</Name>
              <FileRef uid="4" />
              <SequencePoints>
                <SequencePoint vc="1" uspid="84" ordinal="0" offset="0" sl="23" sc="9" el="23" ec="10" bec="0" bev="0" fileid="4" />
                <SequencePoint vc="1" uspid="85" ordinal="1" offset="1" sl="24" sc="13" el="24" ec="44" bec="0" bev="0" fileid="4" />
                <SequencePoint vc="1" uspid="86" ordinal="2" offset="19" sl="25" sc="13" el="25" ec="62" bec="0" bev="0" fileid="4" />
                <SequencePoint vc="1" uspid="87" ordinal="3" offset="37" sl="26" sc="9" el="26" ec="10" bec="0" bev="0" fileid="4" />
              </SequencePoints>
              <BranchPoints />
              <MethodPoint xsi:type="SequencePoint" vc="1" uspid="84" ordinal="0" offset="0" sl="23" sc="9" el="23" ec="10" bec="0" bev="0" fileid="4" />
            </Method>
            <Method visited="true" cyclomaticComplexity="1" nPathComplexity="0" sequenceCoverage="100" branchCoverage="100" crapScore="1" isConstructor="false" isStatic="false" isGetter="false" isSetter="false">
              <Summary numSequencePoints="3" visitedSequencePoints="3" numBranchPoints="1" visitedBranchPoints="1" sequenceCoverage="100" branchCoverage="100" maxCyclomaticComplexity="1" minCyclomaticComplexity="1" maxCrapScore="1" minCrapScore="1" visitedClasses="0" numClasses="0" visitedMethods="1" numMethods="1" />
              <MetadataToken>100663323</MetadataToken>
              <Name>System.Void Homework.Tests.RectangleTests::GetShapeNameTest()</Name>
              <FileRef uid="4" />
              <SequencePoints>
                <SequencePoint vc="1" uspid="88" ordinal="0" offset="0" sl="31" sc="9" el="31" ec="10" bec="0" bev="0" fileid="4" />
                <SequencePoint vc="1" uspid="89" ordinal="1" offset="1" sl="32" sc="13" el="32" ec="85" bec="0" bev="0" fileid="4" />
                <SequencePoint vc="1" uspid="90" ordinal="2" offset="23" sl="33" sc="9" el="33" ec="10" bec="0" bev="0" fileid="4" />
              </SequencePoints>
              <BranchPoints />
              <MethodPoint xsi:type="SequencePoint" vc="1" uspid="88" ordinal="0" offset="0" sl="31" sc="9" el="31" ec="10" bec="0" bev="0" fileid="4" />
            </Method>
            <Method visited="true" cyclomaticComplexity="1" nPathComplexity="0" sequenceCoverage="100" branchCoverage="100" crapScore="1" isConstructor="false" isStatic="false" isGetter="false" isSetter="false">
              <Summary numSequencePoints="3" visitedSequencePoints="3" numBranchPoints="1" visitedBranchPoints="1" sequenceCoverage="100" branchCoverage="100" maxCyclomaticComplexity="1" minCyclomaticComplexity="1" maxCrapScore="1" minCrapScore="1" visitedClasses="0" numClasses="0" visitedMethods="1" numMethods="1" />
              <MetadataToken>100663324</MetadataToken>
              <Name>System.Void Homework.Tests.RectangleTests::GetInfoTest()</Name>
              <FileRef uid="4" />
              <SequencePoints>
                <SequencePoint vc="1" uspid="91" ordinal="0" offset="0" sl="38" sc="9" el="38" ec="10" bec="0" bev="0" fileid="4" />
                <SequencePoint vc="1" uspid="92" ordinal="1" offset="1" sl="39" sc="13" el="39" ec="69" bec="0" bev="0" fileid="4" />
                <SequencePoint vc="1" uspid="93" ordinal="2" offset="23" sl="40" sc="9" el="40" ec="10" bec="0" bev="0" fileid="4" />
              </SequencePoints>
              <BranchPoints />
              <MethodPoint xsi:type="SequencePoint" vc="1" uspid="91" ordinal="0" offset="0" sl="38" sc="9" el="38" ec="10" bec="0" bev="0" fileid="4" />
            </Method>
            <Method visited="false" cyclomaticComplexity="1" nPathComplexity="0" sequenceCoverage="0" branchCoverage="0" crapScore="2" isConstructor="true" isStatic="false" isGetter="false" isSetter="false">
              <Summary numSequencePoints="0" visitedSequencePoints="0" numBranchPoints="0" visitedBranchPoints="0" sequenceCoverage="0" branchCoverage="0" maxCyclomaticComplexity="1" minCyclomaticComplexity="1" maxCrapScore="2" minCrapScore="2" visitedClasses="0" numClasses="0" visitedMethods="0" numMethods="0" />
              <MetadataToken>100663325</MetadataToken>
              <Name>System.Void Homework.Tests.RectangleTests::.ctor()</Name>
              <SequencePoints />
              <BranchPoints />
              <MethodPoint vc="0" uspid="94" ordinal="0" offset="0" />
            </Method>
          </Methods>
        </Class>
        <Class>
          <Summary numSequencePoints="61" visitedSequencePoints="61" numBranchPoints="10" visitedBranchPoints="10" sequenceCoverage="100" branchCoverage="100" maxCyclomaticComplexity="1" minCyclomaticComplexity="1" maxCrapScore="2" minCrapScore="1" visitedClasses="1" numClasses="1" visitedMethods="10" numMethods="10" />
          <FullName>Homework.Tests.ShapeTests</FullName>
          <Methods>
            <Method visited="true" cyclomaticComplexity="1" nPathComplexity="0" sequenceCoverage="100" branchCoverage="100" crapScore="1" isConstructor="false" isStatic="false" isGetter="false" isSetter="false">
              <Summary numSequencePoints="5" visitedSequencePoints="5" numBranchPoints="1" visitedBranchPoints="1" sequenceCoverage="100" branchCoverage="100" maxCyclomaticComplexity="1" minCyclomaticComplexity="1" maxCrapScore="1" minCrapScore="1" visitedClasses="0" numClasses="0" visitedMethods="1" numMethods="1" />
              <MetadataToken>100663326</MetadataToken>
              <Name>System.Void Homework.Tests.ShapeTests::Setup()</Name>
              <FileRef uid="5" />
              <SequencePoints>
                <SequencePoint vc="7" uspid="95" ordinal="0" offset="0" sl="17" sc="9" el="17" ec="10" bec="0" bev="0" fileid="5" />
                <SequencePoint vc="7" uspid="96" ordinal="1" offset="1" sl="18" sc="13" el="18" ec="71" bec="0" bev="0" fileid="5" />
                <SequencePoint vc="7" uspid="97" ordinal="2" offset="58" sl="19" sc="13" el="19" ec="68" bec="0" bev="0" fileid="5" />
                <SequencePoint vc="7" uspid="98" ordinal="3" offset="115" sl="20" sc="13" el="20" ec="48" bec="0" bev="0" fileid="5" />
                <SequencePoint vc="7" uspid="99" ordinal="4" offset="126" sl="21" sc="9" el="21" ec="10" bec="0" bev="0" fileid="5" />
              </SequencePoints>
              <BranchPoints />
              <MethodPoint xsi:type="SequencePoint" vc="7" uspid="95" ordinal="0" offset="0" sl="17" sc="9" el="17" ec="10" bec="0" bev="0" fileid="5" />
            </Method>
            <Method visited="true" cyclomaticComplexity="1" nPathComplexity="0" sequenceCoverage="100" branchCoverage="100" crapScore="1" isConstructor="false" isStatic="false" isGetter="false" isSetter="false">
              <Summary numSequencePoints="5" visitedSequencePoints="5" numBranchPoints="1" visitedBranchPoints="1" sequenceCoverage="100" branchCoverage="100" maxCyclomaticComplexity="1" minCyclomaticComplexity="1" maxCrapScore="1" minCrapScore="1" visitedClasses="0" numClasses="0" visitedMethods="1" numMethods="1" />
              <MetadataToken>100663327</MetadataToken>
              <Name>System.Void Homework.Tests.ShapeTests::GetShapeNameTest()</Name>
              <FileRef uid="5" />
              <SequencePoints>
                <SequencePoint vc="1" uspid="100" ordinal="0" offset="0" sl="26" sc="9" el="26" ec="10" bec="0" bev="0" fileid="5" />
                <SequencePoint vc="1" uspid="101" ordinal="1" offset="1" sl="27" sc="13" el="27" ec="71" bec="0" bev="0" fileid="5" />
                <SequencePoint vc="1" uspid="102" ordinal="2" offset="23" sl="28" sc="13" el="28" ec="74" bec="0" bev="0" fileid="5" />
                <SequencePoint vc="1" uspid="103" ordinal="3" offset="45" sl="29" sc="13" el="29" ec="79" bec="0" bev="0" fileid="5" />
                <SequencePoint vc="1" uspid="104" ordinal="4" offset="67" sl="30" sc="9" el="30" ec="10" bec="0" bev="0" fileid="5" />
              </SequencePoints>
              <BranchPoints />
              <MethodPoint xsi:type="SequencePoint" vc="1" uspid="100" ordinal="0" offset="0" sl="26" sc="9" el="26" ec="10" bec="0" bev="0" fileid="5" />
            </Method>
            <Method visited="true" cyclomaticComplexity="1" nPathComplexity="0" sequenceCoverage="100" branchCoverage="100" crapScore="1" isConstructor="false" isStatic="false" isGetter="false" isSetter="false">
              <Summary numSequencePoints="5" visitedSequencePoints="5" numBranchPoints="1" visitedBranchPoints="1" sequenceCoverage="100" branchCoverage="100" maxCyclomaticComplexity="1" minCyclomaticComplexity="1" maxCrapScore="1" minCrapScore="1" visitedClasses="0" numClasses="0" visitedMethods="1" numMethods="1" />
              <MetadataToken>100663328</MetadataToken>
              <Name>System.Void Homework.Tests.ShapeTests::GetInfoTest()</Name>
              <FileRef uid="5" />
              <SequencePoints>
                <SequencePoint vc="1" uspid="105" ordinal="0" offset="0" sl="35" sc="9" el="35" ec="10" bec="0" bev="0" fileid="5" />
                <SequencePoint vc="1" uspid="106" ordinal="1" offset="1" sl="36" sc="13" el="36" ec="90" bec="0" bev="0" fileid="5" />
                <SequencePoint vc="1" uspid="107" ordinal="2" offset="19" sl="37" sc="13" el="37" ec="60" bec="0" bev="0" fileid="5" />
                <SequencePoint vc="1" uspid="108" ordinal="3" offset="41" sl="38" sc="13" el="38" ec="65" bec="0" bev="0" fileid="5" />
                <SequencePoint vc="1" uspid="109" ordinal="4" offset="63" sl="39" sc="9" el="39" ec="10" bec="0" bev="0" fileid="5" />
              </SequencePoints>
              <BranchPoints />
              <MethodPoint xsi:type="SequencePoint" vc="1" uspid="105" ordinal="0" offset="0" sl="35" sc="9" el="35" ec="10" bec="0" bev="0" fileid="5" />
            </Method>
            <Method visited="true" cyclomaticComplexity="1" nPathComplexity="0" sequenceCoverage="100" branchCoverage="100" crapScore="1" isConstructor="false" isStatic="false" isGetter="false" isSetter="false">
              <Summary numSequencePoints="5" visitedSequencePoints="5" numBranchPoints="1" visitedBranchPoints="1" sequenceCoverage="100" branchCoverage="100" maxCyclomaticComplexity="1" minCyclomaticComplexity="1" maxCrapScore="1" minCrapScore="1" visitedClasses="0" numClasses="0" visitedMethods="1" numMethods="1" />
              <MetadataToken>100663329</MetadataToken>
              <Name>System.Void Homework.Tests.ShapeTests::DrawTest()</Name>
              <FileRef uid="5" />
              <SequencePoints>
                <SequencePoint vc="1" uspid="110" ordinal="0" offset="0" sl="44" sc="9" el="44" ec="10" bec="0" bev="0" fileid="5" />
                <SequencePoint vc="1" uspid="111" ordinal="1" offset="1" sl="45" sc="13" el="45" ec="100" bec="0" bev="0" fileid="5" />
                <SequencePoint vc="1" uspid="112" ordinal="2" offset="19" sl="46" sc="13" el="46" ec="40" bec="0" bev="0" fileid="5" />
                <SequencePoint vc="1" uspid="113" ordinal="3" offset="37" sl="47" sc="13" el="47" ec="60" bec="0" bev="0" fileid="5" />
                <SequencePoint vc="1" uspid="114" ordinal="4" offset="55" sl="48" sc="9" el="48" ec="10" bec="0" bev="0" fileid="5" />
              </SequencePoints>
              <BranchPoints />
              <MethodPoint xsi:type="SequencePoint" vc="1" uspid="110" ordinal="0" offset="0" sl="44" sc="9" el="44" ec="10" bec="0" bev="0" fileid="5" />
            </Method>
            <Method visited="true" cyclomaticComplexity="1" nPathComplexity="0" sequenceCoverage="100" branchCoverage="100" crapScore="1" isConstructor="false" isStatic="false" isGetter="false" isSetter="false">
              <Summary numSequencePoints="8" visitedSequencePoints="8" numBranchPoints="1" visitedBranchPoints="1" sequenceCoverage="100" branchCoverage="100" maxCyclomaticComplexity="1" minCyclomaticComplexity="1" maxCrapScore="1" minCrapScore="1" visitedClasses="0" numClasses="0" visitedMethods="1" numMethods="1" />
              <MetadataToken>100663330</MetadataToken>
              <Name>System.Void Homework.Tests.ShapeTests::ResetPointTest()</Name>
              <FileRef uid="5" />
              <SequencePoints>
                <SequencePoint vc="1" uspid="115" ordinal="0" offset="0" sl="53" sc="9" el="53" ec="10" bec="0" bev="0" fileid="5" />
                <SequencePoint vc="1" uspid="116" ordinal="1" offset="1" sl="54" sc="13" el="54" ec="44" bec="0" bev="0" fileid="5" />
                <SequencePoint vc="1" uspid="117" ordinal="2" offset="25" sl="55" sc="13" el="55" ec="44" bec="0" bev="0" fileid="5" />
                <SequencePoint vc="1" uspid="118" ordinal="3" offset="49" sl="56" sc="13" el="56" ec="36" bec="0" bev="0" fileid="5" />
                <SequencePoint vc="1" uspid="119" ordinal="4" offset="62" sl="57" sc="13" el="57" ec="36" bec="0" bev="0" fileid="5" />
                <SequencePoint vc="1" uspid="120" ordinal="5" offset="75" sl="58" sc="13" el="58" ec="33" bec="0" bev="0" fileid="5" />
                <SequencePoint vc="1" uspid="121" ordinal="6" offset="87" sl="59" sc="13" el="59" ec="65" bec="0" bev="0" fileid="5" />
                <SequencePoint vc="1" uspid="122" ordinal="7" offset="109" sl="60" sc="9" el="60" ec="10" bec="0" bev="0" fileid="5" />
              </SequencePoints>
              <BranchPoints />
              <MethodPoint xsi:type="SequencePoint" vc="1" uspid="115" ordinal="0" offset="0" sl="53" sc="9" el="53" ec="10" bec="0" bev="0" fileid="5" />
            </Method>
            <Method visited="true" cyclomaticComplexity="1" nPathComplexity="0" sequenceCoverage="100" branchCoverage="100" crapScore="1" isConstructor="false" isStatic="false" isGetter="false" isSetter="false">
              <Summary numSequencePoints="13" visitedSequencePoints="13" numBranchPoints="1" visitedBranchPoints="1" sequenceCoverage="100" branchCoverage="100" maxCyclomaticComplexity="1" minCyclomaticComplexity="1" maxCrapScore="1" minCrapScore="1" visitedClasses="0" numClasses="0" visitedMethods="1" numMethods="1" />
              <MetadataToken>100663331</MetadataToken>
              <Name>System.Void Homework.Tests.ShapeTests::MoveTest()</Name>
              <FileRef uid="5" />
              <SequencePoints>
                <SequencePoint vc="1" uspid="123" ordinal="0" offset="0" sl="65" sc="9" el="65" ec="10" bec="0" bev="0" fileid="5" />
                <SequencePoint vc="1" uspid="124" ordinal="1" offset="1" sl="66" sc="13" el="66" ec="44" bec="0" bev="0" fileid="5" />
                <SequencePoint vc="1" uspid="125" ordinal="2" offset="25" sl="67" sc="13" el="67" ec="44" bec="0" bev="0" fileid="5" />
                <SequencePoint vc="1" uspid="126" ordinal="3" offset="49" sl="68" sc="13" el="68" ec="45" bec="0" bev="0" fileid="5" />
                <SequencePoint vc="1" uspid="127" ordinal="4" offset="84" sl="69" sc="13" el="69" ec="45" bec="0" bev="0" fileid="5" />
                <SequencePoint vc="1" uspid="128" ordinal="5" offset="119" sl="70" sc="13" el="70" ec="34" bec="0" bev="0" fileid="5" />
                <SequencePoint vc="1" uspid="129" ordinal="6" offset="129" sl="71" sc="13" el="71" ec="34" bec="0" bev="0" fileid="5" />
                <SequencePoint vc="1" uspid="130" ordinal="7" offset="139" sl="73" sc="13" el="73" ec="43" bec="0" bev="0" fileid="5" />
                <SequencePoint vc="1" uspid="131" ordinal="8" offset="153" sl="75" sc="13" el="75" ec="66" bec="0" bev="0" fileid="5" />
                <SequencePoint vc="1" uspid="132" ordinal="9" offset="183" sl="76" sc="13" el="76" ec="66" bec="0" bev="0" fileid="5" />
                <SequencePoint vc="1" uspid="133" ordinal="10" offset="213" sl="77" sc="13" el="77" ec="66" bec="0" bev="0" fileid="5" />
                <SequencePoint vc="1" uspid="134" ordinal="11" offset="243" sl="78" sc="13" el="78" ec="66" bec="0" bev="0" fileid="5" />
                <SequencePoint vc="1" uspid="135" ordinal="12" offset="273" sl="79" sc="9" el="79" ec="10" bec="0" bev="0" fileid="5" />
              </SequencePoints>
              <BranchPoints />
              <MethodPoint xsi:type="SequencePoint" vc="1" uspid="123" ordinal="0" offset="0" sl="65" sc="9" el="65" ec="10" bec="0" bev="0" fileid="5" />
            </Method>
            <Method visited="true" cyclomaticComplexity="1" nPathComplexity="0" sequenceCoverage="100" branchCoverage="100" crapScore="1" isConstructor="false" isStatic="false" isGetter="false" isSetter="false">
              <Summary numSequencePoints="13" visitedSequencePoints="13" numBranchPoints="1" visitedBranchPoints="1" sequenceCoverage="100" branchCoverage="100" maxCyclomaticComplexity="1" minCyclomaticComplexity="1" maxCrapScore="1" minCrapScore="1" visitedClasses="0" numClasses="0" visitedMethods="1" numMethods="1" />
              <MetadataToken>100663332</MetadataToken>
              <Name>System.Void Homework.Tests.ShapeTests::CheckSelectTest()</Name>
              <FileRef uid="5" />
              <SequencePoints>
                <SequencePoint vc="1" uspid="136" ordinal="0" offset="0" sl="84" sc="9" el="84" ec="10" bec="0" bev="0" fileid="5" />
                <SequencePoint vc="1" uspid="137" ordinal="1" offset="1" sl="85" sc="13" el="85" ec="44" bec="0" bev="0" fileid="5" />
                <SequencePoint vc="1" uspid="138" ordinal="2" offset="25" sl="86" sc="13" el="86" ec="44" bec="0" bev="0" fileid="5" />
                <SequencePoint vc="1" uspid="139" ordinal="3" offset="49" sl="87" sc="13" el="87" ec="36" bec="0" bev="0" fileid="5" />
                <SequencePoint vc="1" uspid="140" ordinal="4" offset="62" sl="88" sc="13" el="88" ec="36" bec="0" bev="0" fileid="5" />
                <SequencePoint vc="1" uspid="141" ordinal="5" offset="75" sl="90" sc="13" el="90" ec="57" bec="0" bev="0" fileid="5" />
                <SequencePoint vc="1" uspid="142" ordinal="6" offset="110" sl="91" sc="13" el="91" ec="58" bec="0" bev="0" fileid="5" />
                <SequencePoint vc="1" uspid="143" ordinal="7" offset="145" sl="92" sc="13" el="92" ec="60" bec="0" bev="0" fileid="5" />
                <SequencePoint vc="1" uspid="144" ordinal="8" offset="180" sl="94" sc="13" el="94" ec="38" bec="0" bev="0" fileid="5" />
                <SequencePoint vc="1" uspid="145" ordinal="9" offset="193" sl="95" sc="13" el="95" ec="46" bec="0" bev="0" fileid="5" />
                <SequencePoint vc="1" uspid="146" ordinal="10" offset="210" sl="96" sc="13" el="96" ec="39" bec="0" bev="0" fileid="5" />
                <SequencePoint vc="1" uspid="147" ordinal="11" offset="223" sl="97" sc="13" el="97" ec="47" bec="0" bev="0" fileid="5" />
                <SequencePoint vc="1" uspid="148" ordinal="12" offset="240" sl="98" sc="9" el="98" ec="10" bec="0" bev="0" fileid="5" />
              </SequencePoints>
              <BranchPoints />
              <MethodPoint xsi:type="SequencePoint" vc="1" uspid="136" ordinal="0" offset="0" sl="84" sc="9" el="84" ec="10" bec="0" bev="0" fileid="5" />
            </Method>
            <Method visited="true" cyclomaticComplexity="1" nPathComplexity="0" sequenceCoverage="100" branchCoverage="100" crapScore="1" isConstructor="false" isStatic="false" isGetter="false" isSetter="false">
              <Summary numSequencePoints="5" visitedSequencePoints="5" numBranchPoints="1" visitedBranchPoints="1" sequenceCoverage="100" branchCoverage="100" maxCyclomaticComplexity="1" minCyclomaticComplexity="1" maxCrapScore="1" minCrapScore="1" visitedClasses="0" numClasses="0" visitedMethods="1" numMethods="1" />
              <MetadataToken>100663333</MetadataToken>
              <Name>System.Void Homework.Tests.ShapeTests::DrawHintTest()</Name>
              <FileRef uid="5" />
              <SequencePoints>
                <SequencePoint vc="1" uspid="149" ordinal="0" offset="0" sl="103" sc="9" el="103" ec="10" bec="0" bev="0" fileid="5" />
                <SequencePoint vc="1" uspid="150" ordinal="1" offset="1" sl="104" sc="13" el="104" ec="44" bec="0" bev="0" fileid="5" />
                <SequencePoint vc="1" uspid="151" ordinal="2" offset="19" sl="105" sc="13" el="105" ec="57" bec="0" bev="0" fileid="5" />
                <SequencePoint vc="1" uspid="152" ordinal="3" offset="37" sl="106" sc="13" el="106" ec="63" bec="0" bev="0" fileid="5" />
                <SequencePoint vc="1" uspid="153" ordinal="4" offset="55" sl="107" sc="9" el="107" ec="10" bec="0" bev="0" fileid="5" />
              </SequencePoints>
              <BranchPoints />
              <MethodPoint xsi:type="SequencePoint" vc="1" uspid="149" ordinal="0" offset="0" sl="103" sc="9" el="103" ec="10" bec="0" bev="0" fileid="5" />
            </Method>
            <Method visited="false" cyclomaticComplexity="1" nPathComplexity="0" sequenceCoverage="0" branchCoverage="0" crapScore="2" isConstructor="true" isStatic="false" isGetter="false" isSetter="false">
              <Summary numSequencePoints="0" visitedSequencePoints="0" numBranchPoints="0" visitedBranchPoints="0" sequenceCoverage="0" branchCoverage="0" maxCyclomaticComplexity="1" minCyclomaticComplexity="1" maxCrapScore="2" minCrapScore="2" visitedClasses="0" numClasses="0" visitedMethods="0" numMethods="0" />
              <MetadataToken>100663334</MetadataToken>
              <Name>System.Void Homework.Tests.ShapeTests::.ctor()</Name>
              <SequencePoints />
              <BranchPoints />
              <MethodPoint vc="0" uspid="154" ordinal="0" offset="0" />
            </Method>
            <Method visited="true" cyclomaticComplexity="1" nPathComplexity="0" sequenceCoverage="100" branchCoverage="100" crapScore="1" isConstructor="false" isStatic="false" isGetter="false" isSetter="false">
              <Summary numSequencePoints="1" visitedSequencePoints="1" numBranchPoints="1" visitedBranchPoints="1" sequenceCoverage="100" branchCoverage="100" maxCyclomaticComplexity="1" minCyclomaticComplexity="1" maxCrapScore="1" minCrapScore="1" visitedClasses="0" numClasses="0" visitedMethods="1" numMethods="1" />
              <MetadataToken>100663335</MetadataToken>
              <Name>System.Object Homework.Tests.ShapeTests::&lt;GetInfoTest&gt;b__5_0()</Name>
              <FileRef uid="5" />
              <SequencePoints>
                <SequencePoint vc="1" uspid="155" ordinal="0" offset="0" sl="36" sc="67" el="36" ec="88" bec="0" bev="0" fileid="5" />
              </SequencePoints>
              <BranchPoints />
              <MethodPoint xsi:type="SequencePoint" vc="1" uspid="155" ordinal="0" offset="0" sl="36" sc="67" el="36" ec="88" bec="0" bev="0" fileid="5" />
            </Method>
            <Method visited="true" cyclomaticComplexity="1" nPathComplexity="0" sequenceCoverage="100" branchCoverage="100" crapScore="1" isConstructor="false" isStatic="false" isGetter="false" isSetter="false">
              <Summary numSequencePoints="1" visitedSequencePoints="1" numBranchPoints="1" visitedBranchPoints="1" sequenceCoverage="100" branchCoverage="100" maxCyclomaticComplexity="1" minCyclomaticComplexity="1" maxCrapScore="1" minCrapScore="1" visitedClasses="0" numClasses="0" visitedMethods="1" numMethods="1" />
              <MetadataToken>100663336</MetadataToken>
              <Name>System.Void Homework.Tests.ShapeTests::&lt;DrawTest&gt;b__6_0()</Name>
              <FileRef uid="5" />
              <SequencePoints>
                <SequencePoint vc="1" uspid="156" ordinal="0" offset="0" sl="45" sc="67" el="45" ec="98" bec="0" bev="0" fileid="5" />
              </SequencePoints>
              <BranchPoints />
              <MethodPoint xsi:type="SequencePoint" vc="1" uspid="156" ordinal="0" offset="0" sl="45" sc="67" el="45" ec="98" bec="0" bev="0" fileid="5" />
            </Method>
          </Methods>
        </Class>
      </Classes>
    </Module>
    <Module hash="06-C4-94-FA-04-78-4F-60-32-84-55-82-AF-B0-ED-B4-5E-1D-FD-8F">
      <Summary numSequencePoints="828" visitedSequencePoints="142" numBranchPoints="234" visitedBranchPoints="41" sequenceCoverage="17.15" branchCoverage="17.52" maxCyclomaticComplexity="5" minCyclomaticComplexity="0" maxCrapScore="30" minCrapScore="0" visitedClasses="5" numClasses="16" visitedMethods="35" numMethods="132" />
      <ModulePath>C:\Users\user\Desktop\window\HW\110590034\Homework\HomeworkTests\bin\Debug\fine-code-coverage\build-output\Homework.exe</ModulePath>
      <ModuleTime>2023-11-25T16:44:45.8872935Z</ModuleTime>
      <ModuleName>Homework</ModuleName>
      <Files>
        <File uid="11" fullPath="C:\Users\user\Desktop\window\HW\110590034\Homework\Homework\PresentationModel\FormPresentationModel.cs" />
        <File uid="12" fullPath="C:\Users\user\Desktop\window\HW\110590034\Homework\Homework\PresentationModel\FormGraphicsAdaptor.cs" />
        <File uid="13" fullPath="C:\Users\user\Desktop\window\HW\110590034\Homework\Homework\ToolStripBindingButton.cs" />
        <File uid="14" fullPath="C:\Users\user\Desktop\window\HW\110590034\Homework\Homework\DoubleBufferedPanel.cs" />
        <File uid="15" fullPath="C:\Users\user\Desktop\window\HW\110590034\Homework\Homework\Form1.Designer.cs" />
        <File uid="16" fullPath="C:\Users\user\Desktop\window\HW\110590034\Homework\Homework\Form1.cs" />
        <File uid="17" fullPath="C:\Users\user\Desktop\window\HW\110590034\Homework\Homework\Program.cs" />
        <File uid="18" fullPath="C:\Users\user\Desktop\window\HW\110590034\Homework\Homework\Model\PointState.cs" />
        <File uid="19" fullPath="C:\Users\user\Desktop\window\HW\110590034\Homework\Homework\Model\DrawingState.cs" />
        <File uid="20" fullPath="C:\Users\user\Desktop\window\HW\110590034\Homework\Homework\Model\Ellipse.cs" />
        <File uid="21" fullPath="C:\Users\user\Desktop\window\HW\110590034\Homework\Homework\Model\Point.cs" />
        <File uid="22" fullPath="C:\Users\user\Desktop\window\HW\110590034\Homework\Homework\Model\Shapes.cs" />
        <File uid="23" fullPath="C:\Users\user\Desktop\window\HW\110590034\Homework\Homework\Model\ShapeFactory.cs" />
        <File uid="24" fullPath="C:\Users\user\Desktop\window\HW\110590034\Homework\Homework\Model\Line.cs" />
        <File uid="25" fullPath="C:\Users\user\Desktop\window\HW\110590034\Homework\Homework\Model\Rectangle.cs" />
        <File uid="26" fullPath="C:\Users\user\Desktop\window\HW\110590034\Homework\Homework\Model\Shape.cs" />
        <File uid="27" fullPath="C:\Users\user\Desktop\window\HW\110590034\Homework\Homework\Model\Model.cs" />
      </Files>
      <Classes>
        <Class>
          <Summary numSequencePoints="123" visitedSequencePoints="0" numBranchPoints="41" visitedBranchPoints="0" sequenceCoverage="0" branchCoverage="0" maxCyclomaticComplexity="4" minCyclomaticComplexity="1" maxCrapScore="20" minCrapScore="2" visitedClasses="0" numClasses="1" visitedMethods="0" numMethods="27" />
          <FullName>Homework.PresentationModel.FormPresentationModel</FullName>
          <Methods>
            <Method visited="false" cyclomaticComplexity="1" nPathComplexity="0" sequenceCoverage="0" branchCoverage="0" crapScore="2" isConstructor="false" isStatic="false" isGetter="true" isSetter="false">
              <Summary numSequencePoints="3" visitedSequencePoints="0" numBranchPoints="1" visitedBranchPoints="0" sequenceCoverage="0" branchCoverage="0" maxCyclomaticComplexity="1" minCyclomaticComplexity="1" maxCrapScore="2" minCrapScore="2" visitedClasses="0" numClasses="0" visitedMethods="0" numMethods="1" />
              <MetadataToken>100663330</MetadataToken>
              <Name>System.Boolean Homework.PresentationModel.FormPresentationModel::get_IsLineEnabled()</Name>
              <FileRef uid="11" />
              <SequencePoints>
                <SequencePoint vc="0" uspid="157" ordinal="0" offset="0" sl="173" sc="13" el="173" ec="14" bec="0" bev="0" fileid="11" />
                <SequencePoint vc="0" uspid="158" ordinal="1" offset="1" sl="174" sc="17" el="174" ec="39" bec="0" bev="0" fileid="11" />
                <SequencePoint vc="0" uspid="159" ordinal="2" offset="10" sl="175" sc="13" el="175" ec="14" bec="0" bev="0" fileid="11" />
              </SequencePoints>
              <BranchPoints />
              <MethodPoint xsi:type="SequencePoint" vc="0" uspid="157" ordinal="0" offset="0" sl="173" sc="13" el="173" ec="14" bec="0" bev="0" fileid="11" />
            </Method>
            <Method visited="false" cyclomaticComplexity="1" nPathComplexity="0" sequenceCoverage="0" branchCoverage="0" crapScore="2" isConstructor="false" isStatic="false" isGetter="false" isSetter="true">
              <Summary numSequencePoints="4" visitedSequencePoints="0" numBranchPoints="1" visitedBranchPoints="0" sequenceCoverage="0" branchCoverage="0" maxCyclomaticComplexity="1" minCyclomaticComplexity="1" maxCrapScore="2" minCrapScore="2" visitedClasses="0" numClasses="0" visitedMethods="0" numMethods="1" />
              <MetadataToken>100663329</MetadataToken>
              <Name>System.Void Homework.PresentationModel.FormPresentationModel::set_IsLineEnabled(System.Boolean)</Name>
              <FileRef uid="11" />
              <SequencePoints>
                <SequencePoint vc="0" uspid="160" ordinal="0" offset="0" sl="168" sc="13" el="168" ec="14" bec="0" bev="0" fileid="11" />
                <SequencePoint vc="0" uspid="161" ordinal="1" offset="1" sl="169" sc="17" el="169" ec="40" bec="0" bev="0" fileid="11" />
                <SequencePoint vc="0" uspid="162" ordinal="2" offset="8" sl="170" sc="17" el="170" ec="74" bec="0" bev="0" fileid="11" />
                <SequencePoint vc="0" uspid="163" ordinal="3" offset="20" sl="171" sc="13" el="171" ec="14" bec="0" bev="0" fileid="11" />
              </SequencePoints>
              <BranchPoints />
              <MethodPoint xsi:type="SequencePoint" vc="0" uspid="160" ordinal="0" offset="0" sl="168" sc="13" el="168" ec="14" bec="0" bev="0" fileid="11" />
            </Method>
            <Method visited="false" cyclomaticComplexity="1" nPathComplexity="0" sequenceCoverage="0" branchCoverage="0" crapScore="2" isConstructor="false" isStatic="false" isGetter="true" isSetter="false">
              <Summary numSequencePoints="3" visitedSequencePoints="0" numBranchPoints="1" visitedBranchPoints="0" sequenceCoverage="0" branchCoverage="0" maxCyclomaticComplexity="1" minCyclomaticComplexity="1" maxCrapScore="2" minCrapScore="2" visitedClasses="0" numClasses="0" visitedMethods="0" numMethods="1" />
              <MetadataToken>100663332</MetadataToken>
              <Name>System.Boolean Homework.PresentationModel.FormPresentationModel::get_IsRectangleEnabled()</Name>
              <FileRef uid="11" />
              <SequencePoints>
                <SequencePoint vc="0" uspid="164" ordinal="0" offset="0" sl="187" sc="13" el="187" ec="14" bec="0" bev="0" fileid="11" />
                <SequencePoint vc="0" uspid="165" ordinal="1" offset="1" sl="188" sc="17" el="188" ec="44" bec="0" bev="0" fileid="11" />
                <SequencePoint vc="0" uspid="166" ordinal="2" offset="10" sl="189" sc="13" el="189" ec="14" bec="0" bev="0" fileid="11" />
              </SequencePoints>
              <BranchPoints />
              <MethodPoint xsi:type="SequencePoint" vc="0" uspid="164" ordinal="0" offset="0" sl="187" sc="13" el="187" ec="14" bec="0" bev="0" fileid="11" />
            </Method>
            <Method visited="false" cyclomaticComplexity="1" nPathComplexity="0" sequenceCoverage="0" branchCoverage="0" crapScore="2" isConstructor="false" isStatic="false" isGetter="false" isSetter="true">
              <Summary numSequencePoints="4" visitedSequencePoints="0" numBranchPoints="1" visitedBranchPoints="0" sequenceCoverage="0" branchCoverage="0" maxCyclomaticComplexity="1" minCyclomaticComplexity="1" maxCrapScore="2" minCrapScore="2" visitedClasses="0" numClasses="0" visitedMethods="0" numMethods="1" />
              <MetadataToken>100663331</MetadataToken>
              <Name>System.Void Homework.PresentationModel.FormPresentationModel::set_IsRectangleEnabled(System.Boolean)</Name>
              <FileRef uid="11" />
              <SequencePoints>
                <SequencePoint vc="0" uspid="167" ordinal="0" offset="0" sl="182" sc="13" el="182" ec="14" bec="0" bev="0" fileid="11" />
                <SequencePoint vc="0" uspid="168" ordinal="1" offset="1" sl="183" sc="17" el="183" ec="45" bec="0" bev="0" fileid="11" />
                <SequencePoint vc="0" uspid="169" ordinal="2" offset="8" sl="184" sc="17" el="184" ec="79" bec="0" bev="0" fileid="11" />
                <SequencePoint vc="0" uspid="170" ordinal="3" offset="20" sl="185" sc="13" el="185" ec="14" bec="0" bev="0" fileid="11" />
              </SequencePoints>
              <BranchPoints />
              <MethodPoint xsi:type="SequencePoint" vc="0" uspid="167" ordinal="0" offset="0" sl="182" sc="13" el="182" ec="14" bec="0" bev="0" fileid="11" />
            </Method>
            <Method visited="false" cyclomaticComplexity="1" nPathComplexity="0" sequenceCoverage="0" branchCoverage="0" crapScore="2" isConstructor="false" isStatic="false" isGetter="true" isSetter="false">
              <Summary numSequencePoints="3" visitedSequencePoints="0" numBranchPoints="1" visitedBranchPoints="0" sequenceCoverage="0" branchCoverage="0" maxCyclomaticComplexity="1" minCyclomaticComplexity="1" maxCrapScore="2" minCrapScore="2" visitedClasses="0" numClasses="0" visitedMethods="0" numMethods="1" />
              <MetadataToken>100663334</MetadataToken>
              <Name>System.Boolean Homework.PresentationModel.FormPresentationModel::get_IsEllipseEnabled()</Name>
              <FileRef uid="11" />
              <SequencePoints>
                <SequencePoint vc="0" uspid="171" ordinal="0" offset="0" sl="201" sc="13" el="201" ec="14" bec="0" bev="0" fileid="11" />
                <SequencePoint vc="0" uspid="172" ordinal="1" offset="1" sl="202" sc="17" el="202" ec="42" bec="0" bev="0" fileid="11" />
                <SequencePoint vc="0" uspid="173" ordinal="2" offset="10" sl="203" sc="13" el="203" ec="14" bec="0" bev="0" fileid="11" />
              </SequencePoints>
              <BranchPoints />
              <MethodPoint xsi:type="SequencePoint" vc="0" uspid="171" ordinal="0" offset="0" sl="201" sc="13" el="201" ec="14" bec="0" bev="0" fileid="11" />
            </Method>
            <Method visited="false" cyclomaticComplexity="1" nPathComplexity="0" sequenceCoverage="0" branchCoverage="0" crapScore="2" isConstructor="false" isStatic="false" isGetter="false" isSetter="true">
              <Summary numSequencePoints="4" visitedSequencePoints="0" numBranchPoints="1" visitedBranchPoints="0" sequenceCoverage="0" branchCoverage="0" maxCyclomaticComplexity="1" minCyclomaticComplexity="1" maxCrapScore="2" minCrapScore="2" visitedClasses="0" numClasses="0" visitedMethods="0" numMethods="1" />
              <MetadataToken>100663333</MetadataToken>
              <Name>System.Void Homework.PresentationModel.FormPresentationModel::set_IsEllipseEnabled(System.Boolean)</Name>
              <FileRef uid="11" />
              <SequencePoints>
                <SequencePoint vc="0" uspid="174" ordinal="0" offset="0" sl="196" sc="13" el="196" ec="14" bec="0" bev="0" fileid="11" />
                <SequencePoint vc="0" uspid="175" ordinal="1" offset="1" sl="197" sc="17" el="197" ec="43" bec="0" bev="0" fileid="11" />
                <SequencePoint vc="0" uspid="176" ordinal="2" offset="8" sl="198" sc="17" el="198" ec="77" bec="0" bev="0" fileid="11" />
                <SequencePoint vc="0" uspid="177" ordinal="3" offset="20" sl="199" sc="13" el="199" ec="14" bec="0" bev="0" fileid="11" />
              </SequencePoints>
              <BranchPoints />
              <MethodPoint xsi:type="SequencePoint" vc="0" uspid="174" ordinal="0" offset="0" sl="196" sc="13" el="196" ec="14" bec="0" bev="0" fileid="11" />
            </Method>
            <Method visited="false" cyclomaticComplexity="1" nPathComplexity="0" sequenceCoverage="0" branchCoverage="0" crapScore="2" isConstructor="false" isStatic="false" isGetter="true" isSetter="false">
              <Summary numSequencePoints="3" visitedSequencePoints="0" numBranchPoints="1" visitedBranchPoints="0" sequenceCoverage="0" branchCoverage="0" maxCyclomaticComplexity="1" minCyclomaticComplexity="1" maxCrapScore="2" minCrapScore="2" visitedClasses="0" numClasses="0" visitedMethods="0" numMethods="1" />
              <MetadataToken>100663336</MetadataToken>
              <Name>System.Boolean Homework.PresentationModel.FormPresentationModel::get_IsDefaultCursorEnabled()</Name>
              <FileRef uid="11" />
              <SequencePoints>
                <SequencePoint vc="0" uspid="178" ordinal="0" offset="0" sl="215" sc="13" el="215" ec="14" bec="0" bev="0" fileid="11" />
                <SequencePoint vc="0" uspid="179" ordinal="1" offset="1" sl="216" sc="17" el="216" ec="48" bec="0" bev="0" fileid="11" />
                <SequencePoint vc="0" uspid="180" ordinal="2" offset="10" sl="217" sc="13" el="217" ec="14" bec="0" bev="0" fileid="11" />
              </SequencePoints>
              <BranchPoints />
              <MethodPoint xsi:type="SequencePoint" vc="0" uspid="178" ordinal="0" offset="0" sl="215" sc="13" el="215" ec="14" bec="0" bev="0" fileid="11" />
            </Method>
            <Method visited="false" cyclomaticComplexity="1" nPathComplexity="0" sequenceCoverage="0" branchCoverage="0" crapScore="2" isConstructor="false" isStatic="false" isGetter="false" isSetter="true">
              <Summary numSequencePoints="4" visitedSequencePoints="0" numBranchPoints="1" visitedBranchPoints="0" sequenceCoverage="0" branchCoverage="0" maxCyclomaticComplexity="1" minCyclomaticComplexity="1" maxCrapScore="2" minCrapScore="2" visitedClasses="0" numClasses="0" visitedMethods="0" numMethods="1" />
              <MetadataToken>100663335</MetadataToken>
              <Name>System.Void Homework.PresentationModel.FormPresentationModel::set_IsDefaultCursorEnabled(System.Boolean)</Name>
              <FileRef uid="11" />
              <SequencePoints>
                <SequencePoint vc="0" uspid="181" ordinal="0" offset="0" sl="210" sc="13" el="210" ec="14" bec="0" bev="0" fileid="11" />
                <SequencePoint vc="0" uspid="182" ordinal="1" offset="1" sl="211" sc="17" el="211" ec="49" bec="0" bev="0" fileid="11" />
                <SequencePoint vc="0" uspid="183" ordinal="2" offset="8" sl="212" sc="17" el="212" ec="76" bec="0" bev="0" fileid="11" />
                <SequencePoint vc="0" uspid="184" ordinal="3" offset="20" sl="213" sc="13" el="213" ec="14" bec="0" bev="0" fileid="11" />
              </SequencePoints>
              <BranchPoints />
              <MethodPoint xsi:type="SequencePoint" vc="0" uspid="181" ordinal="0" offset="0" sl="210" sc="13" el="210" ec="14" bec="0" bev="0" fileid="11" />
            </Method>
            <Method visited="false" cyclomaticComplexity="2" nPathComplexity="0" sequenceCoverage="0" branchCoverage="0" crapScore="6" isConstructor="false" isStatic="false" isGetter="false" isSetter="false">
              <Summary numSequencePoints="0" visitedSequencePoints="0" numBranchPoints="0" visitedBranchPoints="0" sequenceCoverage="0" branchCoverage="0" maxCyclomaticComplexity="2" minCyclomaticComplexity="2" maxCrapScore="6" minCrapScore="6" visitedClasses="0" numClasses="0" visitedMethods="0" numMethods="0" />
              <MetadataToken>100663308</MetadataToken>
              <Name>System.Void Homework.PresentationModel.FormPresentationModel::add_PropertyChanged(System.ComponentModel.PropertyChangedEventHandler)</Name>
              <SequencePoints />
              <BranchPoints />
              <MethodPoint vc="0" uspid="185" ordinal="0" offset="0" />
            </Method>
[...]
              <Summary numSequencePoints="6" visitedSequencePoints="0" numBranchPoints="1" visitedBranchPoints="0" sequenceCoverage="0" branchCoverage="0" maxCyclomaticComplexity="1" minCyclomaticComplexity="1" maxCrapScore="2" minCrapScore="2" visitedClasses="0" numClasses="0" visitedMethods="0" numMethods="1" />
              <MetadataToken>100663447</MetadataToken>
              <Name>System.Void Homework.Model.Model::MovePointer(System.Double,System.Double)</Name>
              <FileRef uid="27" />
              <SequencePoints>
                <SequencePoint vc="0" uspid="1023" ordinal="0" offset="0" sl="57" sc="9" el="57" ec="10" bec="0" bev="0" fileid="27" />
                <SequencePoint vc="0" uspid="1024" ordinal="1" offset="1" sl="58" sc="13" el="58" ec="44" bec="0" bev="0" fileid="27" />
                <SequencePoint vc="0" uspid="1025" ordinal="2" offset="10" sl="59" sc="13" el="59" ec="44" bec="0" bev="0" fileid="27" />
                <SequencePoint vc="0" uspid="1026" ordinal="3" offset="19" sl="60" sc="13" el="60" ec="74" bec="0" bev="0" fileid="27" />
                <SequencePoint vc="0" uspid="1027" ordinal="4" offset="44" sl="61" sc="13" el="61" ec="34" bec="0" bev="0" fileid="27" />
                <SequencePoint vc="0" uspid="1028" ordinal="5" offset="51" sl="62" sc="9" el="62" ec="10" bec="0" bev="0" fileid="27" />
              </SequencePoints>
              <BranchPoints />
              <MethodPoint xsi:type="SequencePoint" vc="0" uspid="1023" ordinal="0" offset="0" sl="57" sc="9" el="57" ec="10" bec="0" bev="0" fileid="27" />
            </Method>
            <Method visited="false" cyclomaticComplexity="1" nPathComplexity="0" sequenceCoverage="0" branchCoverage="0" crapScore="2" isConstructor="false" isStatic="false" isGetter="false" isSetter="false">
              <Summary numSequencePoints="6" visitedSequencePoints="0" numBranchPoints="1" visitedBranchPoints="0" sequenceCoverage="0" branchCoverage="0" maxCyclomaticComplexity="1" minCyclomaticComplexity="1" maxCrapScore="2" minCrapScore="2" visitedClasses="0" numClasses="0" visitedMethods="0" numMethods="1" />
              <MetadataToken>100663448</MetadataToken>
              <Name>System.Void Homework.Model.Model::ReleasePointer(System.Double,System.Double)</Name>
              <FileRef uid="27" />
              <SequencePoints>
                <SequencePoint vc="0" uspid="1029" ordinal="0" offset="0" sl="66" sc="9" el="66" ec="10" bec="0" bev="0" fileid="27" />
                <SequencePoint vc="0" uspid="1030" ordinal="1" offset="1" sl="68" sc="13" el="68" ec="44" bec="0" bev="0" fileid="27" />
                <SequencePoint vc="0" uspid="1031" ordinal="2" offset="10" sl="69" sc="13" el="69" ec="44" bec="0" bev="0" fileid="27" />
                <SequencePoint vc="0" uspid="1032" ordinal="3" offset="19" sl="70" sc="13" el="70" ec="84" bec="0" bev="0" fileid="27" />
                <SequencePoint vc="0" uspid="1033" ordinal="4" offset="50" sl="71" sc="13" el="71" ec="34" bec="0" bev="0" fileid="27" />
                <SequencePoint vc="0" uspid="1034" ordinal="5" offset="57" sl="72" sc="9" el="72" ec="10" bec="0" bev="0" fileid="27" />
              </SequencePoints>
              <BranchPoints />
              <MethodPoint xsi:type="SequencePoint" vc="0" uspid="1029" ordinal="0" offset="0" sl="66" sc="9" el="66" ec="10" bec="0" bev="0" fileid="27" />
            </Method>
            <Method visited="false" cyclomaticComplexity="3" nPathComplexity="0" sequenceCoverage="0" branchCoverage="0" crapScore="12" isConstructor="false" isStatic="false" isGetter="false" isSetter="false">
              <Summary numSequencePoints="9" visitedSequencePoints="0" numBranchPoints="1" visitedBranchPoints="0" sequenceCoverage="0" branchCoverage="0" maxCyclomaticComplexity="3" minCyclomaticComplexity="3" maxCrapScore="12" minCrapScore="12" visitedClasses="0" numClasses="0" visitedMethods="0" numMethods="1" />
              <MetadataToken>100663449</MetadataToken>
              <Name>System.Void Homework.Model.Model::Draw(Homework.Model.IGraphics)</Name>
              <FileRef uid="27" />
              <SequencePoints>
                <SequencePoint vc="0" uspid="1035" ordinal="0" offset="0" sl="76" sc="9" el="76" ec="10" bec="0" bev="0" fileid="27" />
                <SequencePoint vc="0" uspid="1036" ordinal="1" offset="1" sl="77" sc="13" el="77" ec="33" bec="0" bev="0" fileid="27" />
                <SequencePoint vc="0" uspid="1037" ordinal="2" offset="8" sl="78" sc="13" el="78" ec="20" bec="0" bev="0" fileid="27" />
                <SequencePoint vc="0" uspid="1038" ordinal="3" offset="9" sl="78" sc="38" el="78" ec="59" bec="0" bev="0" fileid="27" />
                <SequencePoint vc="0" uspid="1039" ordinal="4" offset="28" sl="78" sc="22" el="78" ec="34" bec="0" bev="0" fileid="27" />
                <SequencePoint vc="0" uspid="1040" ordinal="5" offset="35" sl="79" sc="17" el="79" ec="39" bec="0" bev="0" fileid="27" />
                <SequencePoint vc="0" uspid="1041" ordinal="6" offset="43" sl="78" sc="35" el="78" ec="37" bec="0" bev="0" fileid="27" />
                <SequencePoint vc="0" uspid="1042" ordinal="7" offset="64" sl="80" sc="13" el="80" ec="55" bec="0" bev="0" fileid="27" />
                <SequencePoint vc="0" uspid="1043" ordinal="8" offset="83" sl="81" sc="9" el="81" ec="10" bec="0" bev="0" fileid="27" />
              </SequencePoints>
              <BranchPoints />
              <MethodPoint xsi:type="SequencePoint" vc="0" uspid="1035" ordinal="0" offset="0" sl="76" sc="9" el="76" ec="10" bec="0" bev="0" fileid="27" />
            </Method>
            <Method visited="false" cyclomaticComplexity="3" nPathComplexity="4" sequenceCoverage="0" branchCoverage="0" crapScore="12" isConstructor="false" isStatic="false" isGetter="false" isSetter="false">
              <Summary numSequencePoints="10" visitedSequencePoints="0" numBranchPoints="5" visitedBranchPoints="0" sequenceCoverage="0" branchCoverage="0" maxCyclomaticComplexity="3" minCyclomaticComplexity="3" maxCrapScore="12" minCrapScore="12" visitedClasses="0" numClasses="0" visitedMethods="0" numMethods="1" />
              <MetadataToken>100663450</MetadataToken>
              <Name>System.Double Homework.Model.Model::CheckRangeOfX(System.Double)</Name>
              <FileRef uid="27" />
              <SequencePoints>
                <SequencePoint vc="0" uspid="1046" ordinal="0" offset="0" sl="85" sc="9" el="85" ec="10" bec="0" bev="0" fileid="27" />
                <SequencePoint vc="0" uspid="1047" ordinal="1" offset="1" sl="86" sc="13" el="86" ec="28" bec="2" bev="0" fileid="27" />
                <SequencePoint vc="0" uspid="1048" ordinal="2" offset="17" sl="87" sc="13" el="87" ec="14" bec="0" bev="0" fileid="27" />
                <SequencePoint vc="0" uspid="1049" ordinal="3" offset="18" sl="88" sc="17" el="88" ec="26" bec="0" bev="0" fileid="27" />
                <SequencePoint vc="0" uspid="1050" ordinal="4" offset="30" sl="90" sc="18" el="90" ec="43" bec="2" bev="0" fileid="27" />
                <SequencePoint vc="0" uspid="1051" ordinal="5" offset="46" sl="91" sc="13" el="91" ec="14" bec="0" bev="0" fileid="27" />
                <SequencePoint vc="0" uspid="1052" ordinal="6" offset="47" sl="92" sc="17" el="92" ec="36" bec="0" bev="0" fileid="27" />
                <SequencePoint vc="0" uspid="1053" ordinal="7" offset="59" sl="95" sc="13" el="95" ec="14" bec="0" bev="0" fileid="27" />
                <SequencePoint vc="0" uspid="1054" ordinal="8" offset="60" sl="96" sc="17" el="96" ec="31" bec="0" bev="0" fileid="27" />
                <SequencePoint vc="0" uspid="1055" ordinal="9" offset="64" sl="98" sc="9" el="98" ec="10" bec="0" bev="0" fileid="27" />
              </SequencePoints>
              <BranchPoints>
                <BranchPoint vc="0" uspid="1056" ordinal="0" offset="15" sl="86" path="0" offsetend="17" fileid="27" />
                <BranchPoint vc="0" uspid="1057" ordinal="1" offset="15" sl="86" path="1" offsetend="30" fileid="27" />
                <BranchPoint vc="0" uspid="1058" ordinal="2" offset="44" sl="90" path="0" offsetend="46" fileid="27" />
                <BranchPoint vc="0" uspid="1059" ordinal="3" offset="44" sl="90" path="1" offsetend="59" fileid="27" />
              </BranchPoints>
              <MethodPoint xsi:type="SequencePoint" vc="0" uspid="1046" ordinal="0" offset="0" sl="85" sc="9" el="85" ec="10" bec="0" bev="0" fileid="27" />
            </Method>
            <Method visited="false" cyclomaticComplexity="3" nPathComplexity="4" sequenceCoverage="0" branchCoverage="0" crapScore="12" isConstructor="false" isStatic="false" isGetter="false" isSetter="false">
              <Summary numSequencePoints="10" visitedSequencePoints="0" numBranchPoints="5" visitedBranchPoints="0" sequenceCoverage="0" branchCoverage="0" maxCyclomaticComplexity="3" minCyclomaticComplexity="3" maxCrapScore="12" minCrapScore="12" visitedClasses="0" numClasses="0" visitedMethods="0" numMethods="1" />
              <MetadataToken>100663451</MetadataToken>
              <Name>System.Double Homework.Model.Model::CheckRangeOfY(System.Double)</Name>
              <FileRef uid="27" />
              <SequencePoints>
                <SequencePoint vc="0" uspid="1060" ordinal="0" offset="0" sl="102" sc="9" el="102" ec="10" bec="0" bev="0" fileid="27" />
                <SequencePoint vc="0" uspid="1061" ordinal="1" offset="1" sl="103" sc="13" el="103" ec="28" bec="2" bev="0" fileid="27" />
                <SequencePoint vc="0" uspid="1062" ordinal="2" offset="17" sl="104" sc="13" el="104" ec="14" bec="0" bev="0" fileid="27" />
                <SequencePoint vc="0" uspid="1063" ordinal="3" offset="18" sl="105" sc="17" el="105" ec="26" bec="0" bev="0" fileid="27" />
                <SequencePoint vc="0" uspid="1064" ordinal="4" offset="30" sl="107" sc="18" el="107" ec="43" bec="2" bev="0" fileid="27" />
                <SequencePoint vc="0" uspid="1065" ordinal="5" offset="46" sl="108" sc="13" el="108" ec="14" bec="0" bev="0" fileid="27" />
                <SequencePoint vc="0" uspid="1066" ordinal="6" offset="47" sl="109" sc="17" el="109" ec="36" bec="0" bev="0" fileid="27" />
                <SequencePoint vc="0" uspid="1067" ordinal="7" offset="59" sl="112" sc="13" el="112" ec="14" bec="0" bev="0" fileid="27" />
                <SequencePoint vc="0" uspid="1068" ordinal="8" offset="60" sl="113" sc="17" el="113" ec="31" bec="0" bev="0" fileid="27" />
                <SequencePoint vc="0" uspid="1069" ordinal="9" offset="64" sl="115" sc="9" el="115" ec="10" bec="0" bev="0" fileid="27" />
              </SequencePoints>
              <BranchPoints>
                <BranchPoint vc="0" uspid="1070" ordinal="0" offset="15" sl="103" path="0" offsetend="17" fileid="27" />
                <BranchPoint vc="0" uspid="1071" ordinal="1" offset="15" sl="103" path="1" offsetend="30" fileid="27" />
                <BranchPoint vc="0" uspid="1072" ordinal="2" offset="44" sl="107" path="0" offsetend="46" fileid="27" />
                <BranchPoint vc="0" uspid="1073" ordinal="3" offset="44" sl="107" path="1" offsetend="59" fileid="27" />
              </BranchPoints>
              <MethodPoint xsi:type="SequencePoint" vc="0" uspid="1060" ordinal="0" offset="0" sl="102" sc="9" el="102" ec="10" bec="0" bev="0" fileid="27" />
            </Method>
            <Method visited="false" cyclomaticComplexity="1" nPathComplexity="0" sequenceCoverage="0" branchCoverage="0" crapScore="2" isConstructor="false" isStatic="false" isGetter="false" isSetter="false">
              <Summary numSequencePoints="4" visitedSequencePoints="0" numBranchPoints="1" visitedBranchPoints="0" sequenceCoverage="0" branchCoverage="0" maxCyclomaticComplexity="1" minCyclomaticComplexity="1" maxCrapScore="2" minCrapScore="2" visitedClasses="0" numClasses="0" visitedMethods="0" numMethods="1" />
              <MetadataToken>100663452</MetadataToken>
              <Name>System.Void Homework.Model.Model::Create(System.String)</Name>
              <FileRef uid="27" />
              <SequencePoints>
                <SequencePoint vc="0" uspid="1074" ordinal="0" offset="0" sl="119" sc="9" el="119" ec="10" bec="0" bev="0" fileid="27" />
                <SequencePoint vc="0" uspid="1075" ordinal="1" offset="1" sl="120" sc="13" el="120" ec="56" bec="0" bev="0" fileid="27" />
                <SequencePoint vc="0" uspid="1076" ordinal="2" offset="14" sl="121" sc="13" el="121" ec="34" bec="0" bev="0" fileid="27" />
                <SequencePoint vc="0" uspid="1077" ordinal="3" offset="21" sl="122" sc="9" el="122" ec="10" bec="0" bev="0" fileid="27" />
              </SequencePoints>
              <BranchPoints />
              <MethodPoint xsi:type="SequencePoint" vc="0" uspid="1074" ordinal="0" offset="0" sl="119" sc="9" el="119" ec="10" bec="0" bev="0" fileid="27" />
            </Method>
            <Method visited="false" cyclomaticComplexity="1" nPathComplexity="0" sequenceCoverage="0" branchCoverage="0" crapScore="2" isConstructor="false" isStatic="false" isGetter="false" isSetter="false">
              <Summary numSequencePoints="3" visitedSequencePoints="0" numBranchPoints="1" visitedBranchPoints="0" sequenceCoverage="0" branchCoverage="0" maxCyclomaticComplexity="1" minCyclomaticComplexity="1" maxCrapScore="2" minCrapScore="2" visitedClasses="0" numClasses="0" visitedMethods="0" numMethods="1" />
              <MetadataToken>100663453</MetadataToken>
              <Name>System.ComponentModel.BindingList`1&lt;Homework.Model.Shape&gt; Homework.Model.Model::GetShapes()</Name>
              <FileRef uid="27" />
              <SequencePoints>
                <SequencePoint vc="0" uspid="1078" ordinal="0" offset="0" sl="126" sc="9" el="126" ec="10" bec="0" bev="0" fileid="27" />
                <SequencePoint vc="0" uspid="1079" ordinal="1" offset="1" sl="127" sc="13" el="127" ec="42" bec="0" bev="0" fileid="27" />
                <SequencePoint vc="0" uspid="1080" ordinal="2" offset="15" sl="128" sc="9" el="128" ec="10" bec="0" bev="0" fileid="27" />
              </SequencePoints>
              <BranchPoints />
              <MethodPoint xsi:type="SequencePoint" vc="0" uspid="1078" ordinal="0" offset="0" sl="126" sc="9" el="126" ec="10" bec="0" bev="0" fileid="27" />
            </Method>
            <Method visited="false" cyclomaticComplexity="1" nPathComplexity="0" sequenceCoverage="0" branchCoverage="0" crapScore="2" isConstructor="false" isStatic="false" isGetter="false" isSetter="false">
              <Summary numSequencePoints="4" visitedSequencePoints="0" numBranchPoints="1" visitedBranchPoints="0" sequenceCoverage="0" branchCoverage="0" maxCyclomaticComplexity="1" minCyclomaticComplexity="1" maxCrapScore="2" minCrapScore="2" visitedClasses="0" numClasses="0" visitedMethods="0" numMethods="1" />
              <MetadataToken>100663454</MetadataToken>
              <Name>System.Void Homework.Model.Model::Delete(System.Int32)</Name>
              <FileRef uid="27" />
              <SequencePoints>
                <SequencePoint vc="0" uspid="1081" ordinal="0" offset="0" sl="132" sc="9" el="132" ec="10" bec="0" bev="0" fileid="27" />
                <SequencePoint vc="0" uspid="1082" ordinal="1" offset="1" sl="133" sc="13" el="133" ec="51" bec="0" bev="0" fileid="27" />
                <SequencePoint vc="0" uspid="1083" ordinal="2" offset="14" sl="134" sc="13" el="134" ec="34" bec="0" bev="0" fileid="27" />
                <SequencePoint vc="0" uspid="1084" ordinal="3" offset="21" sl="135" sc="9" el="135" ec="10" bec="0" bev="0" fileid="27" />
              </SequencePoints>
              <BranchPoints />
              <MethodPoint xsi:type="SequencePoint" vc="0" uspid="1081" ordinal="0" offset="0" sl="132" sc="9" el="132" ec="10" bec="0" bev="0" fileid="27" />
            </Method>
            <Method visited="false" cyclomaticComplexity="2" nPathComplexity="2" sequenceCoverage="0" branchCoverage="0" crapScore="6" isConstructor="false" isStatic="false" isGetter="false" isSetter="false">
              <Summary numSequencePoints="5" visitedSequencePoints="0" numBranchPoints="3" visitedBranchPoints="0" sequenceCoverage="0" branchCoverage="0" maxCyclomaticComplexity="2" minCyclomaticComplexity="2" maxCrapScore="6" minCrapScore="6" visitedClasses="0" numClasses="0" visitedMethods="0" numMethods="1" />
              <MetadataToken>100663455</MetadataToken>
              <Name>System.Void Homework.Model.Model::HandleKeyDown(System.Windows.Forms.Keys)</Name>
              <FileRef uid="27" />
              <SequencePoints>
                <SequencePoint vc="0" uspid="1085" ordinal="0" offset="0" sl="140" sc="9" el="140" ec="10" bec="0" bev="0" fileid="27" />
                <SequencePoint vc="0" uspid="1086" ordinal="1" offset="1" sl="141" sc="13" el="141" ec="40" bec="2" bev="0" fileid="27" />
                <SequencePoint vc="0" uspid="1087" ordinal="2" offset="10" sl="142" sc="17" el="142" ec="51" bec="0" bev="0" fileid="27" />
                <SequencePoint vc="0" uspid="1088" ordinal="3" offset="22" sl="143" sc="13" el="143" ec="34" bec="0" bev="0" fileid="27" />
                <SequencePoint vc="0" uspid="1089" ordinal="4" offset="29" sl="144" sc="9" el="144" ec="10" bec="0" bev="0" fileid="27" />
              </SequencePoints>
              <BranchPoints>
                <BranchPoint vc="0" uspid="1090" ordinal="0" offset="8" sl="141" path="0" offsetend="10" fileid="27" />
                <BranchPoint vc="0" uspid="1091" ordinal="1" offset="8" sl="141" path="1" offsetend="22" fileid="27" />
              </BranchPoints>
              <MethodPoint xsi:type="SequencePoint" vc="0" uspid="1085" ordinal="0" offset="0" sl="140" sc="9" el="140" ec="10" bec="0" bev="0" fileid="27" />
            </Method>
            <Method visited="false" cyclomaticComplexity="2" nPathComplexity="2" sequenceCoverage="0" branchCoverage="0" crapScore="6" isConstructor="false" isStatic="false" isGetter="false" isSetter="false">
              <Summary numSequencePoints="4" visitedSequencePoints="0" numBranchPoints="3" visitedBranchPoints="0" sequenceCoverage="0" branchCoverage="0" maxCyclomaticComplexity="2" minCyclomaticComplexity="2" maxCrapScore="6" minCrapScore="6" visitedClasses="0" numClasses="0" visitedMethods="0" numMethods="1" />
              <MetadataToken>100663456</MetadataToken>
              <Name>System.Void Homework.Model.Model::NotifyModelChanged()</Name>
              <FileRef uid="27" />
              <SequencePoints>
                <SequencePoint vc="0" uspid="1092" ordinal="0" offset="0" sl="148" sc="9" el="148" ec="10" bec="0" bev="0" fileid="27" />
                <SequencePoint vc="0" uspid="1093" ordinal="1" offset="1" sl="149" sc="13" el="149" ec="39" bec="2" bev="0" fileid="27" />
                <SequencePoint vc="0" uspid="1094" ordinal="2" offset="14" sl="150" sc="17" el="150" ec="33" bec="0" bev="0" fileid="27" />
                <SequencePoint vc="0" uspid="1095" ordinal="3" offset="26" sl="151" sc="9" el="151" ec="10" bec="0" bev="0" fileid="27" />
              </SequencePoints>
              <BranchPoints>
                <BranchPoint vc="0" uspid="1096" ordinal="0" offset="12" sl="149" path="0" offsetend="14" fileid="27" />
                <BranchPoint vc="0" uspid="1097" ordinal="1" offset="12" sl="149" path="1" offsetend="26" fileid="27" />
              </BranchPoints>
              <MethodPoint xsi:type="SequencePoint" vc="0" uspid="1092" ordinal="0" offset="0" sl="148" sc="9" el="148" ec="10" bec="0" bev="0" fileid="27" />
            </Method>
          </Methods>
        </Class>
      </Classes>
    </Module>
  </Modules>
</CoverageSession>