<?xml version="1.0" encoding="utf-8"?>
<CoverageSession xmlns:xsd="http://www.w3.org/2001/XMLSchema" xmlns:xsi="http://www.w3.org/2001/XMLSchema-instance" Version="4.7.922.0">
  <Summary numSequencePoints="1146" visitedSequencePoints="579" numBranchPoints="295" visitedBranchPoints="154" sequenceCoverage="50.52" branchCoverage="52.20" maxCyclomaticComplexity="5" minCyclomaticComplexity="0" maxCrapScore="20" minCrapScore="0" visitedClasses="17" numClasses="25" visitedMethods="114" numMethods="191" />
  <Modules>
    <Module hash="ED-28-93-1F-26-56-2E-49-DA-C6-5A-1B-B4-37-2A-F3-FA-E7-C0-F2">
      <Summary numSequencePoints="310" visitedSequencePoints="310" numBranchPoints="57" visitedBranchPoints="57" sequenceCoverage="100" branchCoverage="100" maxCyclomaticComplexity="1" minCyclomaticComplexity="1" maxCrapScore="2" minCrapScore="1" visitedClasses="9" numClasses="9" visitedMethods="57" numMethods="57" />
      <ModulePath>C:\Users\user\Desktop\window\HW\110590034\Homework\HomeworkTests\bin\Debug\fine-code-coverage\build-output\HomeworkTests.dll</ModulePath>
      <ModuleTime>2023-11-26T15:38:15.1726794Z</ModuleTime>
      <ModuleName>HomeworkTests</ModuleName>
      <Files>
        <File uid="1" fullPath="C:\Users\user\Desktop\window\HW\110590034\Homework\HomeworkTests\Model\DrawingStateTests.cs" />
        <File uid="2" fullPath="C:\Users\user\Desktop\window\HW\110590034\Homework\HomeworkTests\Model\LineTests.cs" />
        <File uid="3" fullPath="C:\Users\user\Desktop\window\HW\110590034\Homework\HomeworkTests\Model\MockGraphics.cs" />
        <File uid="4" fullPath="C:\Users\user\Desktop\window\HW\110590034\Homework\HomeworkTests\Model\EllipseTests.cs" />
        <File uid="5" fullPath="C:\Users\user\Desktop\window\HW\110590034\Homework\HomeworkTests\Model\RectangleTests.cs" />
        <File uid="6" fullPath="C:\Users\user\Desktop\window\HW\110590034\Homework\HomeworkTests\Model\ShapeFactoryTests.cs" />
        <File uid="8" fullPath="C:\Users\user\Desktop\window\HW\110590034\Homework\HomeworkTests\Model\ShapesTests.cs" />
        <File uid="9" fullPath="C:\Users\user\Desktop\window\HW\110590034\Homework\HomeworkTests\Model\ShapeTests.cs" />
      </Files>
      <Classes>
        <Class>
          <Summary numSequencePoints="73" visitedSequencePoints="73" numBranchPoints="8" visitedBranchPoints="8" sequenceCoverage="100" branchCoverage="100" maxCyclomaticComplexity="1" minCyclomaticComplexity="1" maxCrapScore="2" minCrapScore="1" visitedClasses="1" numClasses="1" visitedMethods="8" numMethods="8" />
          <FullName>Homework.Model.Tests.DrawingStateTests</FullName>
          <Methods>
            <Method visited="true" cyclomaticComplexity="1" nPathComplexity="0" sequenceCoverage="100" branchCoverage="100" crapScore="1" isConstructor="false" isStatic="false" isGetter="false" isSetter="false">
              <Summary numSequencePoints="6" visitedSequencePoints="6" numBranchPoints="1" visitedBranchPoints="1" sequenceCoverage="100" branchCoverage="100" maxCyclomaticComplexity="1" minCyclomaticComplexity="1" maxCrapScore="1" minCrapScore="1" visitedClasses="0" numClasses="0" visitedMethods="1" numMethods="1" />
              <MetadataToken>100663297</MetadataToken>
              <Name>System.Void Homework.Model.Tests.DrawingStateTests::Initialize()</Name>
              <FileRef uid="1" />
              <SequencePoints>
                <SequencePoint vc="7" uspid="1" ordinal="0" offset="0" sl="16" sc="9" el="16" ec="10" bec="0" bev="0" fileid="1" />
                <SequencePoint vc="7" uspid="2" ordinal="1" offset="1" sl="17" sc="13" el="17" ec="36" bec="0" bev="0" fileid="1" />
                <SequencePoint vc="7" uspid="3" ordinal="2" offset="12" sl="18" sc="13" el="18" ec="48" bec="0" bev="0" fileid="1" />
                <SequencePoint vc="7" uspid="4" ordinal="3" offset="23" sl="19" sc="13" el="19" ec="48" bec="0" bev="0" fileid="1" />
                <SequencePoint vc="7" uspid="5" ordinal="4" offset="34" sl="20" sc="13" el="20" ec="48" bec="0" bev="0" fileid="1" />
                <SequencePoint vc="7" uspid="6" ordinal="5" offset="45" sl="21" sc="9" el="21" ec="10" bec="0" bev="0" fileid="1" />
              </SequencePoints>
              <BranchPoints />
              <MethodPoint xsi:type="SequencePoint" vc="7" uspid="1" ordinal="0" offset="0" sl="16" sc="9" el="16" ec="10" bec="0" bev="0" fileid="1" />
            </Method>
            <Method visited="true" cyclomaticComplexity="1" nPathComplexity="0" sequenceCoverage="100" branchCoverage="100" crapScore="1" isConstructor="false" isStatic="false" isGetter="false" isSetter="false">
              <Summary numSequencePoints="5" visitedSequencePoints="5" numBranchPoints="1" visitedBranchPoints="1" sequenceCoverage="100" branchCoverage="100" maxCyclomaticComplexity="1" minCyclomaticComplexity="1" maxCrapScore="1" minCrapScore="1" visitedClasses="0" numClasses="0" visitedMethods="1" numMethods="1" />
              <MetadataToken>100663298</MetadataToken>
              <Name>System.Void Homework.Model.Tests.DrawingStateTests::CheckXTest()</Name>
              <FileRef uid="1" />
              <SequencePoints>
                <SequencePoint vc="1" uspid="7" ordinal="0" offset="0" sl="26" sc="9" el="26" ec="10" bec="0" bev="0" fileid="1" />
                <SequencePoint vc="1" uspid="8" ordinal="1" offset="1" sl="27" sc="13" el="27" ec="54" bec="0" bev="0" fileid="1" />
                <SequencePoint vc="1" uspid="9" ordinal="2" offset="27" sl="28" sc="13" el="28" ec="55" bec="0" bev="0" fileid="1" />
                <SequencePoint vc="1" uspid="10" ordinal="3" offset="53" sl="29" sc="13" el="29" ec="56" bec="0" bev="0" fileid="1" />
                <SequencePoint vc="1" uspid="11" ordinal="4" offset="79" sl="30" sc="9" el="30" ec="10" bec="0" bev="0" fileid="1" />
              </SequencePoints>
              <BranchPoints />
              <MethodPoint xsi:type="SequencePoint" vc="1" uspid="7" ordinal="0" offset="0" sl="26" sc="9" el="26" ec="10" bec="0" bev="0" fileid="1" />
            </Method>
            <Method visited="true" cyclomaticComplexity="1" nPathComplexity="0" sequenceCoverage="100" branchCoverage="100" crapScore="1" isConstructor="false" isStatic="false" isGetter="false" isSetter="false">
              <Summary numSequencePoints="5" visitedSequencePoints="5" numBranchPoints="1" visitedBranchPoints="1" sequenceCoverage="100" branchCoverage="100" maxCyclomaticComplexity="1" minCyclomaticComplexity="1" maxCrapScore="1" minCrapScore="1" visitedClasses="0" numClasses="0" visitedMethods="1" numMethods="1" />
              <MetadataToken>100663299</MetadataToken>
              <Name>System.Void Homework.Model.Tests.DrawingStateTests::CheckYTest()</Name>
              <FileRef uid="1" />
              <SequencePoints>
                <SequencePoint vc="1" uspid="12" ordinal="0" offset="0" sl="35" sc="9" el="35" ec="10" bec="0" bev="0" fileid="1" />
                <SequencePoint vc="1" uspid="13" ordinal="1" offset="1" sl="36" sc="13" el="36" ec="54" bec="0" bev="0" fileid="1" />
                <SequencePoint vc="1" uspid="14" ordinal="2" offset="27" sl="37" sc="13" el="37" ec="55" bec="0" bev="0" fileid="1" />
                <SequencePoint vc="1" uspid="15" ordinal="3" offset="53" sl="38" sc="13" el="38" ec="56" bec="0" bev="0" fileid="1" />
                <SequencePoint vc="1" uspid="16" ordinal="4" offset="79" sl="39" sc="9" el="39" ec="10" bec="0" bev="0" fileid="1" />
              </SequencePoints>
              <BranchPoints />
              <MethodPoint xsi:type="SequencePoint" vc="1" uspid="12" ordinal="0" offset="0" sl="35" sc="9" el="35" ec="10" bec="0" bev="0" fileid="1" />
            </Method>
            <Method visited="true" cyclomaticComplexity="1" nPathComplexity="0" sequenceCoverage="100" branchCoverage="100" crapScore="1" isConstructor="false" isStatic="false" isGetter="false" isSetter="false">
              <Summary numSequencePoints="4" visitedSequencePoints="4" numBranchPoints="1" visitedBranchPoints="1" sequenceCoverage="100" branchCoverage="100" maxCyclomaticComplexity="1" minCyclomaticComplexity="1" maxCrapScore="1" minCrapScore="1" visitedClasses="0" numClasses="0" visitedMethods="1" numMethods="1" />
              <MetadataToken>100663300</MetadataToken>
              <Name>System.Void Homework.Model.Tests.DrawingStateTests::CheckRangeTest()</Name>
              <FileRef uid="1" />
              <SequencePoints>
                <SequencePoint vc="1" uspid="17" ordinal="0" offset="0" sl="44" sc="9" el="44" ec="10" bec="0" bev="0" fileid="1" />
                <SequencePoint vc="1" uspid="18" ordinal="1" offset="1" sl="45" sc="13" el="45" ec="74" bec="0" bev="0" fileid="1" />
                <SequencePoint vc="1" uspid="19" ordinal="2" offset="41" sl="46" sc="13" el="46" ec="75" bec="0" bev="0" fileid="1" />
                <SequencePoint vc="1" uspid="20" ordinal="3" offset="81" sl="47" sc="9" el="47" ec="10" bec="0" bev="0" fileid="1" />
              </SequencePoints>
              <BranchPoints />
              <MethodPoint xsi:type="SequencePoint" vc="1" uspid="17" ordinal="0" offset="0" sl="44" sc="9" el="44" ec="10" bec="0" bev="0" fileid="1" />
            </Method>
            <Method visited="true" cyclomaticComplexity="1" nPathComplexity="0" sequenceCoverage="100" branchCoverage="100" crapScore="1" isConstructor="false" isStatic="false" isGetter="false" isSetter="false">
              <Summary numSequencePoints="11" visitedSequencePoints="11" numBranchPoints="1" visitedBranchPoints="1" sequenceCoverage="100" branchCoverage="100" maxCyclomaticComplexity="1" minCyclomaticComplexity="1" maxCrapScore="1" minCrapScore="1" visitedClasses="0" numClasses="0" visitedMethods="1" numMethods="1" />
              <MetadataToken>100663301</MetadataToken>
              <Name>System.Void Homework.Model.Tests.DrawingStateTests::MouseDownTest()</Name>
              <FileRef uid="1" />
              <SequencePoints>
                <SequencePoint vc="1" uspid="21" ordinal="0" offset="0" sl="52" sc="9" el="52" ec="10" bec="0" bev="0" fileid="1" />
                <SequencePoint vc="1" uspid="22" ordinal="1" offset="1" sl="54" sc="13" el="54" ec="112" bec="0" bev="0" fileid="1" />
                <SequencePoint vc="1" uspid="23" ordinal="2" offset="53" sl="55" sc="13" el="55" ec="52" bec="0" bev="0" fileid="1" />
                <SequencePoint vc="1" uspid="24" ordinal="3" offset="70" sl="56" sc="13" el="56" ec="53" bec="0" bev="0" fileid="1" />
                <SequencePoint vc="1" uspid="25" ordinal="4" offset="87" sl="58" sc="13" el="58" ec="50" bec="0" bev="0" fileid="1" />
                <SequencePoint vc="1" uspid="26" ordinal="5" offset="111" sl="59" sc="13" el="59" ec="105" bec="0" bev="0" fileid="1" />
                <SequencePoint vc="1" uspid="27" ordinal="6" offset="141" sl="60" sc="13" el="60" ec="55" bec="0" bev="0" fileid="1" />
                <SequencePoint vc="1" uspid="28" ordinal="7" offset="158" sl="61" sc="13" el="61" ec="52" bec="0" bev="0" fileid="1" />
                <SequencePoint vc="1" uspid="29" ordinal="8" offset="175" sl="63" sc="13" el="63" ec="84" bec="0" bev="0" fileid="1" />
                <SequencePoint vc="1" uspid="30" ordinal="9" offset="199" sl="64" sc="13" el="64" ec="43" bec="0" bev="0" fileid="1" />
                <SequencePoint vc="1" uspid="31" ordinal="10" offset="212" sl="65" sc="9" el="65" ec="10" bec="0" bev="0" fileid="1" />
              </SequencePoints>
              <BranchPoints />
              <MethodPoint xsi:type="SequencePoint" vc="1" uspid="21" ordinal="0" offset="0" sl="52" sc="9" el="52" ec="10" bec="0" bev="0" fileid="1" />
            </Method>
            <Method visited="true" cyclomaticComplexity="1" nPathComplexity="0" sequenceCoverage="100" branchCoverage="100" crapScore="1" isConstructor="false" isStatic="false" isGetter="false" isSetter="false">
              <Summary numSequencePoints="16" visitedSequencePoints="16" numBranchPoints="1" visitedBranchPoints="1" sequenceCoverage="100" branchCoverage="100" maxCyclomaticComplexity="1" minCyclomaticComplexity="1" maxCrapScore="1" minCrapScore="1" visitedClasses="0" numClasses="0" visitedMethods="1" numMethods="1" />
              <MetadataToken>100663302</MetadataToken>
              <Name>System.Void Homework.Model.Tests.DrawingStateTests::MouseMoveTest()</Name>
              <FileRef uid="1" />
              <SequencePoints>
                <SequencePoint vc="1" uspid="32" ordinal="0" offset="0" sl="70" sc="9" el="70" ec="10" bec="0" bev="0" fileid="1" />
                <SequencePoint vc="1" uspid="33" ordinal="1" offset="1" sl="71" sc="13" el="71" ec="50" bec="0" bev="0" fileid="1" />
                <SequencePoint vc="1" uspid="34" ordinal="2" offset="25" sl="72" sc="13" el="72" ec="51" bec="0" bev="0" fileid="1" />
                <SequencePoint vc="1" uspid="35" ordinal="3" offset="49" sl="74" sc="13" el="74" ec="112" bec="0" bev="0" fileid="1" />
                <SequencePoint vc="1" uspid="36" ordinal="4" offset="101" sl="75" sc="13" el="75" ec="61" bec="0" bev="0" fileid="1" />
                <SequencePoint vc="1" uspid="37" ordinal="5" offset="120" sl="76" sc="13" el="76" ec="52" bec="0" bev="0" fileid="1" />
                <SequencePoint vc="1" uspid="38" ordinal="6" offset="137" sl="77" sc="13" el="77" ec="53" bec="0" bev="0" fileid="1" />
                <SequencePoint vc="1" uspid="39" ordinal="7" offset="154" sl="79" sc="13" el="79" ec="105" bec="0" bev="0" fileid="1" />
                <SequencePoint vc="1" uspid="40" ordinal="8" offset="184" sl="80" sc="13" el="80" ec="61" bec="0" bev="0" fileid="1" />
                <SequencePoint vc="1" uspid="41" ordinal="9" offset="203" sl="81" sc="13" el="81" ec="55" bec="0" bev="0" fileid="1" />
                <SequencePoint vc="1" uspid="42" ordinal="10" offset="220" sl="82" sc="13" el="82" ec="52" bec="0" bev="0" fileid="1" />
                <SequencePoint vc="1" uspid="43" ordinal="11" offset="237" sl="83" sc="13" el="83" ec="76" bec="0" bev="0" fileid="1" />
                <SequencePoint vc="1" uspid="44" ordinal="12" offset="270" sl="84" sc="13" el="84" ec="76" bec="0" bev="0" fileid="1" />
                <SequencePoint vc="1" uspid="45" ordinal="13" offset="303" sl="86" sc="13" el="86" ec="84" bec="0" bev="0" fileid="1" />
                <SequencePoint vc="1" uspid="46" ordinal="14" offset="327" sl="87" sc="13" el="87" ec="43" bec="0" bev="0" fileid="1" />
                <SequencePoint vc="1" uspid="47" ordinal="15" offset="340" sl="88" sc="9" el="88" ec="10" bec="0" bev="0" fileid="1" />
              </SequencePoints>
              <BranchPoints />
              <MethodPoint xsi:type="SequencePoint" vc="1" uspid="32" ordinal="0" offset="0" sl="70" sc="9" el="70" ec="10" bec="0" bev="0" fileid="1" />
            </Method>
            <Method visited="true" cyclomaticComplexity="1" nPathComplexity="0" sequenceCoverage="100" branchCoverage="100" crapScore="1" isConstructor="false" isStatic="false" isGetter="false" isSetter="false">
              <Summary numSequencePoints="11" visitedSequencePoints="11" numBranchPoints="1" visitedBranchPoints="1" sequenceCoverage="100" branchCoverage="100" maxCyclomaticComplexity="1" minCyclomaticComplexity="1" maxCrapScore="1" minCrapScore="1" visitedClasses="0" numClasses="0" visitedMethods="1" numMethods="1" />
              <MetadataToken>100663303</MetadataToken>
              <Name>System.Void Homework.Model.Tests.DrawingStateTests::MouseUpTest()</Name>
              <FileRef uid="1" />
              <SequencePoints>
                <SequencePoint vc="1" uspid="48" ordinal="0" offset="0" sl="93" sc="9" el="93" ec="10" bec="0" bev="0" fileid="1" />
                <SequencePoint vc="1" uspid="49" ordinal="1" offset="1" sl="94" sc="13" el="94" ec="50" bec="0" bev="0" fileid="1" />
                <SequencePoint vc="1" uspid="50" ordinal="2" offset="25" sl="96" sc="13" el="96" ec="112" bec="0" bev="0" fileid="1" />
                <SequencePoint vc="1" uspid="51" ordinal="3" offset="77" sl="97" sc="13" el="97" ec="84" bec="0" bev="0" fileid="1" />
                <SequencePoint vc="1" uspid="52" ordinal="4" offset="101" sl="98" sc="13" el="98" ec="57" bec="0" bev="0" fileid="1" />
                <SequencePoint vc="1" uspid="53" ordinal="5" offset="124" sl="100" sc="13" el="100" ec="105" bec="0" bev="0" fileid="1" />
                <SequencePoint vc="1" uspid="54" ordinal="6" offset="154" sl="101" sc="13" el="101" ec="84" bec="0" bev="0" fileid="1" />
                <SequencePoint vc="1" uspid="55" ordinal="7" offset="178" sl="102" sc="13" el="102" ec="57" bec="0" bev="0" fileid="1" />
                <SequencePoint vc="1" uspid="56" ordinal="8" offset="201" sl="103" sc="13" el="103" ec="73" bec="0" bev="0" fileid="1" />
                <SequencePoint vc="1" uspid="57" ordinal="9" offset="234" sl="105" sc="13" el="105" ec="43" bec="0" bev="0" fileid="1" />
                <SequencePoint vc="1" uspid="58" ordinal="10" offset="247" sl="106" sc="9" el="106" ec="10" bec="0" bev="0" fileid="1" />
              </SequencePoints>
              <BranchPoints />
              <MethodPoint xsi:type="SequencePoint" vc="1" uspid="48" ordinal="0" offset="0" sl="93" sc="9" el="93" ec="10" bec="0" bev="0" fileid="1" />
            </Method>
            <Method visited="true" cyclomaticComplexity="1" nPathComplexity="0" sequenceCoverage="100" branchCoverage="100" crapScore="1" isConstructor="false" isStatic="false" isGetter="false" isSetter="false">
              <Summary numSequencePoints="15" visitedSequencePoints="15" numBranchPoints="1" visitedBranchPoints="1" sequenceCoverage="100" branchCoverage="100" maxCyclomaticComplexity="1" minCyclomaticComplexity="1" maxCrapScore="1" minCrapScore="1" visitedClasses="0" numClasses="0" visitedMethods="1" numMethods="1" />
              <MetadataToken>100663304</MetadataToken>
              <Name>System.Void Homework.Model.Tests.DrawingStateTests::DrawingTest()</Name>
              <FileRef uid="1" />
              <SequencePoints>
                <SequencePoint vc="1" uspid="59" ordinal="0" offset="0" sl="111" sc="9" el="111" ec="10" bec="0" bev="0" fileid="1" />
                <SequencePoint vc="1" uspid="60" ordinal="1" offset="1" sl="112" sc="13" el="112" ec="50" bec="0" bev="0" fileid="1" />
                <SequencePoint vc="1" uspid="61" ordinal="2" offset="25" sl="114" sc="13" el="114" ec="112" bec="0" bev="0" fileid="1" />
                <SequencePoint vc="1" uspid="62" ordinal="3" offset="77" sl="115" sc="13" el="115" ec="63" bec="0" bev="0" fileid="1" />
                <SequencePoint vc="1" uspid="63" ordinal="4" offset="101" sl="116" sc="13" el="116" ec="52" bec="0" bev="0" fileid="1" />
                <SequencePoint vc="1" uspid="64" ordinal="5" offset="118" sl="117" sc="13" el="117" ec="53" bec="0" bev="0" fileid="1" />
                <SequencePoint vc="1" uspid="65" ordinal="6" offset="135" sl="118" sc="13" el="118" ec="57" bec="0" bev="0" fileid="1" />
                <SequencePoint vc="1" uspid="66" ordinal="7" offset="153" sl="120" sc="13" el="120" ec="105" bec="0" bev="0" fileid="1" />
                <SequencePoint vc="1" uspid="67" ordinal="8" offset="183" sl="121" sc="13" el="121" ec="63" bec="0" bev="0" fileid="1" />
                <SequencePoint vc="1" uspid="68" ordinal="9" offset="207" sl="122" sc="13" el="122" ec="55" bec="0" bev="0" fileid="1" />
                <SequencePoint vc="1" uspid="69" ordinal="10" offset="224" sl="123" sc="13" el="123" ec="52" bec="0" bev="0" fileid="1" />
                <SequencePoint vc="1" uspid="70" ordinal="11" offset="241" sl="124" sc="13" el="124" ec="57" bec="0" bev="0" fileid="1" />
                <SequencePoint vc="1" uspid="71" ordinal="12" offset="259" sl="126" sc="13" el="126" ec="84" bec="0" bev="0" fileid="1" />
                <SequencePoint vc="1" uspid="72" ordinal="13" offset="283" sl="127" sc="13" el="127" ec="43" bec="0" bev="0" fileid="1" />
                <SequencePoint vc="1" uspid="73" ordinal="14" offset="296" sl="128" sc="9" el="128" ec="10" bec="0" bev="0" fileid="1" />
              </SequencePoints>
              <BranchPoints />
              <MethodPoint xsi:type="SequencePoint" vc="1" uspid="59" ordinal="0" offset="0" sl="111" sc="9" el="111" ec="10" bec="0" bev="0" fileid="1" />
            </Method>
            <Method visited="false" cyclomaticComplexity="1" nPathComplexity="0" sequenceCoverage="0" branchCoverage="0" crapScore="2" isConstructor="true" isStatic="false" isGetter="false" isSetter="false">
              <Summary numSequencePoints="0" visitedSequencePoints="0" numBranchPoints="0" visitedBranchPoints="0" sequenceCoverage="0" branchCoverage="0" maxCyclomaticComplexity="1" minCyclomaticComplexity="1" maxCrapScore="2" minCrapScore="2" visitedClasses="0" numClasses="0" visitedMethods="0" numMethods="0" />
              <MetadataToken>100663305</MetadataToken>
              <Name>System.Void Homework.Model.Tests.DrawingStateTests::.ctor()</Name>
              <SequencePoints />
              <BranchPoints />
              <MethodPoint vc="0" uspid="74" ordinal="0" offset="0" />
            </Method>
          </Methods>
        </Class>
        <Class>
          <Summary numSequencePoints="22" visitedSequencePoints="22" numBranchPoints="5" visitedBranchPoints="5" sequenceCoverage="100" branchCoverage="100" maxCyclomaticComplexity="1" minCyclomaticComplexity="1" maxCrapScore="2" minCrapScore="1" visitedClasses="1" numClasses="1" visitedMethods="5" numMethods="5" />
          <FullName>Homework.Model.Tests.LineTests</FullName>
          <Methods>
            <Method visited="true" cyclomaticComplexity="1" nPathComplexity="0" sequenceCoverage="100" branchCoverage="100" crapScore="1" isConstructor="false" isStatic="false" isGetter="false" isSetter="false">
              <Summary numSequencePoints="4" visitedSequencePoints="4" numBranchPoints="1" visitedBranchPoints="1" sequenceCoverage="100" branchCoverage="100" maxCyclomaticComplexity="1" minCyclomaticComplexity="1" maxCrapScore="1" minCrapScore="1" visitedClasses="0" numClasses="0" visitedMethods="1" numMethods="1" />
              <MetadataToken>100663306</MetadataToken>
              <Name>System.Void Homework.Model.Tests.LineTests::Initialize()</Name>
              <FileRef uid="2" />
              <SequencePoints>
                <SequencePoint vc="4" uspid="75" ordinal="0" offset="0" sl="14" sc="9" el="14" ec="10" bec="0" bev="0" fileid="2" />
                <SequencePoint vc="4" uspid="76" ordinal="1" offset="1" sl="15" sc="13" el="15" ec="64" bec="0" bev="0" fileid="2" />
                <SequencePoint vc="4" uspid="77" ordinal="2" offset="58" sl="16" sc="13" el="16" ec="48" bec="0" bev="0" fileid="2" />
                <SequencePoint vc="4" uspid="78" ordinal="3" offset="69" sl="17" sc="9" el="17" ec="10" bec="0" bev="0" fileid="2" />
              </SequencePoints>
              <BranchPoints />
              <MethodPoint xsi:type="SequencePoint" vc="4" uspid="75" ordinal="0" offset="0" sl="14" sc="9" el="14" ec="10" bec="0" bev="0" fileid="2" />
            </Method>
            <Method visited="true" cyclomaticComplexity="1" nPathComplexity="0" sequenceCoverage="100" branchCoverage="100" crapScore="1" isConstructor="false" isStatic="false" isGetter="false" isSetter="false">
              <Summary numSequencePoints="4" visitedSequencePoints="4" numBranchPoints="1" visitedBranchPoints="1" sequenceCoverage="100" branchCoverage="100" maxCyclomaticComplexity="1" minCyclomaticComplexity="1" maxCrapScore="1" minCrapScore="1" visitedClasses="0" numClasses="0" visitedMethods="1" numMethods="1" />
              <MetadataToken>100663307</MetadataToken>
              <Name>System.Void Homework.Model.Tests.LineTests::DrawTest()</Name>
              <FileRef uid="2" />
              <SequencePoints>
                <SequencePoint vc="1" uspid="79" ordinal="0" offset="0" sl="22" sc="9" el="22" ec="10" bec="0" bev="0" fileid="2" />
                <SequencePoint vc="1" uspid="80" ordinal="1" offset="1" sl="23" sc="13" el="23" ec="39" bec="0" bev="0" fileid="2" />
                <SequencePoint vc="1" uspid="81" ordinal="2" offset="19" sl="24" sc="13" el="24" ec="57" bec="0" bev="0" fileid="2" />
                <SequencePoint vc="1" uspid="82" ordinal="3" offset="37" sl="25" sc="9" el="25" ec="10" bec="0" bev="0" fileid="2" />
              </SequencePoints>
              <BranchPoints />
              <MethodPoint xsi:type="SequencePoint" vc="1" uspid="79" ordinal="0" offset="0" sl="22" sc="9" el="22" ec="10" bec="0" bev="0" fileid="2" />
            </Method>
            <Method visited="true" cyclomaticComplexity="1" nPathComplexity="0" sequenceCoverage="100" branchCoverage="100" crapScore="1" isConstructor="false" isStatic="false" isGetter="false" isSetter="false">
              <Summary numSequencePoints="3" visitedSequencePoints="3" numBranchPoints="1" visitedBranchPoints="1" sequenceCoverage="100" branchCoverage="100" maxCyclomaticComplexity="1" minCyclomaticComplexity="1" maxCrapScore="1" minCrapScore="1" visitedClasses="0" numClasses="0" visitedMethods="1" numMethods="1" />
              <MetadataToken>100663308</MetadataToken>
              <Name>System.Void Homework.Model.Tests.LineTests::GetShapeNameTest()</Name>
              <FileRef uid="2" />
              <SequencePoints>
                <SequencePoint vc="1" uspid="83" ordinal="0" offset="0" sl="30" sc="9" el="30" ec="10" bec="0" bev="0" fileid="2" />
                <SequencePoint vc="1" uspid="84" ordinal="1" offset="1" sl="31" sc="13" el="31" ec="75" bec="0" bev="0" fileid="2" />
                <SequencePoint vc="1" uspid="85" ordinal="2" offset="23" sl="32" sc="9" el="32" ec="10" bec="0" bev="0" fileid="2" />
              </SequencePoints>
              <BranchPoints />
              <MethodPoint xsi:type="SequencePoint" vc="1" uspid="83" ordinal="0" offset="0" sl="30" sc="9" el="30" ec="10" bec="0" bev="0" fileid="2" />
            </Method>
            <Method visited="true" cyclomaticComplexity="1" nPathComplexity="0" sequenceCoverage="100" branchCoverage="100" crapScore="1" isConstructor="false" isStatic="false" isGetter="false" isSetter="false">
              <Summary numSequencePoints="3" visitedSequencePoints="3" numBranchPoints="1" visitedBranchPoints="1" sequenceCoverage="100" branchCoverage="100" maxCyclomaticComplexity="1" minCyclomaticComplexity="1" maxCrapScore="1" minCrapScore="1" visitedClasses="0" numClasses="0" visitedMethods="1" numMethods="1" />
              <MetadataToken>100663309</MetadataToken>
              <Name>System.Void Homework.Model.Tests.LineTests::GetInfoTest()</Name>
              <FileRef uid="2" />
              <SequencePoints>
                <SequencePoint vc="1" uspid="86" ordinal="0" offset="0" sl="37" sc="9" el="37" ec="10" bec="0" bev="0" fileid="2" />
                <SequencePoint vc="1" uspid="87" ordinal="1" offset="1" sl="38" sc="13" el="38" ec="64" bec="0" bev="0" fileid="2" />
                <SequencePoint vc="1" uspid="88" ordinal="2" offset="23" sl="39" sc="9" el="39" ec="10" bec="0" bev="0" fileid="2" />
              </SequencePoints>
              <BranchPoints />
              <MethodPoint xsi:type="SequencePoint" vc="1" uspid="86" ordinal="0" offset="0" sl="37" sc="9" el="37" ec="10" bec="0" bev="0" fileid="2" />
            </Method>
            <Method visited="true" cyclomaticComplexity="1" nPathComplexity="0" sequenceCoverage="100" branchCoverage="100" crapScore="1" isConstructor="false" isStatic="false" isGetter="false" isSetter="false">
              <Summary numSequencePoints="8" visitedSequencePoints="8" numBranchPoints="1" visitedBranchPoints="1" sequenceCoverage="100" branchCoverage="100" maxCyclomaticComplexity="1" minCyclomaticComplexity="1" maxCrapScore="1" minCrapScore="1" visitedClasses="0" numClasses="0" visitedMethods="1" numMethods="1" />
              <MetadataToken>100663310</MetadataToken>
              <Name>System.Void Homework.Model.Tests.LineTests::ResetPointTest()</Name>
              <FileRef uid="2" />
              <SequencePoints>
                <SequencePoint vc="1" uspid="89" ordinal="0" offset="0" sl="44" sc="9" el="44" ec="10" bec="0" bev="0" fileid="2" />
                <SequencePoint vc="1" uspid="90" ordinal="1" offset="1" sl="45" sc="13" el="45" ec="44" bec="0" bev="0" fileid="2" />
                <SequencePoint vc="1" uspid="91" ordinal="2" offset="25" sl="46" sc="13" el="46" ec="44" bec="0" bev="0" fileid="2" />
                <SequencePoint vc="1" uspid="92" ordinal="3" offset="49" sl="47" sc="13" el="47" ec="35" bec="0" bev="0" fileid="2" />
                <SequencePoint vc="1" uspid="93" ordinal="4" offset="62" sl="48" sc="13" el="48" ec="35" bec="0" bev="0" fileid="2" />
                <SequencePoint vc="1" uspid="94" ordinal="5" offset="75" sl="49" sc="13" el="49" ec="32" bec="0" bev="0" fileid="2" />
                <SequencePoint vc="1" uspid="95" ordinal="6" offset="87" sl="50" sc="13" el="50" ec="64" bec="0" bev="0" fileid="2" />
                <SequencePoint vc="1" uspid="96" ordinal="7" offset="109" sl="51" sc="9" el="51" ec="10" bec="0" bev="0" fileid="2" />
              </SequencePoints>
              <BranchPoints />
              <MethodPoint xsi:type="SequencePoint" vc="1" uspid="89" ordinal="0" offset="0" sl="44" sc="9" el="44" ec="10" bec="0" bev="0" fileid="2" />
            </Method>
            <Method visited="false" cyclomaticComplexity="1" nPathComplexity="0" sequenceCoverage="0" branchCoverage="0" crapScore="2" isConstructor="true" isStatic="false" isGetter="false" isSetter="false">
              <Summary numSequencePoints="0" visitedSequencePoints="0" numBranchPoints="0" visitedBranchPoints="0" sequenceCoverage="0" branchCoverage="0" maxCyclomaticComplexity="1" minCyclomaticComplexity="1" maxCrapScore="2" minCrapScore="2" visitedClasses="0" numClasses="0" visitedMethods="0" numMethods="0" />
              <MetadataToken>100663311</MetadataToken>
              <Name>System.Void Homework.Model.Tests.LineTests::.ctor()</Name>
              <SequencePoints />
              <BranchPoints />
              <MethodPoint vc="0" uspid="97" ordinal="0" offset="0" />
            </Method>
          </Methods>
        </Class>
        <Class>
          <Summary numSequencePoints="41" visitedSequencePoints="41" numBranchPoints="13" visitedBranchPoints="13" sequenceCoverage="100" branchCoverage="100" maxCyclomaticComplexity="1" minCyclomaticComplexity="1" maxCrapScore="1" minCrapScore="1" visitedClasses="1" numClasses="1" visitedMethods="13" numMethods="13" />
          <FullName>Homework.Model.Tests.MockGraphics</FullName>
          <Methods>
            <Method visited="true" cyclomaticComplexity="1" nPathComplexity="0" sequenceCoverage="100" branchCoverage="100" crapScore="1" isConstructor="false" isStatic="false" isGetter="true" isSetter="false">
              <Summary numSequencePoints="3" visitedSequencePoints="3" numBranchPoints="1" visitedBranchPoints="1" sequenceCoverage="100" branchCoverage="100" maxCyclomaticComplexity="1" minCyclomaticComplexity="1" maxCrapScore="1" minCrapScore="1" visitedClasses="0" numClasses="0" visitedMethods="1" numMethods="1" />
              <MetadataToken>100663314</MetadataToken>
              <Name>System.Int32 Homework.Model.Tests.MockGraphics::get_CountLine()</Name>
              <FileRef uid="3" />
              <SequencePoints>
                <SequencePoint vc="3" uspid="98" ordinal="0" offset="0" sl="27" sc="13" el="27" ec="14" bec="0" bev="0" fileid="3" />
                <SequencePoint vc="3" uspid="99" ordinal="1" offset="1" sl="28" sc="17" el="28" ec="39" bec="0" bev="0" fileid="3" />
                <SequencePoint vc="3" uspid="100" ordinal="2" offset="10" sl="29" sc="13" el="29" ec="14" bec="0" bev="0" fileid="3" />
              </SequencePoints>
              <BranchPoints />
              <MethodPoint xsi:type="SequencePoint" vc="3" uspid="98" ordinal="0" offset="0" sl="27" sc="13" el="27" ec="14" bec="0" bev="0" fileid="3" />
            </Method>
            <Method visited="true" cyclomaticComplexity="1" nPathComplexity="0" sequenceCoverage="100" branchCoverage="100" crapScore="1" isConstructor="false" isStatic="false" isGetter="true" isSetter="false">
              <Summary numSequencePoints="3" visitedSequencePoints="3" numBranchPoints="1" visitedBranchPoints="1" sequenceCoverage="100" branchCoverage="100" maxCyclomaticComplexity="1" minCyclomaticComplexity="1" maxCrapScore="1" minCrapScore="1" visitedClasses="0" numClasses="0" visitedMethods="1" numMethods="1" />
              <MetadataToken>100663315</MetadataToken>
              <Name>System.Int32 Homework.Model.Tests.MockGraphics::get_CountRectangle()</Name>
              <FileRef uid="3" />
              <SequencePoints>
                <SequencePoint vc="1" uspid="101" ordinal="0" offset="0" sl="35" sc="13" el="35" ec="14" bec="0" bev="0" fileid="3" />
                <SequencePoint vc="1" uspid="102" ordinal="1" offset="1" sl="36" sc="17" el="36" ec="44" bec="0" bev="0" fileid="3" />
                <SequencePoint vc="1" uspid="103" ordinal="2" offset="10" sl="37" sc="13" el="37" ec="14" bec="0" bev="0" fileid="3" />
              </SequencePoints>
              <BranchPoints />
              <MethodPoint xsi:type="SequencePoint" vc="1" uspid="101" ordinal="0" offset="0" sl="35" sc="13" el="35" ec="14" bec="0" bev="0" fileid="3" />
            </Method>
            <Method visited="true" cyclomaticComplexity="1" nPathComplexity="0" sequenceCoverage="100" branchCoverage="100" crapScore="1" isConstructor="false" isStatic="false" isGetter="true" isSetter="false">
              <Summary numSequencePoints="3" visitedSequencePoints="3" numBranchPoints="1" visitedBranchPoints="1" sequenceCoverage="100" branchCoverage="100" maxCyclomaticComplexity="1" minCyclomaticComplexity="1" maxCrapScore="1" minCrapScore="1" visitedClasses="0" numClasses="0" visitedMethods="1" numMethods="1" />
              <MetadataToken>100663316</MetadataToken>
              <Name>System.Int32 Homework.Model.Tests.MockGraphics::get_CountEllipse()</Name>
              <FileRef uid="3" />
              <SequencePoints>
                <SequencePoint vc="2" uspid="104" ordinal="0" offset="0" sl="43" sc="13" el="43" ec="14" bec="0" bev="0" fileid="3" />
                <SequencePoint vc="2" uspid="105" ordinal="1" offset="1" sl="44" sc="17" el="44" ec="42" bec="0" bev="0" fileid="3" />
                <SequencePoint vc="2" uspid="106" ordinal="2" offset="10" sl="45" sc="13" el="45" ec="14" bec="0" bev="0" fileid="3" />
              </SequencePoints>
              <BranchPoints />
              <MethodPoint xsi:type="SequencePoint" vc="2" uspid="104" ordinal="0" offset="0" sl="43" sc="13" el="43" ec="14" bec="0" bev="0" fileid="3" />
            </Method>
            <Method visited="true" cyclomaticComplexity="1" nPathComplexity="0" sequenceCoverage="100" branchCoverage="100" crapScore="1" isConstructor="false" isStatic="false" isGetter="true" isSetter="false">
              <Summary numSequencePoints="3" visitedSequencePoints="3" numBranchPoints="1" visitedBranchPoints="1" sequenceCoverage="100" branchCoverage="100" maxCyclomaticComplexity="1" minCyclomaticComplexity="1" maxCrapScore="1" minCrapScore="1" visitedClasses="0" numClasses="0" visitedMethods="1" numMethods="1" />
              <MetadataToken>100663317</MetadataToken>
              <Name>System.Int32 Homework.Model.Tests.MockGraphics::get_CountHint()</Name>
              <FileRef uid="3" />
              <SequencePoints>
                <SequencePoint vc="1" uspid="107" ordinal="0" offset="0" sl="51" sc="13" el="51" ec="14" bec="0" bev="0" fileid="3" />
                <SequencePoint vc="1" uspid="108" ordinal="1" offset="1" sl="52" sc="17" el="52" ec="39" bec="0" bev="0" fileid="3" />
                <SequencePoint vc="1" uspid="109" ordinal="2" offset="10" sl="53" sc="13" el="53" ec="14" bec="0" bev="0" fileid="3" />
              </SequencePoints>
              <BranchPoints />
              <MethodPoint xsi:type="SequencePoint" vc="1" uspid="107" ordinal="0" offset="0" sl="51" sc="13" el="51" ec="14" bec="0" bev="0" fileid="3" />
            </Method>
            <Method visited="true" cyclomaticComplexity="1" nPathComplexity="0" sequenceCoverage="100" branchCoverage="100" crapScore="1" isConstructor="false" isStatic="false" isGetter="true" isSetter="false">
              <Summary numSequencePoints="3" visitedSequencePoints="3" numBranchPoints="1" visitedBranchPoints="1" sequenceCoverage="100" branchCoverage="100" maxCyclomaticComplexity="1" minCyclomaticComplexity="1" maxCrapScore="1" minCrapScore="1" visitedClasses="0" numClasses="0" visitedMethods="1" numMethods="1" />
              <MetadataToken>100663318</MetadataToken>
              <Name>System.Int32 Homework.Model.Tests.MockGraphics::get_CountHintCircle()</Name>
              <FileRef uid="3" />
              <SequencePoints>
                <SequencePoint vc="1" uspid="110" ordinal="0" offset="0" sl="59" sc="13" el="59" ec="14" bec="0" bev="0" fileid="3" />
                <SequencePoint vc="1" uspid="111" ordinal="1" offset="1" sl="60" sc="17" el="60" ec="45" bec="0" bev="0" fileid="3" />
                <SequencePoint vc="1" uspid="112" ordinal="2" offset="10" sl="61" sc="13" el="61" ec="14" bec="0" bev="0" fileid="3" />
              </SequencePoints>
              <BranchPoints />
              <MethodPoint xsi:type="SequencePoint" vc="1" uspid="110" ordinal="0" offset="0" sl="59" sc="13" el="59" ec="14" bec="0" bev="0" fileid="3" />
            </Method>
            <Method visited="true" cyclomaticComplexity="1" nPathComplexity="0" sequenceCoverage="100" branchCoverage="100" crapScore="1" isConstructor="true" isStatic="false" isGetter="false" isSetter="false">
              <Summary numSequencePoints="4" visitedSequencePoints="4" numBranchPoints="1" visitedBranchPoints="1" sequenceCoverage="100" branchCoverage="100" maxCyclomaticComplexity="1" minCyclomaticComplexity="1" maxCrapScore="1" minCrapScore="1" visitedClasses="0" numClasses="0" visitedMethods="1" numMethods="1" />
              <MetadataToken>100663312</MetadataToken>
              <Name>System.Void Homework.Model.Tests.MockGraphics::.ctor()</Name>
              <FileRef uid="3" />
              <SequencePoints>
                <SequencePoint vc="24" uspid="113" ordinal="0" offset="0" sl="11" sc="9" el="11" ec="30" bec="0" bev="0" fileid="3" />
                <SequencePoint vc="24" uspid="114" ordinal="1" offset="7" sl="12" sc="9" el="12" ec="10" bec="0" bev="0" fileid="3" />
                <SequencePoint vc="24" uspid="115" ordinal="2" offset="8" sl="13" sc="13" el="13" ec="29" bec="0" bev="0" fileid="3" />
                <SequencePoint vc="24" uspid="116" ordinal="3" offset="15" sl="14" sc="9" el="14" ec="10" bec="0" bev="0" fileid="3" />
              </SequencePoints>
              <BranchPoints />
              <MethodPoint xsi:type="SequencePoint" vc="24" uspid="113" ordinal="0" offset="0" sl="11" sc="9" el="11" ec="30" bec="0" bev="0" fileid="3" />
            </Method>
            <Method visited="true" cyclomaticComplexity="1" nPathComplexity="0" sequenceCoverage="100" branchCoverage="100" crapScore="1" isConstructor="false" isStatic="false" isGetter="false" isSetter="false">
              <Summary numSequencePoints="5" visitedSequencePoints="5" numBranchPoints="1" visitedBranchPoints="1" sequenceCoverage="100" branchCoverage="100" maxCyclomaticComplexity="1" minCyclomaticComplexity="1" maxCrapScore="1" minCrapScore="1" visitedClasses="0" numClasses="0" visitedMethods="1" numMethods="1" />
              <MetadataToken>100663313</MetadataToken>
              <Name>System.Void Homework.Model.Tests.MockGraphics::ResetAllCount()</Name>
              <FileRef uid="3" />
              <SequencePoints>
                <SequencePoint vc="24" uspid="117" ordinal="0" offset="0" sl="18" sc="9" el="18" ec="10" bec="0" bev="0" fileid="3" />
                <SequencePoint vc="24" uspid="118" ordinal="1" offset="1" sl="19" sc="13" el="19" ec="32" bec="0" bev="0" fileid="3" />
                <SequencePoint vc="24" uspid="119" ordinal="2" offset="8" sl="20" sc="13" el="20" ec="37" bec="0" bev="0" fileid="3" />
                <SequencePoint vc="24" uspid="120" ordinal="3" offset="15" sl="21" sc="13" el="21" ec="35" bec="0" bev="0" fileid="3" />
                <SequencePoint vc="24" uspid="121" ordinal="4" offset="22" sl="22" sc="9" el="22" ec="10" bec="0" bev="0" fileid="3" />
              </SequencePoints>
              <BranchPoints />
              <MethodPoint xsi:type="SequencePoint" vc="24" uspid="117" ordinal="0" offset="0" sl="18" sc="9" el="18" ec="10" bec="0" bev="0" fileid="3" />
            </Method>
            <Method visited="true" cyclomaticComplexity="1" nPathComplexity="0" sequenceCoverage="100" branchCoverage="100" crapScore="1" isConstructor="false" isStatic="false" isGetter="false" isSetter="false">
              <Summary numSequencePoints="2" visitedSequencePoints="2" numBranchPoints="1" visitedBranchPoints="1" sequenceCoverage="100" branchCoverage="100" maxCyclomaticComplexity="1" minCyclomaticComplexity="1" maxCrapScore="1" minCrapScore="1" visitedClasses="0" numClasses="0" visitedMethods="1" numMethods="1" />
              <MetadataToken>100663319</MetadataToken>
              <Name>System.Void Homework.Model.Tests.MockGraphics::ClearAll()</Name>
              <FileRef uid="3" />
              <SequencePoints>
                <SequencePoint vc="1" uspid="122" ordinal="0" offset="0" sl="66" sc="9" el="66" ec="10" bec="0" bev="0" fileid="3" />
                <SequencePoint vc="1" uspid="123" ordinal="1" offset="1" sl="68" sc="9" el="68" ec="10" bec="0" bev="0" fileid="3" />
              </SequencePoints>
              <BranchPoints />
              <MethodPoint xsi:type="SequencePoint" vc="1" uspid="122" ordinal="0" offset="0" sl="66" sc="9" el="66" ec="10" bec="0" bev="0" fileid="3" />
            </Method>
            <Method visited="true" cyclomaticComplexity="1" nPathComplexity="0" sequenceCoverage="100" branchCoverage="100" crapScore="1" isConstructor="false" isStatic="false" isGetter="false" isSetter="false">
              <Summary numSequencePoints="3" visitedSequencePoints="3" numBranchPoints="1" visitedBranchPoints="1" sequenceCoverage="100" branchCoverage="100" maxCyclomaticComplexity="1" minCyclomaticComplexity="1" maxCrapScore="1" minCrapScore="1" visitedClasses="0" numClasses="0" visitedMethods="1" numMethods="1" />
              <MetadataToken>100663320</MetadataToken>
              <Name>System.Void Homework.Model.Tests.MockGraphics::DrawLine(System.Double,System.Double,System.Double,System.Double)</Name>
              <FileRef uid="3" />
              <SequencePoints>
                <SequencePoint vc="2" uspid="124" ordinal="0" offset="0" sl="72" sc="9" el="72" ec="10" bec="0" bev="0" fileid="3" />
                <SequencePoint vc="2" uspid="125" ordinal="1" offset="1" sl="73" sc="13" el="73" ec="30" bec="0" bev="0" fileid="3" />
                <SequencePoint vc="2" uspid="126" ordinal="2" offset="15" sl="74" sc="9" el="74" ec="10" bec="0" bev="0" fileid="3" />
              </SequencePoints>
              <BranchPoints />
              <MethodPoint xsi:type="SequencePoint" vc="2" uspid="124" ordinal="0" offset="0" sl="72" sc="9" el="72" ec="10" bec="0" bev="0" fileid="3" />
            </Method>
            <Method visited="true" cyclomaticComplexity="1" nPathComplexity="0" sequenceCoverage="100" branchCoverage="100" crapScore="1" isConstructor="false" isStatic="false" isGetter="false" isSetter="false">
              <Summary numSequencePoints="3" visitedSequencePoints="3" numBranchPoints="1" visitedBranchPoints="1" sequenceCoverage="100" branchCoverage="100" maxCyclomaticComplexity="1" minCyclomaticComplexity="1" maxCrapScore="1" minCrapScore="1" visitedClasses="0" numClasses="0" visitedMethods="1" numMethods="1" />
              <MetadataToken>100663321</MetadataToken>
              <Name>System.Void Homework.Model.Tests.MockGraphics::DrawRectangle(System.Double,System.Double,System.Double,System.Double)</Name>
              <FileRef uid="3" />
              <SequencePoints>
                <SequencePoint vc="1" uspid="127" ordinal="0" offset="0" sl="78" sc="9" el="78" ec="10" bec="0" bev="0" fileid="3" />
                <SequencePoint vc="1" uspid="128" ordinal="1" offset="1" sl="79" sc="13" el="79" ec="35" bec="0" bev="0" fileid="3" />
                <SequencePoint vc="1" uspid="129" ordinal="2" offset="15" sl="80" sc="9" el="80" ec="10" bec="0" bev="0" fileid="3" />
              </SequencePoints>
              <BranchPoints />
              <MethodPoint xsi:type="SequencePoint" vc="1" uspid="127" ordinal="0" offset="0" sl="78" sc="9" el="78" ec="10" bec="0" bev="0" fileid="3" />
            </Method>
            <Method visited="true" cyclomaticComplexity="1" nPathComplexity="0" sequenceCoverage="100" branchCoverage="100" crapScore="1" isConstructor="false" isStatic="false" isGetter="false" isSetter="false">
              <Summary numSequencePoints="3" visitedSequencePoints="3" numBranchPoints="1" visitedBranchPoints="1" sequenceCoverage="100" branchCoverage="100" maxCyclomaticComplexity="1" minCyclomaticComplexity="1" maxCrapScore="1" minCrapScore="1" visitedClasses="0" numClasses="0" visitedMethods="1" numMethods="1" />
              <MetadataToken>100663322</MetadataToken>
              <Name>System.Void Homework.Model.Tests.MockGraphics::DrawEllipse(System.Double,System.Double,System.Double,System.Double)</Name>
              <FileRef uid="3" />
              <SequencePoints>
                <SequencePoint vc="2" uspid="130" ordinal="0" offset="0" sl="84" sc="9" el="84" ec="10" bec="0" bev="0" fileid="3" />
                <SequencePoint vc="2" uspid="131" ordinal="1" offset="1" sl="85" sc="13" el="85" ec="33" bec="0" bev="0" fileid="3" />
                <SequencePoint vc="2" uspid="132" ordinal="2" offset="15" sl="86" sc="9" el="86" ec="10" bec="0" bev="0" fileid="3" />
              </SequencePoints>
              <BranchPoints />
              <MethodPoint xsi:type="SequencePoint" vc="2" uspid="130" ordinal="0" offset="0" sl="84" sc="9" el="84" ec="10" bec="0" bev="0" fileid="3" />
            </Method>
            <Method visited="true" cyclomaticComplexity="1" nPathComplexity="0" sequenceCoverage="100" branchCoverage="100" crapScore="1" isConstructor="false" isStatic="false" isGetter="false" isSetter="false">
              <Summary numSequencePoints="3" visitedSequencePoints="3" numBranchPoints="1" visitedBranchPoints="1" sequenceCoverage="100" branchCoverage="100" maxCyclomaticComplexity="1" minCyclomaticComplexity="1" maxCrapScore="1" minCrapScore="1" visitedClasses="0" numClasses="0" visitedMethods="1" numMethods="1" />
              <MetadataToken>100663323</MetadataToken>
              <Name>System.Void Homework.Model.Tests.MockGraphics::DrawHint(System.Double,System.Double,System.Double,System.Double)</Name>
              <FileRef uid="3" />
              <SequencePoints>
                <SequencePoint vc="1" uspid="133" ordinal="0" offset="0" sl="90" sc="9" el="90" ec="10" bec="0" bev="0" fileid="3" />
                <SequencePoint vc="1" uspid="134" ordinal="1" offset="1" sl="91" sc="13" el="91" ec="30" bec="0" bev="0" fileid="3" />
                <SequencePoint vc="1" uspid="135" ordinal="2" offset="15" sl="92" sc="9" el="92" ec="10" bec="0" bev="0" fileid="3" />
              </SequencePoints>
              <BranchPoints />
              <MethodPoint xsi:type="SequencePoint" vc="1" uspid="133" ordinal="0" offset="0" sl="90" sc="9" el="90" ec="10" bec="0" bev="0" fileid="3" />
            </Method>
            <Method visited="true" cyclomaticComplexity="1" nPathComplexity="0" sequenceCoverage="100" branchCoverage="100" crapScore="1" isConstructor="false" isStatic="false" isGetter="false" isSetter="false">
              <Summary numSequencePoints="3" visitedSequencePoints="3" numBranchPoints="1" visitedBranchPoints="1" sequenceCoverage="100" branchCoverage="100" maxCyclomaticComplexity="1" minCyclomaticComplexity="1" maxCrapScore="1" minCrapScore="1" visitedClasses="0" numClasses="0" visitedMethods="1" numMethods="1" />
              <MetadataToken>100663324</MetadataToken>
              <Name>System.Void Homework.Model.Tests.MockGraphics::DrawHintCircle(System.Double,System.Double,System.Double,System.Double)</Name>
              <FileRef uid="3" />
              <SequencePoints>
                <SequencePoint vc="8" uspid="136" ordinal="0" offset="0" sl="96" sc="9" el="96" ec="10" bec="0" bev="0" fileid="3" />
                <SequencePoint vc="8" uspid="137" ordinal="1" offset="1" sl="97" sc="13" el="97" ec="36" bec="0" bev="0" fileid="3" />
                <SequencePoint vc="8" uspid="138" ordinal="2" offset="15" sl="98" sc="9" el="98" ec="10" bec="0" bev="0" fileid="3" />
              </SequencePoints>
              <BranchPoints />
              <MethodPoint xsi:type="SequencePoint" vc="8" uspid="136" ordinal="0" offset="0" sl="96" sc="9" el="96" ec="10" bec="0" bev="0" fileid="3" />
            </Method>
          </Methods>
        </Class>
        <Class>
          <Summary numSequencePoints="14" visitedSequencePoints="14" numBranchPoints="4" visitedBranchPoints="4" sequenceCoverage="100" branchCoverage="100" maxCyclomaticComplexity="1" minCyclomaticComplexity="1" maxCrapScore="2" minCrapScore="1" visitedClasses="1" numClasses="1" visitedMethods="4" numMethods="4" />
          <FullName>Homework.Model.Tests.EllipseTests</FullName>
          <Methods>
            <Method visited="true" cyclomaticComplexity="1" nPathComplexity="0" sequenceCoverage="100" branchCoverage="100" crapScore="1" isConstructor="false" isStatic="false" isGetter="false" isSetter="false">
              <Summary numSequencePoints="4" visitedSequencePoints="4" numBranchPoints="1" visitedBranchPoints="1" sequenceCoverage="100" branchCoverage="100" maxCyclomaticComplexity="1" minCyclomaticComplexity="1" maxCrapScore="1" minCrapScore="1" visitedClasses="0" numClasses="0" visitedMethods="1" numMethods="1" />
              <MetadataToken>100663325</MetadataToken>
              <Name>System.Void Homework.Model.Tests.EllipseTests::Initialize()</Name>
              <FileRef uid="4" />
              <SequencePoints>
                <SequencePoint vc="3" uspid="139" ordinal="0" offset="0" sl="14" sc="9" el="14" ec="10" bec="0" bev="0" fileid="4" />
                <SequencePoint vc="3" uspid="140" ordinal="1" offset="1" sl="15" sc="13" el="15" ec="70" bec="0" bev="0" fileid="4" />
                <SequencePoint vc="3" uspid="141" ordinal="2" offset="58" sl="16" sc="13" el="16" ec="48" bec="0" bev="0" fileid="4" />
                <SequencePoint vc="3" uspid="142" ordinal="3" offset="69" sl="17" sc="9" el="17" ec="10" bec="0" bev="0" fileid="4" />
              </SequencePoints>
              <BranchPoints />
              <MethodPoint xsi:type="SequencePoint" vc="3" uspid="139" ordinal="0" offset="0" sl="14" sc="9" el="14" ec="10" bec="0" bev="0" fileid="4" />
            </Method>
            <Method visited="true" cyclomaticComplexity="1" nPathComplexity="0" sequenceCoverage="100" branchCoverage="100" crapScore="1" isConstructor="false" isStatic="false" isGetter="false" isSetter="false">
              <Summary numSequencePoints="4" visitedSequencePoints="4" numBranchPoints="1" visitedBranchPoints="1" sequenceCoverage="100" branchCoverage="100" maxCyclomaticComplexity="1" minCyclomaticComplexity="1" maxCrapScore="1" minCrapScore="1" visitedClasses="0" numClasses="0" visitedMethods="1" numMethods="1" />
              <MetadataToken>100663326</MetadataToken>
              <Name>System.Void Homework.Model.Tests.EllipseTests::DrawTest()</Name>
              <FileRef uid="4" />
              <SequencePoints>
                <SequencePoint vc="1" uspid="143" ordinal="0" offset="0" sl="22" sc="9" el="22" ec="10" bec="0" bev="0" fileid="4" />
                <SequencePoint vc="1" uspid="144" ordinal="1" offset="1" sl="23" sc="13" el="23" ec="42" bec="0" bev="0" fileid="4" />
                <SequencePoint vc="1" uspid="145" ordinal="2" offset="19" sl="24" sc="13" el="24" ec="60" bec="0" bev="0" fileid="4" />
                <SequencePoint vc="1" uspid="146" ordinal="3" offset="37" sl="25" sc="9" el="25" ec="10" bec="0" bev="0" fileid="4" />
              </SequencePoints>
              <BranchPoints />
              <MethodPoint xsi:type="SequencePoint" vc="1" uspid="143" ordinal="0" offset="0" sl="22" sc="9" el="22" ec="10" bec="0" bev="0" fileid="4" />
            </Method>
            <Method visited="true" cyclomaticComplexity="1" nPathComplexity="0" sequenceCoverage="100" branchCoverage="100" crapScore="1" isConstructor="false" isStatic="false" isGetter="false" isSetter="false">
              <Summary numSequencePoints="3" visitedSequencePoints="3" numBranchPoints="1" visitedBranchPoints="1" sequenceCoverage="100" branchCoverage="100" maxCyclomaticComplexity="1" minCyclomaticComplexity="1" maxCrapScore="1" minCrapScore="1" visitedClasses="0" numClasses="0" visitedMethods="1" numMethods="1" />
              <MetadataToken>100663327</MetadataToken>
              <Name>System.Void Homework.Model.Tests.EllipseTests::GetShapeNameTest()</Name>
              <FileRef uid="4" />
              <SequencePoints>
                <SequencePoint vc="1" uspid="147" ordinal="0" offset="0" sl="30" sc="9" el="30" ec="10" bec="0" bev="0" fileid="4" />
                <SequencePoint vc="1" uspid="148" ordinal="1" offset="1" sl="31" sc="13" el="31" ec="81" bec="0" bev="0" fileid="4" />
                <SequencePoint vc="1" uspid="149" ordinal="2" offset="23" sl="32" sc="9" el="32" ec="10" bec="0" bev="0" fileid="4" />
              </SequencePoints>
              <BranchPoints />
              <MethodPoint xsi:type="SequencePoint" vc="1" uspid="147" ordinal="0" offset="0" sl="30" sc="9" el="30" ec="10" bec="0" bev="0" fileid="4" />
            </Method>
            <Method visited="true" cyclomaticComplexity="1" nPathComplexity="0" sequenceCoverage="100" branchCoverage="100" crapScore="1" isConstructor="false" isStatic="false" isGetter="false" isSetter="false">
              <Summary numSequencePoints="3" visitedSequencePoints="3" numBranchPoints="1" visitedBranchPoints="1" sequenceCoverage="100" branchCoverage="100" maxCyclomaticComplexity="1" minCyclomaticComplexity="1" maxCrapScore="1" minCrapScore="1" visitedClasses="0" numClasses="0" visitedMethods="1" numMethods="1" />
              <MetadataToken>100663328</MetadataToken>
              <Name>System.Void Homework.Model.Tests.EllipseTests::GetInfoTest()</Name>
              <FileRef uid="4" />
              <SequencePoints>
                <SequencePoint vc="1" uspid="150" ordinal="0" offset="0" sl="37" sc="9" el="37" ec="10" bec="0" bev="0" fileid="4" />
                <SequencePoint vc="1" uspid="151" ordinal="1" offset="1" sl="38" sc="13" el="38" ec="67" bec="0" bev="0" fileid="4" />
                <SequencePoint vc="1" uspid="152" ordinal="2" offset="23" sl="39" sc="9" el="39" ec="10" bec="0" bev="0" fileid="4" />
              </SequencePoints>
              <BranchPoints />
              <MethodPoint xsi:type="SequencePoint" vc="1" uspid="150" ordinal="0" offset="0" sl="37" sc="9" el="37" ec="10" bec="0" bev="0" fileid="4" />
            </Method>
            <Method visited="false" cyclomaticComplexity="1" nPathComplexity="0" sequenceCoverage="0" branchCoverage="0" crapScore="2" isConstructor="true" isStatic="false" isGetter="false" isSetter="false">
              <Summary numSequencePoints="0" visitedSequencePoints="0" numBranchPoints="0" visitedBranchPoints="0" sequenceCoverage="0" branchCoverage="0" maxCyclomaticComplexity="1" minCyclomaticComplexity="1" maxCrapScore="2" minCrapScore="2" visitedClasses="0" numClasses="0" visitedMethods="0" numMethods="0" />
              <MetadataToken>100663329</MetadataToken>
              <Name>System.Void Homework.Model.Tests.EllipseTests::.ctor()</Name>
              <SequencePoints />
              <BranchPoints />
              <MethodPoint vc="0" uspid="153" ordinal="0" offset="0" />
            </Method>
          </Methods>
        </Class>
        <Class>
          <Summary numSequencePoints="14" visitedSequencePoints="14" numBranchPoints="4" visitedBranchPoints="4" sequenceCoverage="100" branchCoverage="100" maxCyclomaticComplexity="1" minCyclomaticComplexity="1" maxCrapScore="2" minCrapScore="1" visitedClasses="1" numClasses="1" visitedMethods="4" numMethods="4" />
          <FullName>Homework.Model.Tests.RectangleTests</FullName>
          <Methods>
            <Method visited="true" cyclomaticComplexity="1" nPathComplexity="0" sequenceCoverage="100" branchCoverage="100" crapScore="1" isConstructor="false" isStatic="false" isGetter="false" isSetter="false">
              <Summary numSequencePoints="4" visitedSequencePoints="4" numBranchPoints="1" visitedBranchPoints="1" sequenceCoverage="100" branchCoverage="100" maxCyclomaticComplexity="1" minCyclomaticComplexity="1" maxCrapScore="1" minCrapScore="1" visitedClasses="0" numClasses="0" visitedMethods="1" numMethods="1" />
              <MetadataToken>100663330</MetadataToken>
              <Name>System.Void Homework.Model.Tests.RectangleTests::Initialize()</Name>
              <FileRef uid="5" />
              <SequencePoints>
                <SequencePoint vc="3" uspid="154" ordinal="0" offset="0" sl="14" sc="9" el="14" ec="10" bec="0" bev="0" fileid="5" />
                <SequencePoint vc="3" uspid="155" ordinal="1" offset="1" sl="15" sc="13" el="15" ec="74" bec="0" bev="0" fileid="5" />
                <SequencePoint vc="3" uspid="156" ordinal="2" offset="58" sl="16" sc="13" el="16" ec="48" bec="0" bev="0" fileid="5" />
                <SequencePoint vc="3" uspid="157" ordinal="3" offset="69" sl="17" sc="9" el="17" ec="10" bec="0" bev="0" fileid="5" />
              </SequencePoints>
              <BranchPoints />
              <MethodPoint xsi:type="SequencePoint" vc="3" uspid="154" ordinal="0" offset="0" sl="14" sc="9" el="14" ec="10" bec="0" bev="0" fileid="5" />
            </Method>
            <Method visited="true" cyclomaticComplexity="1" nPathComplexity="0" sequenceCoverage="100" branchCoverage="100" crapScore="1" isConstructor="false" isStatic="false" isGetter="false" isSetter="false">
              <Summary numSequencePoints="4" visitedSequencePoints="4" numBranchPoints="1" visitedBranchPoints="1" sequenceCoverage="100" branchCoverage="100" maxCyclomaticComplexity="1" minCyclomaticComplexity="1" maxCrapScore="1" minCrapScore="1" visitedClasses="0" numClasses="0" visitedMethods="1" numMethods="1" />
              <MetadataToken>100663331</MetadataToken>
              <Name>System.Void Homework.Model.Tests.RectangleTests::DrawTest()</Name>
              <FileRef uid="5" />
              <SequencePoints>
                <SequencePoint vc="1" uspid="158" ordinal="0" offset="0" sl="22" sc="9" el="22" ec="10" bec="0" bev="0" fileid="5" />
                <SequencePoint vc="1" uspid="159" ordinal="1" offset="1" sl="23" sc="13" el="23" ec="44" bec="0" bev="0" fileid="5" />
                <SequencePoint vc="1" uspid="160" ordinal="2" offset="19" sl="24" sc="13" el="24" ec="62" bec="0" bev="0" fileid="5" />
                <SequencePoint vc="1" uspid="161" ordinal="3" offset="37" sl="25" sc="9" el="25" ec="10" bec="0" bev="0" fileid="5" />
              </SequencePoints>
              <BranchPoints />
              <MethodPoint xsi:type="SequencePoint" vc="1" uspid="158" ordinal="0" offset="0" sl="22" sc="9" el="22" ec="10" bec="0" bev="0" fileid="5" />
            </Method>
            <Method visited="true" cyclomaticComplexity="1" nPathComplexity="0" sequenceCoverage="100" branchCoverage="100" crapScore="1" isConstructor="false" isStatic="false" isGetter="false" isSetter="false">
              <Summary numSequencePoints="3" visitedSequencePoints="3" numBranchPoints="1" visitedBranchPoints="1" sequenceCoverage="100" branchCoverage="100" maxCyclomaticComplexity="1" minCyclomaticComplexity="1" maxCrapScore="1" minCrapScore="1" visitedClasses="0" numClasses="0" visitedMethods="1" numMethods="1" />
              <MetadataToken>100663332</MetadataToken>
              <Name>System.Void Homework.Model.Tests.RectangleTests::GetShapeNameTest()</Name>
              <FileRef uid="5" />
              <SequencePoints>
                <SequencePoint vc="1" uspid="162" ordinal="0" offset="0" sl="30" sc="9" el="30" ec="10" bec="0" bev="0" fileid="5" />
                <SequencePoint vc="1" uspid="163" ordinal="1" offset="1" sl="31" sc="13" el="31" ec="85" bec="0" bev="0" fileid="5" />
                <SequencePoint vc="1" uspid="164" ordinal="2" offset="23" sl="32" sc="9" el="32" ec="10" bec="0" bev="0" fileid="5" />
              </SequencePoints>
              <BranchPoints />
              <MethodPoint xsi:type="SequencePoint" vc="1" uspid="162" ordinal="0" offset="0" sl="30" sc="9" el="30" ec="10" bec="0" bev="0" fileid="5" />
            </Method>
            <Method visited="true" cyclomaticComplexity="1" nPathComplexity="0" sequenceCoverage="100" branchCoverage="100" crapScore="1" isConstructor="false" isStatic="false" isGetter="false" isSetter="false">
              <Summary numSequencePoints="3" visitedSequencePoints="3" numBranchPoints="1" visitedBranchPoints="1" sequenceCoverage="100" branchCoverage="100" maxCyclomaticComplexity="1" minCyclomaticComplexity="1" maxCrapScore="1" minCrapScore="1" visitedClasses="0" numClasses="0" visitedMethods="1" numMethods="1" />
              <MetadataToken>100663333</MetadataToken>
              <Name>System.Void Homework.Model.Tests.RectangleTests::GetInfoTest()</Name>
              <FileRef uid="5" />
              <SequencePoints>
                <SequencePoint vc="1" uspid="165" ordinal="0" offset="0" sl="37" sc="9" el="37" ec="10" bec="0" bev="0" fileid="5" />
                <SequencePoint vc="1" uspid="166" ordinal="1" offset="1" sl="38" sc="13" el="38" ec="69" bec="0" bev="0" fileid="5" />
                <SequencePoint vc="1" uspid="167" ordinal="2" offset="23" sl="39" sc="9" el="39" ec="10" bec="0" bev="0" fileid="5" />
              </SequencePoints>
              <BranchPoints />
              <MethodPoint xsi:type="SequencePoint" vc="1" uspid="165" ordinal="0" offset="0" sl="37" sc="9" el="37" ec="10" bec="0" bev="0" fileid="5" />
            </Method>
            <Method visited="false" cyclomaticComplexity="1" nPathComplexity="0" sequenceCoverage="0" branchCoverage="0" crapScore="2" isConstructor="true" isStatic="false" isGetter="false" isSetter="false">
              <Summary numSequencePoints="0" visitedSequencePoints="0" numBranchPoints="0" visitedBranchPoints="0" sequenceCoverage="0" branchCoverage="0" maxCyclomaticComplexity="1" minCyclomaticComplexity="1" maxCrapScore="2" minCrapScore="2" visitedClasses="0" numClasses="0" visitedMethods="0" numMethods="0" />
              <MetadataToken>100663334</MetadataToken>
              <Name>System.Void Homework.Model.Tests.RectangleTests::.ctor()</Name>
              <SequencePoints />
              <BranchPoints />
              <MethodPoint vc="0" uspid="168" ordinal="0" offset="0" />
            </Method>
          </Methods>
        </Class>
        <Class>
          <Summary numSequencePoints="18" visitedSequencePoints="18" numBranchPoints="4" visitedBranchPoints="4" sequenceCoverage="100" branchCoverage="100" maxCyclomaticComplexity="1" minCyclomaticComplexity="1" maxCrapScore="2" minCrapScore="1" visitedClasses="1" numClasses="1" visitedMethods="4" numMethods="4" />
          <FullName>Homework.Model.Tests.ShapeFactoryTests</FullName>
          <Methods>
            <Method visited="true" cyclomaticComplexity="1" nPathComplexity="0" sequenceCoverage="100" branchCoverage="100" crapScore="1" isConstructor="false" isStatic="false" isGetter="false" isSetter="false">
              <Summary numSequencePoints="3" visitedSequencePoints="3" numBranchPoints="1" visitedBranchPoints="1" sequenceCoverage="100" branchCoverage="100" maxCyclomaticComplexity="1" minCyclomaticComplexity="1" maxCrapScore="1" minCrapScore="1" visitedClasses="0" numClasses="0" visitedMethods="1" numMethods="1" />
              <MetadataToken>100663335</MetadataToken>
              <Name>System.Void Homework.Model.Tests.ShapeFactoryTests::Initialize()</Name>
              <FileRef uid="6" />
              <SequencePoints>
                <SequencePoint vc="2" uspid="169" ordinal="0" offset="0" sl="14" sc="9" el="14" ec="10" bec="0" bev="0" fileid="6" />
                <SequencePoint vc="2" uspid="170" ordinal="1" offset="1" sl="15" sc="13" el="15" ec="48" bec="0" bev="0" fileid="6" />
                <SequencePoint vc="2" uspid="171" ordinal="2" offset="12" sl="16" sc="9" el="16" ec="10" bec="0" bev="0" fileid="6" />
              </SequencePoints>
              <BranchPoints />
              <MethodPoint xsi:type="SequencePoint" vc="2" uspid="169" ordinal="0" offset="0" sl="14" sc="9" el="14" ec="10" bec="0" bev="0" fileid="6" />
            </Method>
            <Method visited="true" cyclomaticComplexity="1" nPathComplexity="0" sequenceCoverage="100" branchCoverage="100" crapScore="1" isConstructor="false" isStatic="false" isGetter="false" isSetter="false">
              <Summary numSequencePoints="8" visitedSequencePoints="8" numBranchPoints="1" visitedBranchPoints="1" sequenceCoverage="100" branchCoverage="100" maxCyclomaticComplexity="1" minCyclomaticComplexity="1" maxCrapScore="1" minCrapScore="1" visitedClasses="0" numClasses="0" visitedMethods="1" numMethods="1" />
              <MetadataToken>100663336</MetadataToken>
              <Name>System.Void Homework.Model.Tests.ShapeFactoryTests::AddDrawingShapeTest()</Name>
              <FileRef uid="6" />
              <SequencePoints>
                <SequencePoint vc="1" uspid="172" ordinal="0" offset="13" sl="21" sc="9" el="21" ec="10" bec="0" bev="0" fileid="6" />
                <SequencePoint vc="1" uspid="173" ordinal="1" offset="14" sl="22" sc="13" el="22" ec="44" bec="0" bev="0" fileid="6" />
                <SequencePoint vc="1" uspid="174" ordinal="2" offset="43" sl="23" sc="13" el="23" ec="44" bec="0" bev="0" fileid="6" />
                <SequencePoint vc="1" uspid="175" ordinal="3" offset="72" sl="24" sc="13" el="24" ec="122" bec="0" bev="0" fileid="6" />
                <SequencePoint vc="1" uspid="176" ordinal="4" offset="116" sl="25" sc="13" el="25" ec="132" bec="0" bev="0" fileid="6" />
                <SequencePoint vc="1" uspid="177" ordinal="5" offset="160" sl="26" sc="13" el="26" ec="128" bec="0" bev="0" fileid="6" />
                <SequencePoint vc="1" uspid="178" ordinal="6" offset="204" sl="27" sc="13" el="27" ec="120" bec="0" bev="0" fileid="6" />
                <SequencePoint vc="1" uspid="179" ordinal="7" offset="222" sl="28" sc="9" el="28" ec="10" bec="0" bev="0" fileid="6" />
              </SequencePoints>
              <BranchPoints />
              <MethodPoint vc="1" uspid="180" ordinal="0" offset="0" />
            </Method>
            <Method visited="true" cyclomaticComplexity="1" nPathComplexity="0" sequenceCoverage="100" branchCoverage="100" crapScore="1" isConstructor="false" isStatic="false" isGetter="false" isSetter="false">
              <Summary numSequencePoints="6" visitedSequencePoints="6" numBranchPoints="1" visitedBranchPoints="1" sequenceCoverage="100" branchCoverage="100" maxCyclomaticComplexity="1" minCyclomaticComplexity="1" maxCrapScore="1" minCrapScore="1" visitedClasses="0" numClasses="0" visitedMethods="1" numMethods="1" />
              <MetadataToken>100663337</MetadataToken>
              <Name>System.Void Homework.Model.Tests.ShapeFactoryTests::CreateShapeTest()</Name>
              <FileRef uid="6" />
              <SequencePoints>
                <SequencePoint vc="1" uspid="181" ordinal="0" offset="0" sl="33" sc="9" el="33" ec="10" bec="0" bev="0" fileid="6" />
                <SequencePoint vc="1" uspid="182" ordinal="1" offset="1" sl="34" sc="13" el="34" ec="102" bec="0" bev="0" fileid="6" />
                <SequencePoint vc="1" uspid="183" ordinal="2" offset="33" sl="35" sc="13" el="35" ec="112" bec="0" bev="0" fileid="6" />
                <SequencePoint vc="1" uspid="184" ordinal="3" offset="65" sl="36" sc="13" el="36" ec="108" bec="0" bev="0" fileid="6" />
                <SequencePoint vc="1" uspid="185" ordinal="4" offset="97" sl="37" sc="13" el="37" ec="100" bec="0" bev="0" fileid="6" />
                <SequencePoint vc="1" uspid="186" ordinal="5" offset="115" sl="38" sc="9" el="38" ec="10" bec="0" bev="0" fileid="6" />
              </SequencePoints>
              <BranchPoints />
              <MethodPoint xsi:type="SequencePoint" vc="1" uspid="181" ordinal="0" offset="0" sl="33" sc="9" el="33" ec="10" bec="0" bev="0" fileid="6" />
            </Method>
            <Method visited="false" cyclomaticComplexity="1" nPathComplexity="0" sequenceCoverage="0" branchCoverage="0" crapScore="2" isConstructor="true" isStatic="false" isGetter="false" isSetter="false">
              <Summary numSequencePoints="0" visitedSequencePoints="0" numBranchPoints="0" visitedBranchPoints="0" sequenceCoverage="0" branchCoverage="0" maxCyclomaticComplexity="1" minCyclomaticComplexity="1" maxCrapScore="2" minCrapScore="2" visitedClasses="0" numClasses="0" visitedMethods="0" numMethods="0" />
              <MetadataToken>100663338</MetadataToken>
              <Name>System.Void Homework.Model.Tests.ShapeFactoryTests::.ctor()</Name>
              <SequencePoints />
              <BranchPoints />
              <MethodPoint vc="0" uspid="187" ordinal="0" offset="0" />
            </Method>
            <Method visited="true" cyclomaticComplexity="1" nPathComplexity="0" sequenceCoverage="100" branchCoverage="100" crapScore="1" isConstructor="false" isStatic="false" isGetter="false" isSetter="false">
              <Summary numSequencePoints="1" visitedSequencePoints="1" numBranchPoints="1" visitedBranchPoints="1" sequenceCoverage="100" branchCoverage="100" maxCyclomaticComplexity="1" minCyclomaticComplexity="1" maxCrapScore="1" minCrapScore="1" visitedClasses="0" numClasses="0" visitedMethods="1" numMethods="1" />
              <MetadataToken>100663339</MetadataToken>
              <Name>System.Object Homework.Model.Tests.ShapeFactoryTests::&lt;CreateShapeTest&gt;b__3_0()</Name>
              <FileRef uid="6" />
              <SequencePoints>
                <SequencePoint vc="1" uspid="188" ordinal="0" offset="0" sl="37" sc="61" el="37" ec="98" bec="0" bev="0" fileid="6" />
              </SequencePoints>
              <BranchPoints />
              <MethodPoint xsi:type="SequencePoint" vc="1" uspid="188" ordinal="0" offset="0" sl="37" sc="61" el="37" ec="98" bec="0" bev="0" fileid="6" />
            </Method>
          </Methods>
        </Class>
        <Class>
          <Summary numSequencePoints="1" visitedSequencePoints="1" numBranchPoints="1" visitedBranchPoints="1" sequenceCoverage="100" branchCoverage="100" maxCyclomaticComplexity="1" minCyclomaticComplexity="1" maxCrapScore="2" minCrapScore="1" visitedClasses="1" numClasses="1" visitedMethods="1" numMethods="1" />
          <FullName>Homework.Model.Tests.ShapeFactoryTests/&lt;&gt;c__DisplayClass2_0</FullName>
          <Methods>
            <Method visited="false" cyclomaticComplexity="1" nPathComplexity="0" sequenceCoverage="0" branchCoverage="0" crapScore="2" isConstructor="true" isStatic="false" isGetter="false" isSetter="false">
              <Summary numSequencePoints="0" visitedSequencePoints="0" numBranchPoints="0" visitedBranchPoints="0" sequenceCoverage="0" branchCoverage="0" maxCyclomaticComplexity="1" minCyclomaticComplexity="1" maxCrapScore="2" minCrapScore="2" visitedClasses="0" numClasses="0" visitedMethods="0" numMethods="0" />
              <MetadataToken>100663360</MetadataToken>
              <Name>System.Void Homework.Model.Tests.ShapeFactoryTests/&lt;&gt;c__DisplayClass2_0::.ctor()</Name>
              <SequencePoints />
              <BranchPoints />
              <MethodPoint vc="0" uspid="189" ordinal="0" offset="0" />
            </Method>
            <Method visited="true" cyclomaticComplexity="1" nPathComplexity="0" sequenceCoverage="100" branchCoverage="100" crapScore="1" isConstructor="false" isStatic="false" isGetter="false" isSetter="false">
              <Summary numSequencePoints="1" visitedSequencePoints="1" numBranchPoints="1" visitedBranchPoints="1" sequenceCoverage="100" branchCoverage="100" maxCyclomaticComplexity="1" minCyclomaticComplexity="1" maxCrapScore="1" minCrapScore="1" visitedClasses="0" numClasses="0" visitedMethods="1" numMethods="1" />
              <MetadataToken>100663361</MetadataToken>
              <Name>System.Object Homework.Model.Tests.ShapeFactoryTests/&lt;&gt;c__DisplayClass2_0::&lt;AddDrawingShapeTest&gt;b__0()</Name>
              <FileRef uid="6" />
              <SequencePoints>
                <SequencePoint vc="1" uspid="190" ordinal="0" offset="0" sl="27" sc="61" el="27" ec="118" bec="0" bev="0" fileid="6" />
              </SequencePoints>
              <BranchPoints />
              <MethodPoint xsi:type="SequencePoint" vc="1" uspid="190" ordinal="0" offset="0" sl="27" sc="61" el="27" ec="118" bec="0" bev="0" fileid="6" />
            </Method>
          </Methods>
        </Class>
        <Class>
          <Summary numSequencePoints="65" visitedSequencePoints="65" numBranchPoints="8" visitedBranchPoints="8" sequenceCoverage="100" branchCoverage="100" maxCyclomaticComplexity="1" minCyclomaticComplexity="1" maxCrapScore="2" minCrapScore="1" visitedClasses="1" numClasses="1" visitedMethods="8" numMethods="8" />
          <FullName>Homework.Model.Tests.ShapesTests</FullName>
          <Methods>
            <Method visited="true" cyclomaticComplexity="1" nPathComplexity="0" sequenceCoverage="100" branchCoverage="100" crapScore="1" isConstructor="false" isStatic="false" isGetter="false" isSetter="false">
              <Summary numSequencePoints="3" visitedSequencePoints="3" numBranchPoints="1" visitedBranchPoints="1" sequenceCoverage="100" branchCoverage="100" maxCyclomaticComplexity="1" minCyclomaticComplexity="1" maxCrapScore="1" minCrapScore="1" visitedClasses="0" numClasses="0" visitedMethods="1" numMethods="1" />
              <MetadataToken>100663340</MetadataToken>
              <Name>System.Void Homework.Model.Tests.ShapesTests::Initialize()</Name>
              <FileRef uid="8" />
              <SequencePoints>
                <SequencePoint vc="7" uspid="191" ordinal="0" offset="0" sl="13" sc="9" el="13" ec="10" bec="0" bev="0" fileid="8" />
                <SequencePoint vc="7" uspid="192" ordinal="1" offset="1" sl="14" sc="13" el="14" ec="36" bec="0" bev="0" fileid="8" />
                <SequencePoint vc="7" uspid="193" ordinal="2" offset="12" sl="15" sc="9" el="15" ec="10" bec="0" bev="0" fileid="8" />
              </SequencePoints>
              <BranchPoints />
              <MethodPoint xsi:type="SequencePoint" vc="7" uspid="191" ordinal="0" offset="0" sl="13" sc="9" el="13" ec="10" bec="0" bev="0" fileid="8" />
            </Method>
            <Method visited="true" cyclomaticComplexity="1" nPathComplexity="0" sequenceCoverage="100" branchCoverage="100" crapScore="1" isConstructor="false" isStatic="false" isGetter="false" isSetter="false">
              <Summary numSequencePoints="6" visitedSequencePoints="6" numBranchPoints="1" visitedBranchPoints="1" sequenceCoverage="100" branchCoverage="100" maxCyclomaticComplexity="1" minCyclomaticComplexity="1" maxCrapScore="1" minCrapScore="1" visitedClasses="0" numClasses="0" visitedMethods="1" numMethods="1" />
              <MetadataToken>100663341</MetadataToken>
              <Name>System.Void Homework.Model.Tests.ShapesTests::AddNewShapeByDrawingTest()</Name>
              <FileRef uid="8" />
              <SequencePoints>
                <SequencePoint vc="1" uspid="194" ordinal="0" offset="0" sl="20" sc="9" el="20" ec="10" bec="0" bev="0" fileid="8" />
                <SequencePoint vc="1" uspid="195" ordinal="1" offset="1" sl="21" sc="13" el="21" ec="56" bec="0" bev="0" fileid="8" />
                <SequencePoint vc="1" uspid="196" ordinal="2" offset="18" sl="22" sc="13" el="22" ec="102" bec="0" bev="0" fileid="8" />
                <SequencePoint vc="1" uspid="197" ordinal="3" offset="81" sl="23" sc="13" el="23" ec="72" bec="0" bev="0" fileid="8" />
                <SequencePoint vc="1" uspid="198" ordinal="4" offset="106" sl="24" sc="13" el="24" ec="43" bec="0" bev="0" fileid="8" />
                <SequencePoint vc="1" uspid="199" ordinal="5" offset="119" sl="25" sc="9" el="25" ec="10" bec="0" bev="0" fileid="8" />
              </SequencePoints>
              <BranchPoints />
              <MethodPoint xsi:type="SequencePoint" vc="1" uspid="194" ordinal="0" offset="0" sl="20" sc="9" el="20" ec="10" bec="0" bev="0" fileid="8" />
            </Method>
            <Method visited="true" cyclomaticComplexity="1" nPathComplexity="0" sequenceCoverage="100" branchCoverage="100" crapScore="1" isConstructor="false" isStatic="false" isGetter="false" isSetter="false">
              <Summary numSequencePoints="6" visitedSequencePoints="6" numBranchPoints="1" visitedBranchPoints="1" sequenceCoverage="100" branchCoverage="100" maxCyclomaticComplexity="1" minCyclomaticComplexity="1" maxCrapScore="1" minCrapScore="1" visitedClasses="0" numClasses="0" visitedMethods="1" numMethods="1" />
              <MetadataToken>100663342</MetadataToken>
              <Name>System.Void Homework.Model.Tests.ShapesTests::AddNewShapeByRandomTest()</Name>
              <FileRef uid="8" />
              <SequencePoints>
                <SequencePoint vc="1" uspid="200" ordinal="0" offset="0" sl="30" sc="9" el="30" ec="10" bec="0" bev="0" fileid="8" />
                <SequencePoint vc="1" uspid="201" ordinal="1" offset="1" sl="31" sc="13" el="31" ec="56" bec="0" bev="0" fileid="8" />
                <SequencePoint vc="1" uspid="202" ordinal="2" offset="18" sl="32" sc="13" el="32" ec="68" bec="0" bev="0" fileid="8" />
                <SequencePoint vc="1" uspid="203" ordinal="3" offset="35" sl="33" sc="13" el="33" ec="72" bec="0" bev="0" fileid="8" />
                <SequencePoint vc="1" uspid="204" ordinal="4" offset="60" sl="34" sc="13" el="34" ec="43" bec="0" bev="0" fileid="8" />
                <SequencePoint vc="1" uspid="205" ordinal="5" offset="73" sl="35" sc="9" el="35" ec="10" bec="0" bev="0" fileid="8" />
              </SequencePoints>
              <BranchPoints />
              <MethodPoint xsi:type="SequencePoint" vc="1" uspid="200" ordinal="0" offset="0" sl="30" sc="9" el="30" ec="10" bec="0" bev="0" fileid="8" />
            </Method>
[...]
              <Summary numSequencePoints="6" visitedSequencePoints="0" numBranchPoints="1" visitedBranchPoints="0" sequenceCoverage="0" branchCoverage="0" maxCyclomaticComplexity="1" minCyclomaticComplexity="1" maxCrapScore="2" minCrapScore="2" visitedClasses="0" numClasses="0" visitedMethods="0" numMethods="1" />
              <MetadataToken>100663449</MetadataToken>
              <Name>System.Void Homework.Model.Model::MovePointer(System.Double,System.Double)</Name>
              <FileRef uid="35" />
              <SequencePoints>
                <SequencePoint vc="0" uspid="1196" ordinal="0" offset="0" sl="57" sc="9" el="57" ec="10" bec="0" bev="0" fileid="35" />
                <SequencePoint vc="0" uspid="1197" ordinal="1" offset="1" sl="58" sc="13" el="58" ec="44" bec="0" bev="0" fileid="35" />
                <SequencePoint vc="0" uspid="1198" ordinal="2" offset="10" sl="59" sc="13" el="59" ec="44" bec="0" bev="0" fileid="35" />
                <SequencePoint vc="0" uspid="1199" ordinal="3" offset="19" sl="60" sc="13" el="60" ec="74" bec="0" bev="0" fileid="35" />
                <SequencePoint vc="0" uspid="1200" ordinal="4" offset="44" sl="61" sc="13" el="61" ec="34" bec="0" bev="0" fileid="35" />
                <SequencePoint vc="0" uspid="1201" ordinal="5" offset="51" sl="62" sc="9" el="62" ec="10" bec="0" bev="0" fileid="35" />
              </SequencePoints>
              <BranchPoints />
              <MethodPoint xsi:type="SequencePoint" vc="0" uspid="1196" ordinal="0" offset="0" sl="57" sc="9" el="57" ec="10" bec="0" bev="0" fileid="35" />
            </Method>
            <Method visited="false" cyclomaticComplexity="1" nPathComplexity="0" sequenceCoverage="0" branchCoverage="0" crapScore="2" isConstructor="false" isStatic="false" isGetter="false" isSetter="false">
              <Summary numSequencePoints="6" visitedSequencePoints="0" numBranchPoints="1" visitedBranchPoints="0" sequenceCoverage="0" branchCoverage="0" maxCyclomaticComplexity="1" minCyclomaticComplexity="1" maxCrapScore="2" minCrapScore="2" visitedClasses="0" numClasses="0" visitedMethods="0" numMethods="1" />
              <MetadataToken>100663450</MetadataToken>
              <Name>System.Void Homework.Model.Model::ReleasePointer(System.Double,System.Double)</Name>
              <FileRef uid="35" />
              <SequencePoints>
                <SequencePoint vc="0" uspid="1202" ordinal="0" offset="0" sl="66" sc="9" el="66" ec="10" bec="0" bev="0" fileid="35" />
                <SequencePoint vc="0" uspid="1203" ordinal="1" offset="1" sl="68" sc="13" el="68" ec="44" bec="0" bev="0" fileid="35" />
                <SequencePoint vc="0" uspid="1204" ordinal="2" offset="10" sl="69" sc="13" el="69" ec="44" bec="0" bev="0" fileid="35" />
                <SequencePoint vc="0" uspid="1205" ordinal="3" offset="19" sl="70" sc="13" el="70" ec="84" bec="0" bev="0" fileid="35" />
                <SequencePoint vc="0" uspid="1206" ordinal="4" offset="50" sl="71" sc="13" el="71" ec="34" bec="0" bev="0" fileid="35" />
                <SequencePoint vc="0" uspid="1207" ordinal="5" offset="57" sl="72" sc="9" el="72" ec="10" bec="0" bev="0" fileid="35" />
              </SequencePoints>
              <BranchPoints />
              <MethodPoint xsi:type="SequencePoint" vc="0" uspid="1202" ordinal="0" offset="0" sl="66" sc="9" el="66" ec="10" bec="0" bev="0" fileid="35" />
            </Method>
            <Method visited="false" cyclomaticComplexity="3" nPathComplexity="0" sequenceCoverage="0" branchCoverage="0" crapScore="12" isConstructor="false" isStatic="false" isGetter="false" isSetter="false">
              <Summary numSequencePoints="9" visitedSequencePoints="0" numBranchPoints="1" visitedBranchPoints="0" sequenceCoverage="0" branchCoverage="0" maxCyclomaticComplexity="3" minCyclomaticComplexity="3" maxCrapScore="12" minCrapScore="12" visitedClasses="0" numClasses="0" visitedMethods="0" numMethods="1" />
              <MetadataToken>100663451</MetadataToken>
              <Name>System.Void Homework.Model.Model::Draw(Homework.Model.IGraphics)</Name>
              <FileRef uid="35" />
              <SequencePoints>
                <SequencePoint vc="0" uspid="1208" ordinal="0" offset="0" sl="76" sc="9" el="76" ec="10" bec="0" bev="0" fileid="35" />
                <SequencePoint vc="0" uspid="1209" ordinal="1" offset="1" sl="77" sc="13" el="77" ec="33" bec="0" bev="0" fileid="35" />
                <SequencePoint vc="0" uspid="1210" ordinal="2" offset="8" sl="78" sc="13" el="78" ec="20" bec="0" bev="0" fileid="35" />
                <SequencePoint vc="0" uspid="1211" ordinal="3" offset="9" sl="78" sc="38" el="78" ec="59" bec="0" bev="0" fileid="35" />
                <SequencePoint vc="0" uspid="1212" ordinal="4" offset="28" sl="78" sc="22" el="78" ec="34" bec="0" bev="0" fileid="35" />
                <SequencePoint vc="0" uspid="1213" ordinal="5" offset="35" sl="79" sc="17" el="79" ec="39" bec="0" bev="0" fileid="35" />
                <SequencePoint vc="0" uspid="1214" ordinal="6" offset="43" sl="78" sc="35" el="78" ec="37" bec="0" bev="0" fileid="35" />
                <SequencePoint vc="0" uspid="1215" ordinal="7" offset="64" sl="80" sc="13" el="80" ec="55" bec="0" bev="0" fileid="35" />
                <SequencePoint vc="0" uspid="1216" ordinal="8" offset="83" sl="81" sc="9" el="81" ec="10" bec="0" bev="0" fileid="35" />
              </SequencePoints>
              <BranchPoints />
              <MethodPoint xsi:type="SequencePoint" vc="0" uspid="1208" ordinal="0" offset="0" sl="76" sc="9" el="76" ec="10" bec="0" bev="0" fileid="35" />
            </Method>
            <Method visited="false" cyclomaticComplexity="3" nPathComplexity="4" sequenceCoverage="0" branchCoverage="0" crapScore="12" isConstructor="false" isStatic="false" isGetter="false" isSetter="false">
              <Summary numSequencePoints="10" visitedSequencePoints="0" numBranchPoints="5" visitedBranchPoints="0" sequenceCoverage="0" branchCoverage="0" maxCyclomaticComplexity="3" minCyclomaticComplexity="3" maxCrapScore="12" minCrapScore="12" visitedClasses="0" numClasses="0" visitedMethods="0" numMethods="1" />
              <MetadataToken>100663452</MetadataToken>
              <Name>System.Double Homework.Model.Model::CheckRangeOfX(System.Double)</Name>
              <FileRef uid="35" />
              <SequencePoints>
                <SequencePoint vc="0" uspid="1219" ordinal="0" offset="0" sl="85" sc="9" el="85" ec="10" bec="0" bev="0" fileid="35" />
                <SequencePoint vc="0" uspid="1220" ordinal="1" offset="1" sl="86" sc="13" el="86" ec="28" bec="2" bev="0" fileid="35" />
                <SequencePoint vc="0" uspid="1221" ordinal="2" offset="17" sl="87" sc="13" el="87" ec="14" bec="0" bev="0" fileid="35" />
                <SequencePoint vc="0" uspid="1222" ordinal="3" offset="18" sl="88" sc="17" el="88" ec="26" bec="0" bev="0" fileid="35" />
                <SequencePoint vc="0" uspid="1223" ordinal="4" offset="30" sl="90" sc="18" el="90" ec="43" bec="2" bev="0" fileid="35" />
                <SequencePoint vc="0" uspid="1224" ordinal="5" offset="46" sl="91" sc="13" el="91" ec="14" bec="0" bev="0" fileid="35" />
                <SequencePoint vc="0" uspid="1225" ordinal="6" offset="47" sl="92" sc="17" el="92" ec="36" bec="0" bev="0" fileid="35" />
                <SequencePoint vc="0" uspid="1226" ordinal="7" offset="59" sl="95" sc="13" el="95" ec="14" bec="0" bev="0" fileid="35" />
                <SequencePoint vc="0" uspid="1227" ordinal="8" offset="60" sl="96" sc="17" el="96" ec="31" bec="0" bev="0" fileid="35" />
                <SequencePoint vc="0" uspid="1228" ordinal="9" offset="64" sl="98" sc="9" el="98" ec="10" bec="0" bev="0" fileid="35" />
              </SequencePoints>
              <BranchPoints>
                <BranchPoint vc="0" uspid="1229" ordinal="0" offset="15" sl="86" path="0" offsetend="17" fileid="35" />
                <BranchPoint vc="0" uspid="1230" ordinal="1" offset="15" sl="86" path="1" offsetend="30" fileid="35" />
                <BranchPoint vc="0" uspid="1231" ordinal="2" offset="44" sl="90" path="0" offsetend="46" fileid="35" />
                <BranchPoint vc="0" uspid="1232" ordinal="3" offset="44" sl="90" path="1" offsetend="59" fileid="35" />
              </BranchPoints>
              <MethodPoint xsi:type="SequencePoint" vc="0" uspid="1219" ordinal="0" offset="0" sl="85" sc="9" el="85" ec="10" bec="0" bev="0" fileid="35" />
            </Method>
            <Method visited="false" cyclomaticComplexity="3" nPathComplexity="4" sequenceCoverage="0" branchCoverage="0" crapScore="12" isConstructor="false" isStatic="false" isGetter="false" isSetter="false">
              <Summary numSequencePoints="10" visitedSequencePoints="0" numBranchPoints="5" visitedBranchPoints="0" sequenceCoverage="0" branchCoverage="0" maxCyclomaticComplexity="3" minCyclomaticComplexity="3" maxCrapScore="12" minCrapScore="12" visitedClasses="0" numClasses="0" visitedMethods="0" numMethods="1" />
              <MetadataToken>100663453</MetadataToken>
              <Name>System.Double Homework.Model.Model::CheckRangeOfY(System.Double)</Name>
              <FileRef uid="35" />
              <SequencePoints>
                <SequencePoint vc="0" uspid="1233" ordinal="0" offset="0" sl="102" sc="9" el="102" ec="10" bec="0" bev="0" fileid="35" />
                <SequencePoint vc="0" uspid="1234" ordinal="1" offset="1" sl="103" sc="13" el="103" ec="28" bec="2" bev="0" fileid="35" />
                <SequencePoint vc="0" uspid="1235" ordinal="2" offset="17" sl="104" sc="13" el="104" ec="14" bec="0" bev="0" fileid="35" />
                <SequencePoint vc="0" uspid="1236" ordinal="3" offset="18" sl="105" sc="17" el="105" ec="26" bec="0" bev="0" fileid="35" />
                <SequencePoint vc="0" uspid="1237" ordinal="4" offset="30" sl="107" sc="18" el="107" ec="43" bec="2" bev="0" fileid="35" />
                <SequencePoint vc="0" uspid="1238" ordinal="5" offset="46" sl="108" sc="13" el="108" ec="14" bec="0" bev="0" fileid="35" />
                <SequencePoint vc="0" uspid="1239" ordinal="6" offset="47" sl="109" sc="17" el="109" ec="36" bec="0" bev="0" fileid="35" />
                <SequencePoint vc="0" uspid="1240" ordinal="7" offset="59" sl="112" sc="13" el="112" ec="14" bec="0" bev="0" fileid="35" />
                <SequencePoint vc="0" uspid="1241" ordinal="8" offset="60" sl="113" sc="17" el="113" ec="31" bec="0" bev="0" fileid="35" />
                <SequencePoint vc="0" uspid="1242" ordinal="9" offset="64" sl="115" sc="9" el="115" ec="10" bec="0" bev="0" fileid="35" />
              </SequencePoints>
              <BranchPoints>
                <BranchPoint vc="0" uspid="1243" ordinal="0" offset="15" sl="103" path="0" offsetend="17" fileid="35" />
                <BranchPoint vc="0" uspid="1244" ordinal="1" offset="15" sl="103" path="1" offsetend="30" fileid="35" />
                <BranchPoint vc="0" uspid="1245" ordinal="2" offset="44" sl="107" path="0" offsetend="46" fileid="35" />
                <BranchPoint vc="0" uspid="1246" ordinal="3" offset="44" sl="107" path="1" offsetend="59" fileid="35" />
              </BranchPoints>
              <MethodPoint xsi:type="SequencePoint" vc="0" uspid="1233" ordinal="0" offset="0" sl="102" sc="9" el="102" ec="10" bec="0" bev="0" fileid="35" />
            </Method>
            <Method visited="false" cyclomaticComplexity="1" nPathComplexity="0" sequenceCoverage="0" branchCoverage="0" crapScore="2" isConstructor="false" isStatic="false" isGetter="false" isSetter="false">
              <Summary numSequencePoints="4" visitedSequencePoints="0" numBranchPoints="1" visitedBranchPoints="0" sequenceCoverage="0" branchCoverage="0" maxCyclomaticComplexity="1" minCyclomaticComplexity="1" maxCrapScore="2" minCrapScore="2" visitedClasses="0" numClasses="0" visitedMethods="0" numMethods="1" />
              <MetadataToken>100663454</MetadataToken>
              <Name>System.Void Homework.Model.Model::Create(System.String)</Name>
              <FileRef uid="35" />
              <SequencePoints>
                <SequencePoint vc="0" uspid="1247" ordinal="0" offset="0" sl="119" sc="9" el="119" ec="10" bec="0" bev="0" fileid="35" />
                <SequencePoint vc="0" uspid="1248" ordinal="1" offset="1" sl="120" sc="13" el="120" ec="56" bec="0" bev="0" fileid="35" />
                <SequencePoint vc="0" uspid="1249" ordinal="2" offset="14" sl="121" sc="13" el="121" ec="34" bec="0" bev="0" fileid="35" />
                <SequencePoint vc="0" uspid="1250" ordinal="3" offset="21" sl="122" sc="9" el="122" ec="10" bec="0" bev="0" fileid="35" />
              </SequencePoints>
              <BranchPoints />
              <MethodPoint xsi:type="SequencePoint" vc="0" uspid="1247" ordinal="0" offset="0" sl="119" sc="9" el="119" ec="10" bec="0" bev="0" fileid="35" />
            </Method>
            <Method visited="false" cyclomaticComplexity="1" nPathComplexity="0" sequenceCoverage="0" branchCoverage="0" crapScore="2" isConstructor="false" isStatic="false" isGetter="false" isSetter="false">
              <Summary numSequencePoints="3" visitedSequencePoints="0" numBranchPoints="1" visitedBranchPoints="0" sequenceCoverage="0" branchCoverage="0" maxCyclomaticComplexity="1" minCyclomaticComplexity="1" maxCrapScore="2" minCrapScore="2" visitedClasses="0" numClasses="0" visitedMethods="0" numMethods="1" />
              <MetadataToken>100663455</MetadataToken>
              <Name>System.ComponentModel.BindingList`1&lt;Homework.Model.Shape&gt; Homework.Model.Model::GetShapes()</Name>
              <FileRef uid="35" />
              <SequencePoints>
                <SequencePoint vc="0" uspid="1251" ordinal="0" offset="0" sl="126" sc="9" el="126" ec="10" bec="0" bev="0" fileid="35" />
                <SequencePoint vc="0" uspid="1252" ordinal="1" offset="1" sl="127" sc="13" el="127" ec="42" bec="0" bev="0" fileid="35" />
                <SequencePoint vc="0" uspid="1253" ordinal="2" offset="15" sl="128" sc="9" el="128" ec="10" bec="0" bev="0" fileid="35" />
              </SequencePoints>
              <BranchPoints />
              <MethodPoint xsi:type="SequencePoint" vc="0" uspid="1251" ordinal="0" offset="0" sl="126" sc="9" el="126" ec="10" bec="0" bev="0" fileid="35" />
            </Method>
            <Method visited="false" cyclomaticComplexity="1" nPathComplexity="0" sequenceCoverage="0" branchCoverage="0" crapScore="2" isConstructor="false" isStatic="false" isGetter="false" isSetter="false">
              <Summary numSequencePoints="4" visitedSequencePoints="0" numBranchPoints="1" visitedBranchPoints="0" sequenceCoverage="0" branchCoverage="0" maxCyclomaticComplexity="1" minCyclomaticComplexity="1" maxCrapScore="2" minCrapScore="2" visitedClasses="0" numClasses="0" visitedMethods="0" numMethods="1" />
              <MetadataToken>100663456</MetadataToken>
              <Name>System.Void Homework.Model.Model::Delete(System.Int32)</Name>
              <FileRef uid="35" />
              <SequencePoints>
                <SequencePoint vc="0" uspid="1254" ordinal="0" offset="0" sl="132" sc="9" el="132" ec="10" bec="0" bev="0" fileid="35" />
                <SequencePoint vc="0" uspid="1255" ordinal="1" offset="1" sl="133" sc="13" el="133" ec="51" bec="0" bev="0" fileid="35" />
                <SequencePoint vc="0" uspid="1256" ordinal="2" offset="14" sl="134" sc="13" el="134" ec="34" bec="0" bev="0" fileid="35" />
                <SequencePoint vc="0" uspid="1257" ordinal="3" offset="21" sl="135" sc="9" el="135" ec="10" bec="0" bev="0" fileid="35" />
              </SequencePoints>
              <BranchPoints />
              <MethodPoint xsi:type="SequencePoint" vc="0" uspid="1254" ordinal="0" offset="0" sl="132" sc="9" el="132" ec="10" bec="0" bev="0" fileid="35" />
            </Method>
            <Method visited="false" cyclomaticComplexity="2" nPathComplexity="2" sequenceCoverage="0" branchCoverage="0" crapScore="6" isConstructor="false" isStatic="false" isGetter="false" isSetter="false">
              <Summary numSequencePoints="5" visitedSequencePoints="0" numBranchPoints="3" visitedBranchPoints="0" sequenceCoverage="0" branchCoverage="0" maxCyclomaticComplexity="2" minCyclomaticComplexity="2" maxCrapScore="6" minCrapScore="6" visitedClasses="0" numClasses="0" visitedMethods="0" numMethods="1" />
              <MetadataToken>100663457</MetadataToken>
              <Name>System.Void Homework.Model.Model::HandleKeyDown(System.Windows.Forms.Keys)</Name>
              <FileRef uid="35" />
              <SequencePoints>
                <SequencePoint vc="0" uspid="1258" ordinal="0" offset="0" sl="140" sc="9" el="140" ec="10" bec="0" bev="0" fileid="35" />
                <SequencePoint vc="0" uspid="1259" ordinal="1" offset="1" sl="141" sc="13" el="141" ec="40" bec="2" bev="0" fileid="35" />
                <SequencePoint vc="0" uspid="1260" ordinal="2" offset="10" sl="142" sc="17" el="142" ec="51" bec="0" bev="0" fileid="35" />
                <SequencePoint vc="0" uspid="1261" ordinal="3" offset="22" sl="143" sc="13" el="143" ec="34" bec="0" bev="0" fileid="35" />
                <SequencePoint vc="0" uspid="1262" ordinal="4" offset="29" sl="144" sc="9" el="144" ec="10" bec="0" bev="0" fileid="35" />
              </SequencePoints>
              <BranchPoints>
                <BranchPoint vc="0" uspid="1263" ordinal="0" offset="8" sl="141" path="0" offsetend="10" fileid="35" />
                <BranchPoint vc="0" uspid="1264" ordinal="1" offset="8" sl="141" path="1" offsetend="22" fileid="35" />
              </BranchPoints>
              <MethodPoint xsi:type="SequencePoint" vc="0" uspid="1258" ordinal="0" offset="0" sl="140" sc="9" el="140" ec="10" bec="0" bev="0" fileid="35" />
            </Method>
            <Method visited="false" cyclomaticComplexity="2" nPathComplexity="2" sequenceCoverage="0" branchCoverage="0" crapScore="6" isConstructor="false" isStatic="false" isGetter="false" isSetter="false">
              <Summary numSequencePoints="4" visitedSequencePoints="0" numBranchPoints="3" visitedBranchPoints="0" sequenceCoverage="0" branchCoverage="0" maxCyclomaticComplexity="2" minCyclomaticComplexity="2" maxCrapScore="6" minCrapScore="6" visitedClasses="0" numClasses="0" visitedMethods="0" numMethods="1" />
              <MetadataToken>100663458</MetadataToken>
              <Name>System.Void Homework.Model.Model::NotifyModelChanged()</Name>
              <FileRef uid="35" />
              <SequencePoints>
                <SequencePoint vc="0" uspid="1265" ordinal="0" offset="0" sl="148" sc="9" el="148" ec="10" bec="0" bev="0" fileid="35" />
                <SequencePoint vc="0" uspid="1266" ordinal="1" offset="1" sl="149" sc="13" el="149" ec="39" bec="2" bev="0" fileid="35" />
                <SequencePoint vc="0" uspid="1267" ordinal="2" offset="14" sl="150" sc="17" el="150" ec="33" bec="0" bev="0" fileid="35" />
                <SequencePoint vc="0" uspid="1268" ordinal="3" offset="26" sl="151" sc="9" el="151" ec="10" bec="0" bev="0" fileid="35" />
              </SequencePoints>
              <BranchPoints>
                <BranchPoint vc="0" uspid="1269" ordinal="0" offset="12" sl="149" path="0" offsetend="14" fileid="35" />
                <BranchPoint vc="0" uspid="1270" ordinal="1" offset="12" sl="149" path="1" offsetend="26" fileid="35" />
              </BranchPoints>
              <MethodPoint xsi:type="SequencePoint" vc="0" uspid="1265" ordinal="0" offset="0" sl="148" sc="9" el="148" ec="10" bec="0" bev="0" fileid="35" />
            </Method>
          </Methods>
        </Class>
      </Classes>
    </Module>
  </Modules>
</CoverageSession>