<?xml version="1.0" encoding="utf-8"?>
<CoverageSession xmlns:xsd="http://www.w3.org/2001/XMLSchema" xmlns:xsi="http://www.w3.org/2001/XMLSchema-instance" Version="4.7.922.0">
  <Summary numSequencePoints="2331" visitedSequencePoints="0" numBranchPoints="614" visitedBranchPoints="0" sequenceCoverage="0" branchCoverage="0" maxCyclomaticComplexity="10" minCyclomaticComplexity="1" maxCrapScore="110" minCrapScore="2" visitedClasses="0" numClasses="34" visitedMethods="0" numMethods="332" />
  <Modules>
    <Module hash="68-D9-B0-40-0C-C8-88-88-88-A7-B9-D8-C3-E2-5C-E9-52-C9-68-92">
      <Summary numSequencePoints="2331" visitedSequencePoints="0" numBranchPoints="614" visitedBranchPoints="0" sequenceCoverage="0" branchCoverage="0" maxCyclomaticComplexity="10" minCyclomaticComplexity="1" maxCrapScore="110" minCrapScore="2" visitedClasses="0" numClasses="34" visitedMethods="0" numMethods="332" />
      <ModulePath>C:\Users\user\Desktop\window\HW\110590034\Homework\bin\Debug\fine-code-coverage\build-output\Homework.exe</ModulePath>
      <ModuleTime>2024-01-12T11:09:23.5616745Z</ModuleTime>
      <ModuleName>Homework</ModuleName>
      <Files>
        <File uid="1" fullPath="C:\Users\user\Desktop\window\HW\110590034\Homework\State\ResizeState.cs" />
        <File uid="2" fullPath="C:\Users\user\Desktop\window\HW\110590034\Homework\State\PointState.cs" />
        <File uid="3" fullPath="C:\Users\user\Desktop\window\HW\110590034\Homework\State\DrawingState.cs" />
        <File uid="4" fullPath="C:\Users\user\Desktop\window\HW\110590034\Homework\PresentationModel\FormPresentationModelPartial.cs" />
        <File uid="5" fullPath="C:\Users\user\Desktop\window\HW\110590034\Homework\PresentationModel\FormPresentationModel.cs" />
        <File uid="7" fullPath="C:\Users\user\Desktop\window\HW\110590034\Homework\Model\ModelPartial2.cs" />
        <File uid="8" fullPath="C:\Users\user\Desktop\window\HW\110590034\Homework\Model\ModelPartial.cs" />
        <File uid="9" fullPath="C:\Users\user\Desktop\window\HW\110590034\Homework\Model\Model.cs" />
        <File uid="11" fullPath="C:\Users\user\Desktop\window\HW\110590034\Homework\Model\GoogleDriveService.cs" />
        <File uid="14" fullPath="C:\Users\user\Desktop\window\HW\110590034\Homework\Model\Pages.cs" />
        <File uid="15" fullPath="C:\Users\user\Desktop\window\HW\110590034\Homework\Model\Ellipse.cs" />
        <File uid="16" fullPath="C:\Users\user\Desktop\window\HW\110590034\Homework\Model\Point.cs" />
        <File uid="17" fullPath="C:\Users\user\Desktop\window\HW\110590034\Homework\Model\Shapes.cs" />
        <File uid="18" fullPath="C:\Users\user\Desktop\window\HW\110590034\Homework\Model\ShapeFactory.cs" />
        <File uid="19" fullPath="C:\Users\user\Desktop\window\HW\110590034\Homework\Model\Line.cs" />
        <File uid="20" fullPath="C:\Users\user\Desktop\window\HW\110590034\Homework\Model\Rectangle.cs" />
        <File uid="21" fullPath="C:\Users\user\Desktop\window\HW\110590034\Homework\Model\Shape.cs" />
        <File uid="22" fullPath="C:\Users\user\Desktop\window\HW\110590034\Homework\Command\AddCommand.cs" />
        <File uid="23" fullPath="C:\Users\user\Desktop\window\HW\110590034\Homework\Command\AddPageCommand.cs" />
        <File uid="24" fullPath="C:\Users\user\Desktop\window\HW\110590034\Homework\Command\DeletePageCommand.cs" />
        <File uid="25" fullPath="C:\Users\user\Desktop\window\HW\110590034\Homework\Command\ResizeCommand.cs" />
        <File uid="26" fullPath="C:\Users\user\Desktop\window\HW\110590034\Homework\Command\MoveCommand.cs" />
        <File uid="27" fullPath="C:\Users\user\Desktop\window\HW\110590034\Homework\Command\DeleteCommand.cs" />
        <File uid="28" fullPath="C:\Users\user\Desktop\window\HW\110590034\Homework\Command\DrawCommand.cs" />
        <File uid="29" fullPath="C:\Users\user\Desktop\window\HW\110590034\Homework\Command\CommandManager.cs" />
        <File uid="30" fullPath="C:\Users\user\Desktop\window\HW\110590034\Homework\FormPartial.cs" />
        <File uid="31" fullPath="C:\Users\user\Desktop\window\HW\110590034\Homework\Form1.Designer.cs" />
        <File uid="32" fullPath="C:\Users\user\Desktop\window\HW\110590034\Homework\Form1.cs" />
        <File uid="33" fullPath="C:\Users\user\Desktop\window\HW\110590034\Homework\CreateShapeDialog.Designer.cs" />
        <File uid="34" fullPath="C:\Users\user\Desktop\window\HW\110590034\Homework\CreateShapeDialog.cs" />
        <File uid="35" fullPath="C:\Users\user\Desktop\window\HW\110590034\Homework\LoadDialog.Designer.cs" />
        <File uid="36" fullPath="C:\Users\user\Desktop\window\HW\110590034\Homework\LoadDialog.cs" />
        <File uid="37" fullPath="C:\Users\user\Desktop\window\HW\110590034\Homework\SaveDialog.Designer.cs" />
        <File uid="38" fullPath="C:\Users\user\Desktop\window\HW\110590034\Homework\SaveDialog.cs" />
        <File uid="39" fullPath="C:\Users\user\Desktop\window\HW\110590034\Homework\ToolStripBindingButton.cs" />
        <File uid="40" fullPath="C:\Users\user\Desktop\window\HW\110590034\Homework\DoubleBufferedPanel.cs" />
        <File uid="41" fullPath="C:\Users\user\Desktop\window\HW\110590034\Homework\FormGraphicsAdaptor.cs" />
        <File uid="42" fullPath="C:\Users\user\Desktop\window\HW\110590034\Homework\Program.cs" />
      </Files>
      <Classes>
        <Class>
          <Summary numSequencePoints="22" visitedSequencePoints="0" numBranchPoints="9" visitedBranchPoints="0" sequenceCoverage="0" branchCoverage="0" maxCyclomaticComplexity="2" minCyclomaticComplexity="1" maxCrapScore="6" minCrapScore="2" visitedClasses="0" numClasses="1" visitedMethods="0" numMethods="5" />
          <FullName>Homework.State.ResizeState</FullName>
          <Methods>
            <Method visited="false" cyclomaticComplexity="1" nPathComplexity="0" sequenceCoverage="0" branchCoverage="0" crapScore="2" isConstructor="true" isStatic="false" isGetter="false" isSetter="false">
              <Summary numSequencePoints="5" visitedSequencePoints="0" numBranchPoints="1" visitedBranchPoints="0" sequenceCoverage="0" branchCoverage="0" maxCyclomaticComplexity="1" minCyclomaticComplexity="1" maxCrapScore="2" minCrapScore="2" visitedClasses="0" numClasses="0" visitedMethods="0" numMethods="1" />
              <MetadataToken>100663316</MetadataToken>
              <Name>System.Void Homework.State.ResizeState::.ctor(Homework.Model.Model)</Name>
              <FileRef uid="1" />
              <SequencePoints>
                <SequencePoint vc="0" uspid="1" ordinal="0" offset="0" sl="15" sc="9" el="15" ec="46" bec="0" bev="0" fileid="1" />
                <SequencePoint vc="0" uspid="2" ordinal="1" offset="7" sl="16" sc="9" el="16" ec="10" bec="0" bev="0" fileid="1" />
                <SequencePoint vc="0" uspid="3" ordinal="2" offset="8" sl="17" sc="13" el="17" ec="28" bec="0" bev="0" fileid="1" />
                <SequencePoint vc="0" uspid="4" ordinal="3" offset="15" sl="18" sc="13" el="18" ec="32" bec="0" bev="0" fileid="1" />
                <SequencePoint vc="0" uspid="5" ordinal="4" offset="22" sl="19" sc="9" el="19" ec="10" bec="0" bev="0" fileid="1" />
              </SequencePoints>
              <BranchPoints />
              <MethodPoint xsi:type="SequencePoint" vc="0" uspid="1" ordinal="0" offset="0" sl="15" sc="9" el="15" ec="46" bec="0" bev="0" fileid="1" />
            </Method>
            <Method visited="false" cyclomaticComplexity="1" nPathComplexity="0" sequenceCoverage="0" branchCoverage="0" crapScore="2" isConstructor="false" isStatic="false" isGetter="false" isSetter="false">
              <Summary numSequencePoints="4" visitedSequencePoints="0" numBranchPoints="1" visitedBranchPoints="0" sequenceCoverage="0" branchCoverage="0" maxCyclomaticComplexity="1" minCyclomaticComplexity="1" maxCrapScore="2" minCrapScore="2" visitedClasses="0" numClasses="0" visitedMethods="0" numMethods="1" />
              <MetadataToken>100663317</MetadataToken>
              <Name>System.Void Homework.State.ResizeState::MouseDown(Homework.Model.Point,System.String,System.Boolean)</Name>
              <FileRef uid="1" />
              <SequencePoints>
                <SequencePoint vc="0" uspid="6" ordinal="0" offset="0" sl="23" sc="9" el="23" ec="10" bec="0" bev="0" fileid="1" />
                <SequencePoint vc="0" uspid="7" ordinal="1" offset="1" sl="24" sc="13" el="24" ec="31" bec="0" bev="0" fileid="1" />
                <SequencePoint vc="0" uspid="8" ordinal="2" offset="8" sl="25" sc="13" el="25" ec="39" bec="0" bev="0" fileid="1" />
                <SequencePoint vc="0" uspid="9" ordinal="3" offset="20" sl="27" sc="9" el="27" ec="10" bec="0" bev="0" fileid="1" />
              </SequencePoints>
              <BranchPoints />
              <MethodPoint xsi:type="SequencePoint" vc="0" uspid="6" ordinal="0" offset="0" sl="23" sc="9" el="23" ec="10" bec="0" bev="0" fileid="1" />
            </Method>
            <Method visited="false" cyclomaticComplexity="2" nPathComplexity="2" sequenceCoverage="0" branchCoverage="0" crapScore="6" isConstructor="false" isStatic="false" isGetter="false" isSetter="false">
              <Summary numSequencePoints="4" visitedSequencePoints="0" numBranchPoints="3" visitedBranchPoints="0" sequenceCoverage="0" branchCoverage="0" maxCyclomaticComplexity="2" minCyclomaticComplexity="2" maxCrapScore="6" minCrapScore="6" visitedClasses="0" numClasses="0" visitedMethods="0" numMethods="1" />
              <MetadataToken>100663318</MetadataToken>
              <Name>System.Void Homework.State.ResizeState::MouseMove(Homework.Model.Point)</Name>
              <FileRef uid="1" />
              <SequencePoints>
                <SequencePoint vc="0" uspid="10" ordinal="0" offset="0" sl="31" sc="9" el="31" ec="10" bec="0" bev="0" fileid="1" />
                <SequencePoint vc="0" uspid="11" ordinal="1" offset="1" sl="34" sc="13" el="34" ec="28" bec="2" bev="0" fileid="1" />
                <SequencePoint vc="0" uspid="12" ordinal="2" offset="11" sl="35" sc="17" el="35" ec="62" bec="0" bev="0" fileid="1" />
                <SequencePoint vc="0" uspid="13" ordinal="3" offset="35" sl="36" sc="9" el="36" ec="10" bec="0" bev="0" fileid="1" />
              </SequencePoints>
              <BranchPoints>
                <BranchPoint vc="0" uspid="14" ordinal="0" offset="9" sl="34" path="0" offsetend="11" fileid="1" />
                <BranchPoint vc="0" uspid="15" ordinal="1" offset="9" sl="34" path="1" offsetend="35" fileid="1" />
              </BranchPoints>
              <MethodPoint xsi:type="SequencePoint" vc="0" uspid="10" ordinal="0" offset="0" sl="31" sc="9" el="31" ec="10" bec="0" bev="0" fileid="1" />
            </Method>
            <Method visited="false" cyclomaticComplexity="1" nPathComplexity="0" sequenceCoverage="0" branchCoverage="0" crapScore="2" isConstructor="false" isStatic="false" isGetter="false" isSetter="false">
              <Summary numSequencePoints="4" visitedSequencePoints="0" numBranchPoints="1" visitedBranchPoints="0" sequenceCoverage="0" branchCoverage="0" maxCyclomaticComplexity="1" minCyclomaticComplexity="1" maxCrapScore="2" minCrapScore="2" visitedClasses="0" numClasses="0" visitedMethods="0" numMethods="1" />
              <MetadataToken>100663319</MetadataToken>
              <Name>System.Void Homework.State.ResizeState::MouseUp(Homework.Model.Point,System.String)</Name>
              <FileRef uid="1" />
              <SequencePoints>
                <SequencePoint vc="0" uspid="16" ordinal="0" offset="0" sl="40" sc="9" el="40" ec="10" bec="0" bev="0" fileid="1" />
                <SequencePoint vc="0" uspid="17" ordinal="1" offset="1" sl="41" sc="13" el="41" ec="32" bec="0" bev="0" fileid="1" />
                <SequencePoint vc="0" uspid="18" ordinal="2" offset="8" sl="42" sc="13" el="42" ec="46" bec="0" bev="0" fileid="1" />
                <SequencePoint vc="0" uspid="19" ordinal="3" offset="20" sl="43" sc="9" el="43" ec="10" bec="0" bev="0" fileid="1" />
              </SequencePoints>
              <BranchPoints />
              <MethodPoint xsi:type="SequencePoint" vc="0" uspid="16" ordinal="0" offset="0" sl="40" sc="9" el="40" ec="10" bec="0" bev="0" fileid="1" />
            </Method>
            <Method visited="false" cyclomaticComplexity="2" nPathComplexity="2" sequenceCoverage="0" branchCoverage="0" crapScore="6" isConstructor="false" isStatic="false" isGetter="false" isSetter="false">
              <Summary numSequencePoints="5" visitedSequencePoints="0" numBranchPoints="3" visitedBranchPoints="0" sequenceCoverage="0" branchCoverage="0" maxCyclomaticComplexity="2" minCyclomaticComplexity="2" maxCrapScore="6" minCrapScore="6" visitedClasses="0" numClasses="0" visitedMethods="0" numMethods="1" />
              <MetadataToken>100663320</MetadataToken>
              <Name>System.Void Homework.State.ResizeState::Drawing(Homework.Model.IGraphics)</Name>
              <FileRef uid="1" />
              <SequencePoints>
                <SequencePoint vc="0" uspid="20" ordinal="0" offset="0" sl="47" sc="9" el="47" ec="10" bec="0" bev="0" fileid="1" />
                <SequencePoint vc="0" uspid="21" ordinal="1" offset="1" sl="48" sc="13" el="48" ec="52" bec="0" bev="0" fileid="1" />
                <SequencePoint vc="0" uspid="22" ordinal="2" offset="13" sl="49" sc="13" el="49" ec="30" bec="2" bev="0" fileid="1" />
                <SequencePoint vc="0" uspid="23" ordinal="3" offset="21" sl="50" sc="17" el="50" ec="41" bec="0" bev="0" fileid="1" />
                <SequencePoint vc="0" uspid="24" ordinal="4" offset="29" sl="51" sc="9" el="51" ec="10" bec="0" bev="0" fileid="1" />
              </SequencePoints>
              <BranchPoints>
                <BranchPoint vc="0" uspid="25" ordinal="0" offset="19" sl="49" path="0" offsetend="21" fileid="1" />
                <BranchPoint vc="0" uspid="26" ordinal="1" offset="19" sl="49" path="1" offsetend="29" fileid="1" />
              </BranchPoints>
              <MethodPoint xsi:type="SequencePoint" vc="0" uspid="20" ordinal="0" offset="0" sl="47" sc="9" el="47" ec="10" bec="0" bev="0" fileid="1" />
            </Method>
          </Methods>
        </Class>
        <Class>
          <Summary numSequencePoints="51" visitedSequencePoints="0" numBranchPoints="20" visitedBranchPoints="0" sequenceCoverage="0" branchCoverage="0" maxCyclomaticComplexity="3" minCyclomaticComplexity="1" maxCrapScore="12" minCrapScore="2" visitedClasses="0" numClasses="1" visitedMethods="0" numMethods="10" />
          <FullName>Homework.State.PointState</FullName>
          <Methods>
            <Method visited="false" cyclomaticComplexity="1" nPathComplexity="0" sequenceCoverage="0" branchCoverage="0" crapScore="2" isConstructor="false" isStatic="false" isGetter="true" isSetter="false">
              <Summary numSequencePoints="3" visitedSequencePoints="0" numBranchPoints="1" visitedBranchPoints="0" sequenceCoverage="0" branchCoverage="0" maxCyclomaticComplexity="1" minCyclomaticComplexity="1" maxCrapScore="2" minCrapScore="2" visitedClasses="0" numClasses="0" visitedMethods="0" numMethods="1" />
              <MetadataToken>100663322</MetadataToken>
              <Name>System.Boolean Homework.State.PointState::get_IsSelected()</Name>
              <FileRef uid="2" />
              <SequencePoints>
                <SequencePoint vc="0" uspid="27" ordinal="0" offset="0" sl="23" sc="13" el="23" ec="14" bec="0" bev="0" fileid="2" />
                <SequencePoint vc="0" uspid="28" ordinal="1" offset="1" sl="24" sc="17" el="24" ec="36" bec="0" bev="0" fileid="2" />
                <SequencePoint vc="0" uspid="29" ordinal="2" offset="10" sl="25" sc="13" el="25" ec="14" bec="0" bev="0" fileid="2" />
              </SequencePoints>
              <BranchPoints />
              <MethodPoint xsi:type="SequencePoint" vc="0" uspid="27" ordinal="0" offset="0" sl="23" sc="13" el="23" ec="14" bec="0" bev="0" fileid="2" />
            </Method>
            <Method visited="false" cyclomaticComplexity="1" nPathComplexity="0" sequenceCoverage="0" branchCoverage="0" crapScore="2" isConstructor="false" isStatic="false" isGetter="false" isSetter="true">
              <Summary numSequencePoints="3" visitedSequencePoints="0" numBranchPoints="1" visitedBranchPoints="0" sequenceCoverage="0" branchCoverage="0" maxCyclomaticComplexity="1" minCyclomaticComplexity="1" maxCrapScore="2" minCrapScore="2" visitedClasses="0" numClasses="0" visitedMethods="0" numMethods="1" />
              <MetadataToken>100663323</MetadataToken>
              <Name>System.Void Homework.State.PointState::set_IsSelected(System.Boolean)</Name>
              <FileRef uid="2" />
              <SequencePoints>
                <SequencePoint vc="0" uspid="30" ordinal="0" offset="0" sl="27" sc="13" el="27" ec="14" bec="0" bev="0" fileid="2" />
                <SequencePoint vc="0" uspid="31" ordinal="1" offset="1" sl="28" sc="17" el="28" ec="37" bec="0" bev="0" fileid="2" />
                <SequencePoint vc="0" uspid="32" ordinal="2" offset="8" sl="29" sc="13" el="29" ec="14" bec="0" bev="0" fileid="2" />
              </SequencePoints>
              <BranchPoints />
              <MethodPoint xsi:type="SequencePoint" vc="0" uspid="30" ordinal="0" offset="0" sl="27" sc="13" el="27" ec="14" bec="0" bev="0" fileid="2" />
            </Method>
            <Method visited="false" cyclomaticComplexity="1" nPathComplexity="0" sequenceCoverage="0" branchCoverage="0" crapScore="2" isConstructor="false" isStatic="false" isGetter="true" isSetter="false">
              <Summary numSequencePoints="3" visitedSequencePoints="0" numBranchPoints="1" visitedBranchPoints="0" sequenceCoverage="0" branchCoverage="0" maxCyclomaticComplexity="1" minCyclomaticComplexity="1" maxCrapScore="2" minCrapScore="2" visitedClasses="0" numClasses="0" visitedMethods="0" numMethods="1" />
              <MetadataToken>100663324</MetadataToken>
              <Name>System.Boolean Homework.State.PointState::get_IsClicked()</Name>
              <FileRef uid="2" />
              <SequencePoints>
                <SequencePoint vc="0" uspid="33" ordinal="0" offset="0" sl="35" sc="13" el="35" ec="14" bec="0" bev="0" fileid="2" />
                <SequencePoint vc="0" uspid="34" ordinal="1" offset="1" sl="36" sc="17" el="36" ec="35" bec="0" bev="0" fileid="2" />
                <SequencePoint vc="0" uspid="35" ordinal="2" offset="10" sl="37" sc="13" el="37" ec="14" bec="0" bev="0" fileid="2" />
              </SequencePoints>
              <BranchPoints />
              <MethodPoint xsi:type="SequencePoint" vc="0" uspid="33" ordinal="0" offset="0" sl="35" sc="13" el="35" ec="14" bec="0" bev="0" fileid="2" />
            </Method>
            <Method visited="false" cyclomaticComplexity="1" nPathComplexity="0" sequenceCoverage="0" branchCoverage="0" crapScore="2" isConstructor="false" isStatic="false" isGetter="false" isSetter="true">
              <Summary numSequencePoints="3" visitedSequencePoints="0" numBranchPoints="1" visitedBranchPoints="0" sequenceCoverage="0" branchCoverage="0" maxCyclomaticComplexity="1" minCyclomaticComplexity="1" maxCrapScore="2" minCrapScore="2" visitedClasses="0" numClasses="0" visitedMethods="0" numMethods="1" />
              <MetadataToken>100663325</MetadataToken>
              <Name>System.Void Homework.State.PointState::set_IsClicked(System.Boolean)</Name>
              <FileRef uid="2" />
              <SequencePoints>
                <SequencePoint vc="0" uspid="36" ordinal="0" offset="0" sl="39" sc="13" el="39" ec="14" bec="0" bev="0" fileid="2" />
                <SequencePoint vc="0" uspid="37" ordinal="1" offset="1" sl="40" sc="17" el="40" ec="36" bec="0" bev="0" fileid="2" />
                <SequencePoint vc="0" uspid="38" ordinal="2" offset="8" sl="41" sc="13" el="41" ec="14" bec="0" bev="0" fileid="2" />
              </SequencePoints>
              <BranchPoints />
              <MethodPoint xsi:type="SequencePoint" vc="0" uspid="36" ordinal="0" offset="0" sl="39" sc="13" el="39" ec="14" bec="0" bev="0" fileid="2" />
            </Method>
            <Method visited="false" cyclomaticComplexity="1" nPathComplexity="0" sequenceCoverage="0" branchCoverage="0" crapScore="2" isConstructor="true" isStatic="false" isGetter="false" isSetter="false">
              <Summary numSequencePoints="7" visitedSequencePoints="0" numBranchPoints="1" visitedBranchPoints="0" sequenceCoverage="0" branchCoverage="0" maxCyclomaticComplexity="1" minCyclomaticComplexity="1" maxCrapScore="2" minCrapScore="2" visitedClasses="0" numClasses="0" visitedMethods="0" numMethods="1" />
              <MetadataToken>100663321</MetadataToken>
              <Name>System.Void Homework.State.PointState::.ctor(Homework.Model.Model)</Name>
              <FileRef uid="2" />
              <SequencePoints>
                <SequencePoint vc="0" uspid="39" ordinal="0" offset="0" sl="12" sc="9" el="12" ec="45" bec="0" bev="0" fileid="2" />
                <SequencePoint vc="0" uspid="40" ordinal="1" offset="7" sl="13" sc="9" el="13" ec="10" bec="0" bev="0" fileid="2" />
                <SequencePoint vc="0" uspid="41" ordinal="2" offset="8" sl="14" sc="13" el="14" ec="28" bec="0" bev="0" fileid="2" />
                <SequencePoint vc="0" uspid="42" ordinal="3" offset="15" sl="15" sc="13" el="15" ec="40" bec="0" bev="0" fileid="2" />
                <SequencePoint vc="0" uspid="43" ordinal="4" offset="44" sl="16" sc="13" el="16" ec="33" bec="0" bev="0" fileid="2" />
                <SequencePoint vc="0" uspid="44" ordinal="5" offset="51" sl="17" sc="13" el="17" ec="32" bec="0" bev="0" fileid="2" />
                <SequencePoint vc="0" uspid="45" ordinal="6" offset="58" sl="18" sc="9" el="18" ec="10" bec="0" bev="0" fileid="2" />
              </SequencePoints>
              <BranchPoints />
              <MethodPoint xsi:type="SequencePoint" vc="0" uspid="39" ordinal="0" offset="0" sl="12" sc="9" el="12" ec="45" bec="0" bev="0" fileid="2" />
            </Method>
            <Method visited="false" cyclomaticComplexity="2" nPathComplexity="2" sequenceCoverage="0" branchCoverage="0" crapScore="6" isConstructor="false" isStatic="false" isGetter="false" isSetter="false">
              <Summary numSequencePoints="8" visitedSequencePoints="0" numBranchPoints="3" visitedBranchPoints="0" sequenceCoverage="0" branchCoverage="0" maxCyclomaticComplexity="2" minCyclomaticComplexity="2" maxCrapScore="6" minCrapScore="6" visitedClasses="0" numClasses="0" visitedMethods="0" numMethods="1" />
              <MetadataToken>100663326</MetadataToken>
              <Name>System.Void Homework.State.PointState::MouseDown(Homework.Model.Point,System.String,System.Boolean)</Name>
              <FileRef uid="2" />
              <SequencePoints>
                <SequencePoint vc="0" uspid="46" ordinal="0" offset="0" sl="46" sc="9" el="46" ec="10" bec="0" bev="0" fileid="2" />
                <SequencePoint vc="0" uspid="47" ordinal="1" offset="1" sl="47" sc="13" el="47" ec="32" bec="0" bev="0" fileid="2" />
                <SequencePoint vc="0" uspid="48" ordinal="2" offset="8" sl="48" sc="13" el="48" ec="70" bec="0" bev="0" fileid="2" />
                <SequencePoint vc="0" uspid="49" ordinal="3" offset="37" sl="49" sc="13" el="49" ec="71" bec="0" bev="0" fileid="2" />
                <SequencePoint vc="0" uspid="50" ordinal="4" offset="66" sl="50" sc="13" el="50" ec="28" bec="0" bev="0" fileid="2" />
                <SequencePoint vc="0" uspid="51" ordinal="5" offset="73" sl="51" sc="13" el="51" ec="29" bec="2" bev="0" fileid="2" />
                <SequencePoint vc="0" uspid="52" ordinal="6" offset="86" sl="52" sc="17" el="52" ec="37" bec="0" bev="0" fileid="2" />
                <SequencePoint vc="0" uspid="53" ordinal="7" offset="93" sl="53" sc="9" el="53" ec="10" bec="0" bev="0" fileid="2" />
              </SequencePoints>
              <BranchPoints>
                <BranchPoint vc="0" uspid="54" ordinal="0" offset="84" sl="51" path="0" offsetend="86" fileid="2" />
                <BranchPoint vc="0" uspid="55" ordinal="1" offset="84" sl="51" path="1" offsetend="93" fileid="2" />
              </BranchPoints>
              <MethodPoint xsi:type="SequencePoint" vc="0" uspid="46" ordinal="0" offset="0" sl="46" sc="9" el="46" ec="10" bec="0" bev="0" fileid="2" />
            </Method>
            <Method visited="false" cyclomaticComplexity="1" nPathComplexity="0" sequenceCoverage="0" branchCoverage="0" crapScore="2" isConstructor="false" isStatic="false" isGetter="false" isSetter="false">
              <Summary numSequencePoints="3" visitedSequencePoints="0" numBranchPoints="1" visitedBranchPoints="0" sequenceCoverage="0" branchCoverage="0" maxCyclomaticComplexity="1" minCyclomaticComplexity="1" maxCrapScore="2" minCrapScore="2" visitedClasses="0" numClasses="0" visitedMethods="0" numMethods="1" />
              <MetadataToken>100663327</MetadataToken>
              <Name>System.Double Homework.State.PointState::GetDifference(System.Double,System.Double)</Name>
              <FileRef uid="2" />
              <SequencePoints>
                <SequencePoint vc="0" uspid="56" ordinal="0" offset="0" sl="57" sc="9" el="57" ec="10" bec="0" bev="0" fileid="2" />
                <SequencePoint vc="0" uspid="57" ordinal="1" offset="1" sl="58" sc="13" el="58" ec="38" bec="0" bev="0" fileid="2" />
                <SequencePoint vc="0" uspid="58" ordinal="2" offset="7" sl="59" sc="9" el="59" ec="10" bec="0" bev="0" fileid="2" />
              </SequencePoints>
              <BranchPoints />
              <MethodPoint xsi:type="SequencePoint" vc="0" uspid="56" ordinal="0" offset="0" sl="57" sc="9" el="57" ec="10" bec="0" bev="0" fileid="2" />
            </Method>
            <Method visited="false" cyclomaticComplexity="2" nPathComplexity="2" sequenceCoverage="0" branchCoverage="0" crapScore="6" isConstructor="false" isStatic="false" isGetter="false" isSetter="false">
              <Summary numSequencePoints="9" visitedSequencePoints="0" numBranchPoints="3" visitedBranchPoints="0" sequenceCoverage="0" branchCoverage="0" maxCyclomaticComplexity="2" minCyclomaticComplexity="2" maxCrapScore="6" minCrapScore="6" visitedClasses="0" numClasses="0" visitedMethods="0" numMethods="1" />
              <MetadataToken>100663328</MetadataToken>
              <Name>System.Void Homework.State.PointState::MouseMove(Homework.Model.Point)</Name>
              <FileRef uid="2" />
              <SequencePoints>
                <SequencePoint vc="0" uspid="59" ordinal="0" offset="0" sl="63" sc="9" el="63" ec="10" bec="0" bev="0" fileid="2" />
                <SequencePoint vc="0" uspid="60" ordinal="1" offset="1" sl="64" sc="13" el="64" ec="29" bec="2" bev="0" fileid="2" />
                <SequencePoint vc="0" uspid="61" ordinal="2" offset="11" sl="65" sc="13" el="65" ec="14" bec="0" bev="0" fileid="2" />
                <SequencePoint vc="0" uspid="62" ordinal="3" offset="12" sl="66" sc="17" el="66" ec="65" bec="0" bev="0" fileid="2" />
                <SequencePoint vc="0" uspid="63" ordinal="4" offset="36" sl="67" sc="17" el="67" ec="65" bec="0" bev="0" fileid="2" />
                <SequencePoint vc="0" uspid="64" ordinal="5" offset="60" sl="68" sc="17" el="68" ec="56" bec="0" bev="0" fileid="2" />
                <SequencePoint vc="0" uspid="65" ordinal="6" offset="74" sl="69" sc="17" el="69" ec="32" bec="0" bev="0" fileid="2" />
                <SequencePoint vc="0" uspid="66" ordinal="7" offset="81" sl="70" sc="13" el="70" ec="14" bec="0" bev="0" fileid="2" />
                <SequencePoint vc="0" uspid="67" ordinal="8" offset="82" sl="71" sc="9" el="71" ec="10" bec="0" bev="0" fileid="2" />
              </SequencePoints>
              <BranchPoints>
                <BranchPoint vc="0" uspid="68" ordinal="0" offset="9" sl="64" path="0" offsetend="11" fileid="2" />
                <BranchPoint vc="0" uspid="69" ordinal="1" offset="9" sl="64" path="1" offsetend="82" fileid="2" />
              </BranchPoints>
              <MethodPoint xsi:type="SequencePoint" vc="0" uspid="59" ordinal="0" offset="0" sl="63" sc="9" el="63" ec="10" bec="0" bev="0" fileid="2" />
            </Method>
            <Method visited="false" cyclomaticComplexity="2" nPathComplexity="2" sequenceCoverage="0" branchCoverage="0" crapScore="6" isConstructor="false" isStatic="false" isGetter="false" isSetter="false">
              <Summary numSequencePoints="7" visitedSequencePoints="0" numBranchPoints="3" visitedBranchPoints="0" sequenceCoverage="0" branchCoverage="0" maxCyclomaticComplexity="2" minCyclomaticComplexity="2" maxCrapScore="6" minCrapScore="6" visitedClasses="0" numClasses="0" visitedMethods="0" numMethods="1" />
              <MetadataToken>100663329</MetadataToken>
              <Name>System.Void Homework.State.PointState::MouseUp(Homework.Model.Point,System.String)</Name>
              <FileRef uid="2" />
              <SequencePoints>
                <SequencePoint vc="0" uspid="70" ordinal="0" offset="0" sl="75" sc="9" el="75" ec="10" bec="0" bev="0" fileid="2" />
                <SequencePoint vc="0" uspid="71" ordinal="1" offset="1" sl="76" sc="13" el="76" ec="29" bec="2" bev="0" fileid="2" />
                <SequencePoint vc="0" uspid="72" ordinal="2" offset="11" sl="77" sc="13" el="77" ec="14" bec="0" bev="0" fileid="2" />
                <SequencePoint vc="0" uspid="73" ordinal="3" offset="12" sl="78" sc="17" el="78" ec="51" bec="0" bev="0" fileid="2" />
                <SequencePoint vc="0" uspid="74" ordinal="4" offset="36" sl="79" sc="13" el="79" ec="14" bec="0" bev="0" fileid="2" />
                <SequencePoint vc="0" uspid="75" ordinal="5" offset="37" sl="80" sc="13" el="80" ec="33" bec="0" bev="0" fileid="2" />
                <SequencePoint vc="0" uspid="76" ordinal="6" offset="44" sl="81" sc="9" el="81" ec="10" bec="0" bev="0" fileid="2" />
              </SequencePoints>
              <BranchPoints>
                <BranchPoint vc="0" uspid="77" ordinal="0" offset="9" sl="76" path="0" offsetend="11" fileid="2" />
                <BranchPoint vc="0" uspid="78" ordinal="1" offset="9" sl="76" path="1" offsetend="37" fileid="2" />
              </BranchPoints>
              <MethodPoint xsi:type="SequencePoint" vc="0" uspid="70" ordinal="0" offset="0" sl="75" sc="9" el="75" ec="10" bec="0" bev="0" fileid="2" />
            </Method>
            <Method visited="false" cyclomaticComplexity="3" nPathComplexity="4" sequenceCoverage="0" branchCoverage="0" crapScore="12" isConstructor="false" isStatic="false" isGetter="false" isSetter="false">
              <Summary numSequencePoints="5" visitedSequencePoints="0" numBranchPoints="5" visitedBranchPoints="0" sequenceCoverage="0" branchCoverage="0" maxCyclomaticComplexity="3" minCyclomaticComplexity="3" maxCrapScore="12" minCrapScore="12" visitedClasses="0" numClasses="0" visitedMethods="0" numMethods="1" />
              <MetadataToken>100663330</MetadataToken>
              <Name>System.Void Homework.State.PointState::Drawing(Homework.Model.IGraphics)</Name>
              <FileRef uid="2" />
              <SequencePoints>
                <SequencePoint vc="0" uspid="79" ordinal="0" offset="0" sl="85" sc="9" el="85" ec="10" bec="0" bev="0" fileid="2" />
                <SequencePoint vc="0" uspid="80" ordinal="1" offset="1" sl="86" sc="13" el="86" ec="52" bec="0" bev="0" fileid="2" />
                <SequencePoint vc="0" uspid="81" ordinal="2" offset="13" sl="87" sc="13" el="87" ec="44" bec="4" bev="0" fileid="2" />
                <SequencePoint vc="0" uspid="82" ordinal="3" offset="32" sl="88" sc="17" el="88" ec="41" bec="0" bev="0" fileid="2" />
                <SequencePoint vc="0" uspid="83" ordinal="4" offset="40" sl="89" sc="9" el="89" ec="10" bec="0" bev="0" fileid="2" />
              </SequencePoints>
              <BranchPoints>
                <BranchPoint vc="0" uspid="84" ordinal="0" offset="19" sl="87" path="0" offsetend="21" fileid="2" />
                <BranchPoint vc="0" uspid="85" ordinal="1" offset="19" sl="87" path="1" offsetend="27" fileid="2" />
                <BranchPoint vc="0" uspid="86" ordinal="2" offset="30" sl="87" path="0" offsetend="32" fileid="2" />
                <BranchPoint vc="0" uspid="87" ordinal="3" offset="30" sl="87" path="1" offsetend="40" fileid="2" />
              </BranchPoints>
              <MethodPoint xsi:type="SequencePoint" vc="0" uspid="79" ordinal="0" offset="0" sl="85" sc="9" el="85" ec="10" bec="0" bev="0" fileid="2" />
            </Method>
          </Methods>
        </Class>
        <Class>
          <Summary numSequencePoints="36" visitedSequencePoints="0" numBranchPoints="14" visitedBranchPoints="0" sequenceCoverage="0" branchCoverage="0" maxCyclomaticComplexity="2" minCyclomaticComplexity="1" maxCrapScore="6" minCrapScore="2" visitedClasses="0" numClasses="1" visitedMethods="0" numMethods="6" />
          <FullName>Homework.State.DrawingState</FullName>
          <Methods>
            <Method visited="false" cyclomaticComplexity="1" nPathComplexity="0" sequenceCoverage="0" branchCoverage="0" crapScore="2" isConstructor="false" isStatic="false" isGetter="true" isSetter="false">
              <Summary numSequencePoints="3" visitedSequencePoints="0" numBranchPoints="1" visitedBranchPoints="0" sequenceCoverage="0" branchCoverage="0" maxCyclomaticComplexity="1" minCyclomaticComplexity="1" maxCrapScore="2" minCrapScore="2" visitedClasses="0" numClasses="0" visitedMethods="0" numMethods="1" />
              <MetadataToken>100663336</MetadataToken>
              <Name>System.Boolean Homework.State.DrawingState::get_IsPressed()</Name>
              <FileRef uid="3" />
              <SequencePoints>
                <SequencePoint vc="0" uspid="88" ordinal="0" offset="0" sl="60" sc="13" el="60" ec="14" bec="0" bev="0" fileid="3" />
                <SequencePoint vc="0" uspid="89" ordinal="1" offset="1" sl="61" sc="17" el="61" ec="35" bec="0" bev="0" fileid="3" />
                <SequencePoint vc="0" uspid="90" ordinal="2" offset="10" sl="62" sc="13" el="62" ec="14" bec="0" bev="0" fileid="3" />
              </SequencePoints>
              <BranchPoints />
              <MethodPoint xsi:type="SequencePoint" vc="0" uspid="88" ordinal="0" offset="0" sl="60" sc="13" el="60" ec="14" bec="0" bev="0" fileid="3" />
            </Method>
            <Method visited="false" cyclomaticComplexity="1" nPathComplexity="0" sequenceCoverage="0" branchCoverage="0" crapScore="2" isConstructor="true" isStatic="false" isGetter="false" isSetter="false">
              <Summary numSequencePoints="6" visitedSequencePoints="0" numBranchPoints="1" visitedBranchPoints="0" sequenceCoverage="0" branchCoverage="0" maxCyclomaticComplexity="1" minCyclomaticComplexity="1" maxCrapScore="2" minCrapScore="2" visitedClasses="0" numClasses="0" visitedMethods="0" numMethods="1" />
              <MetadataToken>100663331</MetadataToken>
              <Name>System.Void Homework.State.DrawingState::.ctor(Homework.Model.Model)</Name>
              <FileRef uid="3" />
              <SequencePoints>
                <SequencePoint vc="0" uspid="91" ordinal="0" offset="0" sl="11" sc="9" el="11" ec="47" bec="0" bev="0" fileid="3" />
                <SequencePoint vc="0" uspid="92" ordinal="1" offset="7" sl="12" sc="9" el="12" ec="10" bec="0" bev="0" fileid="3" />
                <SequencePoint vc="0" uspid="93" ordinal="2" offset="8" sl="13" sc="13" el="13" ec="28" bec="0" bev="0" fileid="3" />
                <SequencePoint vc="0" uspid="94" ordinal="3" offset="15" sl="14" sc="13" el="14" ec="41" bec="0" bev="0" fileid="3" />
                <SequencePoint vc="0" uspid="95" ordinal="4" offset="44" sl="15" sc="13" el="15" ec="32" bec="0" bev="0" fileid="3" />
                <SequencePoint vc="0" uspid="96" ordinal="5" offset="51" sl="16" sc="9" el="16" ec="10" bec="0" bev="0" fileid="3" />
              </SequencePoints>
              <BranchPoints />
              <MethodPoint xsi:type="SequencePoint" vc="0" uspid="91" ordinal="0" offset="0" sl="11" sc="9" el="11" ec="47" bec="0" bev="0" fileid="3" />
            </Method>
            <Method visited="false" cyclomaticComplexity="2" nPathComplexity="2" sequenceCoverage="0" branchCoverage="0" crapScore="6" isConstructor="false" isStatic="false" isGetter="false" isSetter="false">
              <Summary numSequencePoints="8" visitedSequencePoints="0" numBranchPoints="3" visitedBranchPoints="0" sequenceCoverage="0" branchCoverage="0" maxCyclomaticComplexity="2" minCyclomaticComplexity="2" maxCrapScore="6" minCrapScore="6" visitedClasses="0" numClasses="0" visitedMethods="0" numMethods="1" />
              <MetadataToken>100663332</MetadataToken>
              <Name>System.Void Homework.State.DrawingState::MouseDown(Homework.Model.Point,System.String,System.Boolean)</Name>
              <FileRef uid="3" />
              <SequencePoints>
                <SequencePoint vc="0" uspid="97" ordinal="0" offset="0" sl="20" sc="9" el="20" ec="10" bec="0" bev="0" fileid="3" />
                <SequencePoint vc="0" uspid="98" ordinal="1" offset="1" sl="21" sc="13" el="21" ec="27" bec="2" bev="0" fileid="3" />
                <SequencePoint vc="0" uspid="99" ordinal="2" offset="6" sl="22" sc="13" el="22" ec="14" bec="0" bev="0" fileid="3" />
                <SequencePoint vc="0" uspid="100" ordinal="3" offset="7" sl="23" sc="17" el="23" ec="33" bec="0" bev="0" fileid="3" />
                <SequencePoint vc="0" uspid="101" ordinal="4" offset="14" sl="24" sc="17" el="24" ec="63" bec="0" bev="0" fileid="3" />
                <SequencePoint vc="0" uspid="102" ordinal="5" offset="33" sl="25" sc="17" el="25" ec="35" bec="0" bev="0" fileid="3" />
                <SequencePoint vc="0" uspid="103" ordinal="6" offset="40" sl="26" sc="13" el="26" ec="14" bec="0" bev="0" fileid="3" />
                <SequencePoint vc="0" uspid="104" ordinal="7" offset="41" sl="27" sc="9" el="27" ec="10" bec="0" bev="0" fileid="3" />
              </SequencePoints>
              <BranchPoints>
                <BranchPoint vc="0" uspid="105" ordinal="0" offset="4" sl="21" path="0" offsetend="6" fileid="3" />
                <BranchPoint vc="0" uspid="106" ordinal="1" offset="4" sl="21" path="1" offsetend="41" fileid="3" />
              </BranchPoints>
              <MethodPoint xsi:type="SequencePoint" vc="0" uspid="97" ordinal="0" offset="0" sl="20" sc="9" el="20" ec="10" bec="0" bev="0" fileid="3" />
            </Method>
            <Method visited="false" cyclomaticComplexity="2" nPathComplexity="2" sequenceCoverage="0" branchCoverage="0" crapScore="6" isConstructor="false" isStatic="false" isGetter="false" isSetter="false">
              <Summary numSequencePoints="6" visitedSequencePoints="0" numBranchPoints="3" visitedBranchPoints="0" sequenceCoverage="0" branchCoverage="0" maxCyclomaticComplexity="2" minCyclomaticComplexity="2" maxCrapScore="6" minCrapScore="6" visitedClasses="0" numClasses="0" visitedMethods="0" numMethods="1" />
              <MetadataToken>100663333</MetadataToken>
              <Name>System.Void Homework.State.DrawingState::MouseMove(Homework.Model.Point)</Name>
              <FileRef uid="3" />
              <SequencePoints>
                <SequencePoint vc="0" uspid="107" ordinal="0" offset="0" sl="31" sc="9" el="31" ec="10" bec="0" bev="0" fileid="3" />
                <SequencePoint vc="0" uspid="108" ordinal="1" offset="1" sl="32" sc="13" el="32" ec="28" bec="2" bev="0" fileid="3" />
                <SequencePoint vc="0" uspid="109" ordinal="2" offset="11" sl="33" sc="13" el="33" ec="14" bec="0" bev="0" fileid="3" />
                <SequencePoint vc="0" uspid="110" ordinal="3" offset="12" sl="34" sc="17" el="34" ec="48" bec="0" bev="0" fileid="3" />
                <SequencePoint vc="0" uspid="111" ordinal="4" offset="25" sl="35" sc="13" el="35" ec="14" bec="0" bev="0" fileid="3" />
                <SequencePoint vc="0" uspid="112" ordinal="5" offset="26" sl="36" sc="9" el="36" ec="10" bec="0" bev="0" fileid="3" />
              </SequencePoints>
              <BranchPoints>
                <BranchPoint vc="0" uspid="113" ordinal="0" offset="9" sl="32" path="0" offsetend="11" fileid="3" />
                <BranchPoint vc="0" uspid="114" ordinal="1" offset="9" sl="32" path="1" offsetend="26" fileid="3" />
              </BranchPoints>
              <MethodPoint xsi:type="SequencePoint" vc="0" uspid="107" ordinal="0" offset="0" sl="31" sc="9" el="31" ec="10" bec="0" bev="0" fileid="3" />
            </Method>
            <Method visited="false" cyclomaticComplexity="2" nPathComplexity="2" sequenceCoverage="0" branchCoverage="0" crapScore="6" isConstructor="false" isStatic="false" isGetter="false" isSetter="false">
              <Summary numSequencePoints="9" visitedSequencePoints="0" numBranchPoints="3" visitedBranchPoints="0" sequenceCoverage="0" branchCoverage="0" maxCyclomaticComplexity="2" minCyclomaticComplexity="2" maxCrapScore="6" minCrapScore="6" visitedClasses="0" numClasses="0" visitedMethods="0" numMethods="1" />
              <MetadataToken>100663334</MetadataToken>
              <Name>System.Void Homework.State.DrawingState::MouseUp(Homework.Model.Point,System.String)</Name>
              <FileRef uid="3" />
              <SequencePoints>
                <SequencePoint vc="0" uspid="115" ordinal="0" offset="0" sl="40" sc="9" el="40" ec="10" bec="0" bev="0" fileid="3" />
                <SequencePoint vc="0" uspid="116" ordinal="1" offset="1" sl="41" sc="13" el="41" ec="28" bec="2" bev="0" fileid="3" />
                <SequencePoint vc="0" uspid="117" ordinal="2" offset="11" sl="42" sc="13" el="42" ec="14" bec="0" bev="0" fileid="3" />
                <SequencePoint vc="0" uspid="118" ordinal="3" offset="12" sl="43" sc="17" el="43" ec="36" bec="0" bev="0" fileid="3" />
                <SequencePoint vc="0" uspid="119" ordinal="4" offset="19" sl="44" sc="17" el="44" ec="60" bec="0" bev="0" fileid="3" />
                <SequencePoint vc="0" uspid="120" ordinal="5" offset="37" sl="45" sc="17" el="45" ec="68" bec="0" bev="0" fileid="3" />
                <SequencePoint vc="0" uspid="121" ordinal="6" offset="57" sl="46" sc="17" el="46" ec="44" bec="0" bev="0" fileid="3" />
                <SequencePoint vc="0" uspid="122" ordinal="7" offset="69" sl="47" sc="13" el="47" ec="14" bec="0" bev="0" fileid="3" />
                <SequencePoint vc="0" uspid="123" ordinal="8" offset="70" sl="48" sc="9" el="48" ec="10" bec="0" bev="0" fileid="3" />
              </SequencePoints>
              <BranchPoints>
                <BranchPoint vc="0" uspid="124" ordinal="0" offset="9" sl="41" path="0" offsetend="11" fileid="3" />
                <BranchPoint vc="0" uspid="125" ordinal="1" offset="9" sl="41" path="1" offsetend="70" fileid="3" />
              </BranchPoints>
              <MethodPoint xsi:type="SequencePoint" vc="0" uspid="115" ordinal="0" offset="0" sl="40" sc="9" el="40" ec="10" bec="0" bev="0" fileid="3" />
            </Method>
            <Method visited="false" cyclomaticComplexity="2" nPathComplexity="2" sequenceCoverage="0" branchCoverage="0" crapScore="6" isConstructor="false" isStatic="false" isGetter="false" isSetter="false">
              <Summary numSequencePoints="4" visitedSequencePoints="0" numBranchPoints="3" visitedBranchPoints="0" sequenceCoverage="0" branchCoverage="0" maxCyclomaticComplexity="2" minCyclomaticComplexity="2" maxCrapScore="6" minCrapScore="6" visitedClasses="0" numClasses="0" visitedMethods="0" numMethods="1" />
              <MetadataToken>100663335</MetadataToken>
              <Name>System.Void Homework.State.DrawingState::Drawing(Homework.Model.IGraphics)</Name>
              <FileRef uid="3" />
              <SequencePoints>
                <SequencePoint vc="0" uspid="126" ordinal="0" offset="0" sl="52" sc="9" el="52" ec="10" bec="0" bev="0" fileid="3" />
                <SequencePoint vc="0" uspid="127" ordinal="1" offset="1" sl="53" sc="13" el="53" ec="28" bec="2" bev="0" fileid="3" />
                <SequencePoint vc="0" uspid="128" ordinal="2" offset="11" sl="54" sc="17" el="54" ec="51" bec="0" bev="0" fileid="3" />
                <SequencePoint vc="0" uspid="129" ordinal="3" offset="24" sl="55" sc="9" el="55" ec="10" bec="0" bev="0" fileid="3" />
              </SequencePoints>
              <BranchPoints>
                <BranchPoint vc="0" uspid="130" ordinal="0" offset="9" sl="53" path="0" offsetend="11" fileid="3" />
                <BranchPoint vc="0" uspid="131" ordinal="1" offset="9" sl="53" path="1" offsetend="24" fileid="3" />
              </BranchPoints>
              <MethodPoint xsi:type="SequencePoint" vc="0" uspid="126" ordinal="0" offset="0" sl="52" sc="9" el="52" ec="10" bec="0" bev="0" fileid="3" />
            </Method>
          </Methods>
        </Class>
        <Class>
          <Summary numSequencePoints="240" visitedSequencePoints="0" numBranchPoints="81" visitedBranchPoints="0" sequenceCoverage="0" branchCoverage="0" maxCyclomaticComplexity="4" minCyclomaticComplexity="1" maxCrapScore="20" minCrapScore="2" visitedClasses="0" numClasses="1" visitedMethods="0" numMethods="51" />
          <FullName>Homework.PresentationModel.FormPresentationModel</FullName>
          <Methods>
            <Method visited="false" cyclomaticComplexity="1" nPathComplexity="0" sequenceCoverage="0" branchCoverage="0" crapScore="2" isConstructor="false" isStatic="false" isGetter="true" isSetter="false">
              <Summary numSequencePoints="3" visitedSequencePoints="0" numBranchPoints="1" visitedBranchPoints="0" sequenceCoverage="0" branchCoverage="0" maxCyclomaticComplexity="1" minCyclomaticComplexity="1" maxCrapScore="2" minCrapScore="2" visitedClasses="0" numClasses="0" visitedMethods="0" numMethods="1" />
              <MetadataToken>100663343</MetadataToken>
              <Name>System.String Homework.PresentationModel.FormPresentationModel::get_ShapeName()</Name>
              <FileRef uid="4" />
              <SequencePoints>
                <SequencePoint vc="0" uspid="132" ordinal="0" offset="0" sl="20" sc="13" el="20" ec="14" bec="0" bev="0" fileid="4" />
                <SequencePoint vc="0" uspid="133" ordinal="1" offset="1" sl="21" sc="17" el="21" ec="41" bec="0" bev="0" fileid="4" />
                <SequencePoint vc="0" uspid="134" ordinal="2" offset="15" sl="22" sc="13" el="22" ec="14" bec="0" bev="0" fileid="4" />
              </SequencePoints>
              <BranchPoints />
              <MethodPoint xsi:type="SequencePoint" vc="0" uspid="132" ordinal="0" offset="0" sl="20" sc="13" el="20" ec="14" bec="0" bev="0" fileid="4" />
            </Method>
            <Method visited="false" cyclomaticComplexity="1" nPathComplexity="0" sequenceCoverage="0" branchCoverage="0" crapScore="2" isConstructor="false" isStatic="false" isGetter="false" isSetter="true">
              <Summary numSequencePoints="3" visitedSequencePoints="0" numBranchPoints="1" visitedBranchPoints="0" sequenceCoverage="0" branchCoverage="0" maxCyclomaticComplexity="1" minCyclomaticComplexity="1" maxCrapScore="2" minCrapScore="2" visitedClasses="0" numClasses="0" visitedMethods="0" numMethods="1" />
              <MetadataToken>100663344</MetadataToken>
              <Name>System.Void Homework.PresentationModel.FormPresentationModel::set_ShapeName(System.String)</Name>
              <FileRef uid="4" />
              <SequencePoints>
                <SequencePoint vc="0" uspid="135" ordinal="0" offset="0" sl="24" sc="13" el="24" ec="14" bec="0" bev="0" fileid="4" />
                <SequencePoint vc="0" uspid="136" ordinal="1" offset="1" sl="25" sc="17" el="25" ec="42" bec="0" bev="0" fileid="4" />
                <SequencePoint vc="0" uspid="137" ordinal="2" offset="14" sl="26" sc="13" el="26" ec="14" bec="0" bev="0" fileid="4" />
              </SequencePoints>
              <BranchPoints />
              <MethodPoint xsi:type="SequencePoint" vc="0" uspid="135" ordinal="0" offset="0" sl="24" sc="13" el="24" ec="14" bec="0" bev="0" fileid="4" />
            </Method>
            <Method visited="false" cyclomaticComplexity="1" nPathComplexity="0" sequenceCoverage="0" branchCoverage="0" crapScore="2" isConstructor="false" isStatic="false" isGetter="true" isSetter="false">
              <Summary numSequencePoints="1" visitedSequencePoints="0" numBranchPoints="1" visitedBranchPoints="0" sequenceCoverage="0" branchCoverage="0" maxCyclomaticComplexity="1" minCyclomaticComplexity="1" maxCrapScore="2" minCrapScore="2" visitedClasses="0" numClasses="0" visitedMethods="0" numMethods="1" />
              <MetadataToken>100663346</MetadataToken>
              <Name>System.Windows.Forms.Cursor Homework.PresentationModel.FormPresentationModel::get_UsingCursor()</Name>
              <FileRef uid="4" />
              <SequencePoints>
                <SequencePoint vc="0" uspid="138" ordinal="0" offset="0" sl="33" sc="13" el="33" ec="17" bec="0" bev="0" fileid="4" />
              </SequencePoints>
              <BranchPoints />
              <MethodPoint xsi:type="SequencePoint" vc="0" uspid="138" ordinal="0" offset="0" sl="33" sc="13" el="33" ec="17" bec="0" bev="0" fileid="4" />
            </Method>
            <Method visited="false" cyclomaticComplexity="1" nPathComplexity="0" sequenceCoverage="0" branchCoverage="0" crapScore="2" isConstructor="false" isStatic="false" isGetter="false" isSetter="true">
              <Summary numSequencePoints="1" visitedSequencePoints="0" numBranchPoints="1" visitedBranchPoints="0" sequenceCoverage="0" branchCoverage="0" maxCyclomaticComplexity="1" minCyclomaticComplexity="1" maxCrapScore="2" minCrapScore="2" visitedClasses="0" numClasses="0" visitedMethods="0" numMethods="1" />
              <MetadataToken>100663345</MetadataToken>
              <Name>System.Void Homework.PresentationModel.FormPresentationModel::set_UsingCursor(System.Windows.Forms.Cursor)</Name>
              <FileRef uid="4" />
              <SequencePoints>
                <SequencePoint vc="0" uspid="139" ordinal="0" offset="0" sl="32" sc="13" el="32" ec="17" bec="0" bev="0" fileid="4" />
              </SequencePoints>
              <BranchPoints />
              <MethodPoint xsi:type="SequencePoint" vc="0" uspid="139" ordinal="0" offset="0" sl="32" sc="13" el="32" ec="17" bec="0" bev="0" fileid="4" />
            </Method>
            <Method visited="false" cyclomaticComplexity="1" nPathComplexity="0" sequenceCoverage="0" branchCoverage="0" crapScore="2" isConstructor="false" isStatic="false" isGetter="true" isSetter="false">
              <Summary numSequencePoints="3" visitedSequencePoints="0" numBranchPoints="1" visitedBranchPoints="0" sequenceCoverage="0" branchCoverage="0" maxCyclomaticComplexity="1" minCyclomaticComplexity="1" maxCrapScore="2" minCrapScore="2" visitedClasses="0" numClasses="0" visitedMethods="0" numMethods="1" />
              <MetadataToken>100663348</MetadataToken>
              <Name>System.Boolean Homework.PresentationModel.FormPresentationModel::get_IsPressed()</Name>
              <FileRef uid="4" />
              <SequencePoints>
                <SequencePoint vc="0" uspid="140" ordinal="0" offset="0" sl="43" sc="13" el="43" ec="14" bec="0" bev="0" fileid="4" />
                <SequencePoint vc="0" uspid="141" ordinal="1" offset="1" sl="44" sc="17" el="44" ec="35" bec="0" bev="0" fileid="4" />
                <SequencePoint vc="0" uspid="142" ordinal="2" offset="10" sl="45" sc="13" el="45" ec="14" bec="0" bev="0" fileid="4" />
              </SequencePoints>
              <BranchPoints />
              <MethodPoint xsi:type="SequencePoint" vc="0" uspid="140" ordinal="0" offset="0" sl="43" sc="13" el="43" ec="14" bec="0" bev="0" fileid="4" />
            </Method>
            <Method visited="false" cyclomaticComplexity="1" nPathComplexity="0" sequenceCoverage="0" branchCoverage="0" crapScore="2" isConstructor="false" isStatic="false" isGetter="false" isSetter="true">
              <Summary numSequencePoints="3" visitedSequencePoints="0" numBranchPoints="1" visitedBranchPoints="0" sequenceCoverage="0" branchCoverage="0" maxCyclomaticComplexity="1" minCyclomaticComplexity="1" maxCrapScore="2" minCrapScore="2" visitedClasses="0" numClasses="0" visitedMethods="0" numMethods="1" />
              <MetadataToken>100663347</MetadataToken>
              <Name>System.Void Homework.PresentationModel.FormPresentationModel::set_IsPressed(System.Boolean)</Name>
              <FileRef uid="4" />
              <SequencePoints>
                <SequencePoint vc="0" uspid="143" ordinal="0" offset="0" sl="39" sc="13" el="39" ec="14" bec="0" bev="0" fileid="4" />
                <SequencePoint vc="0" uspid="144" ordinal="1" offset="1" sl="40" sc="17" el="40" ec="36" bec="0" bev="0" fileid="4" />
                <SequencePoint vc="0" uspid="145" ordinal="2" offset="8" sl="41" sc="13" el="41" ec="14" bec="0" bev="0" fileid="4" />
              </SequencePoints>
              <BranchPoints />
              <MethodPoint xsi:type="SequencePoint" vc="0" uspid="143" ordinal="0" offset="0" sl="39" sc="13" el="39" ec="14" bec="0" bev="0" fileid="4" />
            </Method>
            <Method visited="false" cyclomaticComplexity="1" nPathComplexity="0" sequenceCoverage="0" branchCoverage="0" crapScore="2" isConstructor="false" isStatic="false" isGetter="true" isSetter="false">
              <Summary numSequencePoints="3" visitedSequencePoints="0" numBranchPoints="1" visitedBranchPoints="0" sequenceCoverage="0" branchCoverage="0" maxCyclomaticComplexity="1" minCyclomaticComplexity="1" maxCrapScore="2" minCrapScore="2" visitedClasses="0" numClasses="0" visitedMethods="0" numMethods="1" />
              <MetadataToken>100663350</MetadataToken>
              <Name>System.Boolean Homework.PresentationModel.FormPresentationModel::get_IsLineEnabled()</Name>
              <FileRef uid="4" />
              <SequencePoints>
                <SequencePoint vc="0" uspid="146" ordinal="0" offset="0" sl="57" sc="13" el="57" ec="14" bec="0" bev="0" fileid="4" />
                <SequencePoint vc="0" uspid="147" ordinal="1" offset="1" sl="58" sc="17" el="58" ec="39" bec="0" bev="0" fileid="4" />
                <SequencePoint vc="0" uspid="148" ordinal="2" offset="10" sl="59" sc="13" el="59" ec="14" bec="0" bev="0" fileid="4" />
              </SequencePoints>
              <BranchPoints />
              <MethodPoint xsi:type="SequencePoint" vc="0" uspid="146" ordinal="0" offset="0" sl="57" sc="13" el="57" ec="14" bec="0" bev="0" fileid="4" />
            </Method>
            <Method visited="false" cyclomaticComplexity="1" nPathComplexity="0" sequenceCoverage="0" branchCoverage="0" crapScore="2" isConstructor="false" isStatic="false" isGetter="false" isSetter="true">
              <Summary numSequencePoints="4" visitedSequencePoints="0" numBranchPoints="1" visitedBranchPoints="0" sequenceCoverage="0" branchCoverage="0" maxCyclomaticComplexity="1" minCyclomaticComplexity="1" maxCrapScore="2" minCrapScore="2" visitedClasses="0" numClasses="0" visitedMethods="0" numMethods="1" />
              <MetadataToken>100663349</MetadataToken>
              <Name>System.Void Homework.PresentationModel.FormPresentationModel::set_IsLineEnabled(System.Boolean)</Name>
              <FileRef uid="4" />
              <SequencePoints>
                <SequencePoint vc="0" uspid="149" ordinal="0" offset="0" sl="52" sc="13" el="52" ec="14" bec="0" bev="0" fileid="4" />
                <SequencePoint vc="0" uspid="150" ordinal="1" offset="1" sl="53" sc="17" el="53" ec="40" bec="0" bev="0" fileid="4" />
                <SequencePoint vc="0" uspid="151" ordinal="2" offset="8" sl="54" sc="17" el="54" ec="74" bec="0" bev="0" fileid="4" />
                <SequencePoint vc="0" uspid="152" ordinal="3" offset="20" sl="55" sc="13" el="55" ec="14" bec="0" bev="0" fileid="4" />
              </SequencePoints>
              <BranchPoints />
              <MethodPoint xsi:type="SequencePoint" vc="0" uspid="149" ordinal="0" offset="0" sl="52" sc="13" el="52" ec="14" bec="0" bev="0" fileid="4" />
            </Method>
            <Method visited="false" cyclomaticComplexity="1" nPathComplexity="0" sequenceCoverage="0" branchCoverage="0" crapScore="2" isConstructor="false" isStatic="false" isGetter="true" isSetter="false">
              <Summary numSequencePoints="3" visitedSequencePoints="0" numBranchPoints="1" visitedBranchPoints="0" sequenceCoverage="0" branchCoverage="0" maxCyclomaticComplexity="1" minCyclomaticComplexity="1" maxCrapScore="2" minCrapScore="2" visitedClasses="0" numClasses="0" visitedMethods="0" numMethods="1" />
              <MetadataToken>100663352</MetadataToken>
              <Name>System.Boolean Homework.PresentationModel.FormPresentationModel::get_IsRectangleEnabled()</Name>
              <FileRef uid="4" />
              <SequencePoints>
                <SequencePoint vc="0" uspid="153" ordinal="0" offset="0" sl="71" sc="13" el="71" ec="14" bec="0" bev="0" fileid="4" />
                <SequencePoint vc="0" uspid="154" ordinal="1" offset="1" sl="72" sc="17" el="72" ec="44" bec="0" bev="0" fileid="4" />
                <SequencePoint vc="0" uspid="155" ordinal="2" offset="10" sl="73" sc="13" el="73" ec="14" bec="0" bev="0" fileid="4" />
              </SequencePoints>
              <BranchPoints />
              <MethodPoint xsi:type="SequencePoint" vc="0" uspid="153" ordinal="0" offset="0" sl="71" sc="13" el="71" ec="14" bec="0" bev="0" fileid="4" />
            </Method>
            <Method visited="false" cyclomaticComplexity="1" nPathComplexity="0" sequenceCoverage="0" branchCoverage="0" crapScore="2" isConstructor="false" isStatic="false" isGetter="false" isSetter="true">
              <Summary numSequencePoints="4" visitedSequencePoints="0" numBranchPoints="1" visitedBranchPoints="0" sequenceCoverage="0" branchCoverage="0" maxCyclomaticComplexity="1" minCyclomaticComplexity="1" maxCrapScore="2" minCrapScore="2" visitedClasses="0" numClasses="0" visitedMethods="0" numMethods="1" />
              <MetadataToken>100663351</MetadataToken>
              <Name>System.Void Homework.PresentationModel.FormPresentationModel::set_IsRectangleEnabled(System.Boolean)</Name>
              <FileRef uid="4" />
              <SequencePoints>
                <SequencePoint vc="0" uspid="156" ordinal="0" offset="0" sl="66" sc="13" el="66" ec="14" bec="0" bev="0" fileid="4" />
                <SequencePoint vc="0" uspid="157" ordinal="1" offset="1" sl="67" sc="17" el="67" ec="45" bec="0" bev="0" fileid="4" />
                <SequencePoint vc="0" uspid="158" ordinal="2" offset="8" sl="68" sc="17" el="68" ec="79" bec="0" bev="0" fileid="4" />
                <SequencePoint vc="0" uspid="159" ordinal="3" offset="20" sl="69" sc="13" el="69" ec="14" bec="0" bev="0" fileid="4" />
              </SequencePoints>
              <BranchPoints />
              <MethodPoint xsi:type="SequencePoint" vc="0" uspid="156" ordinal="0" offset="0" sl="66" sc="13" el="66" ec="14" bec="0" bev="0" fileid="4" />
            </Method>
            <Method visited="false" cyclomaticComplexity="1" nPathComplexity="0" sequenceCoverage="0" branchCoverage="0" crapScore="2" isConstructor="false" isStatic="false" isGetter="true" isSetter="false">
              <Summary numSequencePoints="3" visitedSequencePoints="0" numBranchPoints="1" visitedBranchPoints="0" sequenceCoverage="0" branchCoverage="0" maxCyclomaticComplexity="1" minCyclomaticComplexity="1" maxCrapScore="2" minCrapScore="2" visitedClasses="0" numClasses="0" visitedMethods="0" numMethods="1" />
              <MetadataToken>100663354</MetadataToken>
              <Name>System.Boolean Homework.PresentationModel.FormPresentationModel::get_IsEllipseEnabled()</Name>
              <FileRef uid="4" />
              <SequencePoints>
                <SequencePoint vc="0" uspid="160" ordinal="0" offset="0" sl="85" sc="13" el="85" ec="14" bec="0" bev="0" fileid="4" />
                <SequencePoint vc="0" uspid="161" ordinal="1" offset="1" sl="86" sc="17" el="86" ec="42" bec="0" bev="0" fileid="4" />
                <SequencePoint vc="0" uspid="162" ordinal="2" offset="10" sl="87" sc="13" el="87" ec="14" bec="0" bev="0" fileid="4" />
              </SequencePoints>
              <BranchPoints />
              <MethodPoint xsi:type="SequencePoint" vc="0" uspid="160" ordinal="0" offset="0" sl="85" sc="13" el="85" ec="14" bec="0" bev="0" fileid="4" />
            </Method>
            <Method visited="false" cyclomaticComplexity="1" nPathComplexity="0" sequenceCoverage="0" branchCoverage="0" crapScore="2" isConstructor="false" isStatic="false" isGetter="false" isSetter="true">
              <Summary numSequencePoints="4" visitedSequencePoints="0" numBranchPoints="1" visitedBranchPoints="0" sequenceCoverage="0" branchCoverage="0" maxCyclomaticComplexity="1" minCyclomaticComplexity="1" maxCrapScore="2" minCrapScore="2" visitedClasses="0" numClasses="0" visitedMethods="0" numMethods="1" />
              <MetadataToken>100663353</MetadataToken>
              <Name>System.Void Homework.PresentationModel.FormPresentationModel::set_IsEllipseEnabled(System.Boolean)</Name>
              <FileRef uid="4" />
              <SequencePoints>
                <SequencePoint vc="0" uspid="163" ordinal="0" offset="0" sl="80" sc="13" el="80" ec="14" bec="0" bev="0" fileid="4" />
                <SequencePoint vc="0" uspid="164" ordinal="1" offset="1" sl="81" sc="17" el="81" ec="43" bec="0" bev="0" fileid="4" />
                <SequencePoint vc="0" uspid="165" ordinal="2" offset="8" sl="82" sc="17" el="82" ec="77" bec="0" bev="0" fileid="4" />
                <SequencePoint vc="0" uspid="166" ordinal="3" offset="20" sl="83" sc="13" el="83" ec="14" bec="0" bev="0" fileid="4" />
              </SequencePoints>
              <BranchPoints />
              <MethodPoint xsi:type="SequencePoint" vc="0" uspid="163" ordinal="0" offset="0" sl="80" sc="13" el="80" ec="14" bec="0" bev="0" fileid="4" />
            </Method>
            <Method visited="false" cyclomaticComplexity="1" nPathComplexity="0" sequenceCoverage="0" branchCoverage="0" crapScore="2" isConstructor="false" isStatic="false" isGetter="true" isSetter="false">
              <Summary numSequencePoints="3" visitedSequencePoints="0" numBranchPoints="1" visitedBranchPoints="0" sequenceCoverage="0" branchCoverage="0" maxCyclomaticComplexity="1" minCyclomaticComplexity="1" maxCrapScore="2" minCrapScore="2" visitedClasses="0" numClasses="0" visitedMethods="0" numMethods="1" />
              <MetadataToken>100663356</MetadataToken>
              <Name>System.Boolean Homework.PresentationModel.FormPresentationModel::get_IsDefaultCursorEnabled()</Name>
              <FileRef uid="4" />
              <SequencePoints>
                <SequencePoint vc="0" uspid="167" ordinal="0" offset="0" sl="99" sc="13" el="99" ec="14" bec="0" bev="0" fileid="4" />
                <SequencePoint vc="0" uspid="168" ordinal="1" offset="1" sl="100" sc="17" el="100" ec="48" bec="0" bev="0" fileid="4" />
                <SequencePoint vc="0" uspid="169" ordinal="2" offset="10" sl="101" sc="13" el="101" ec="14" bec="0" bev="0" fileid="4" />
              </SequencePoints>
              <BranchPoints />
              <MethodPoint xsi:type="SequencePoint" vc="0" uspid="167" ordinal="0" offset="0" sl="99" sc="13" el="99" ec="14" bec="0" bev="0" fileid="4" />
            </Method>
            <Method visited="false" cyclomaticComplexity="1" nPathComplexity="0" sequenceCoverage="0" branchCoverage="0" crapScore="2" isConstructor="false" isStatic="false" isGetter="false" isSetter="true">
              <Summary numSequencePoints="4" visitedSequencePoints="0" numBranchPoints="1" visitedBranchPoints="0" sequenceCoverage="0" branchCoverage="0" maxCyclomaticComplexity="1" minCyclomaticComplexity="1" maxCrapScore="2" minCrapScore="2" visitedClasses="0" numClasses="0" visitedMethods="0" numMethods="1" />
              <MetadataToken>100663355</MetadataToken>
              <Name>System.Void Homework.PresentationModel.FormPresentationModel::set_IsDefaultCursorEnabled(System.Boolean)</Name>
              <FileRef uid="4" />
              <SequencePoints>
                <SequencePoint vc="0" uspid="170" ordinal="0" offset="0" sl="94" sc="13" el="94" ec="14" bec="0" bev="0" fileid="4" />
                <SequencePoint vc="0" uspid="171" ordinal="1" offset="1" sl="95" sc="17" el="95" ec="49" bec="0" bev="0" fileid="4" />
                <SequencePoint vc="0" uspid="172" ordinal="2" offset="8" sl="96" sc="17" el="96" ec="76" bec="0" bev="0" fileid="4" />
                <SequencePoint vc="0" uspid="173" ordinal="3" offset="20" sl="97" sc="13" el="97" ec="14" bec="0" bev="0" fileid="4" />
              </SequencePoints>
              <BranchPoints />
              <MethodPoint xsi:type="SequencePoint" vc="0" uspid="170" ordinal="0" offset="0" sl="94" sc="13" el="94" ec="14" bec="0" bev="0" fileid="4" />
            </Method>
            <Method visited="false" cyclomaticComplexity="1" nPathComplexity="0" sequenceCoverage="0" branchCoverage="0" crapScore="2" isConstructor="false" isStatic="false" isGetter="true" isSetter="false">
              <Summary numSequencePoints="3" visitedSequencePoints="0" numBranchPoints="1" visitedBranchPoints="0" sequenceCoverage="0" branchCoverage="0" maxCyclomaticComplexity="1" minCyclomaticComplexity="1" maxCrapScore="2" minCrapScore="2" visitedClasses="0" numClasses="0" visitedMethods="0" numMethods="1" />
              <MetadataToken>100663357</MetadataToken>
              <Name>System.Boolean Homework.PresentationModel.FormPresentationModel::get_IsUndoEnabled()</Name>
              <FileRef uid="4" />
              <SequencePoints>
                <SequencePoint vc="0" uspid="174" ordinal="0" offset="0" sl="108" sc="13" el="108" ec="14" bec="0" bev="0" fileid="4" />
                <SequencePoint vc="0" uspid="175" ordinal="1" offset="1" sl="109" sc="17" el="109" ec="45" bec="0" bev="0" fileid="4" />
                <SequencePoint vc="0" uspid="176" ordinal="2" offset="15" sl="110" sc="13" el="110" ec="14" bec="0" bev="0" fileid="4" />
              </SequencePoints>
              <BranchPoints />
              <MethodPoint xsi:type="SequencePoint" vc="0" uspid="174" ordinal="0" offset="0" sl="108" sc="13" el="108" ec="14" bec="0" bev="0" fileid="4" />
            </Method>
            <Method visited="false" cyclomaticComplexity="1" nPathComplexity="0" sequenceCoverage="0" branchCoverage="0" crapScore="2" isConstructor="false" isStatic="false" isGetter="true" isSetter="false">
              <Summary numSequencePoints="3" visitedSequencePoints="0" numBranchPoints="1" visitedBranchPoints="0" sequenceCoverage="0" branchCoverage="0" maxCyclomaticComplexity="1" minCyclomaticComplexity="1" maxCrapScore="2" minCrapScore="2" visitedClasses="0" numClasses="0" visitedMethods="0" numMethods="1" />
              <MetadataToken>100663358</MetadataToken>
              <Name>System.Boolean Homework.PresentationModel.FormPresentationModel::get_IsRedoEnabled()</Name>
              <FileRef uid="4" />
              <SequencePoints>
                <SequencePoint vc="0" uspid="177" ordinal="0" offset="0" sl="117" sc="13" el="117" ec="14" bec="0" bev="0" fileid="4" />
                <SequencePoint vc="0" uspid="178" ordinal="1" offset="1" sl="118" sc="17" el="118" ec="45" bec="0" bev="0" fileid="4" />
                <SequencePoint vc="0" uspid="179" ordinal="2" offset="15" sl="119" sc="13" el="119" ec="14" bec="0" bev="0" fileid="4" />
              </SequencePoints>
              <BranchPoints />
              <MethodPoint xsi:type="SequencePoint" vc="0" uspid="177" ordinal="0" offset="0" sl="117" sc="13" el="117" ec="14" bec="0" bev="0" fileid="4" />
            </Method>
            <Method visited="false" cyclomaticComplexity="1" nPathComplexity="0" sequenceCoverage="0" branchCoverage="0" crapScore="2" isConstructor="false" isStatic="false" isGetter="true" isSetter="false">
              <Summary numSequencePoints="3" visitedSequencePoints="0" numBranchPoints="1" visitedBranchPoints="0" sequenceCoverage="0" branchCoverage="0" maxCyclomaticComplexity="1" minCyclomaticComplexity="1" maxCrapScore="2" minCrapScore="2" visitedClasses="0" numClasses="0" visitedMethods="0" numMethods="1" />
              <MetadataToken>100663360</MetadataToken>
              <Name>System.Int32 Homework.PresentationModel.FormPresentationModel::get_SlideIndex()</Name>
              <FileRef uid="4" />
              <SequencePoints>
                <SequencePoint vc="0" uspid="180" ordinal="0" offset="0" sl="135" sc="13" el="135" ec="14" bec="0" bev="0" fileid="4" />
                <SequencePoint vc="0" uspid="181" ordinal="1" offset="1" sl="136" sc="17" el="136" ec="41" bec="0" bev="0" fileid="4" />
                <SequencePoint vc="0" uspid="182" ordinal="2" offset="15" sl="137" sc="13" el="137" ec="14" bec="0" bev="0" fileid="4" />
              </SequencePoints>
              <BranchPoints />
              <MethodPoint xsi:type="SequencePoint" vc="0" uspid="180" ordinal="0" offset="0" sl="135" sc="13" el="135" ec="14" bec="0" bev="0" fileid="4" />
            </Method>
            <Method visited="false" cyclomaticComplexity="1" nPathComplexity="0" sequenceCoverage="0" branchCoverage="0" crapScore="2" isConstructor="false" isStatic="false" isGetter="false" isSetter="true">
              <Summary numSequencePoints="3" visitedSequencePoints="0" numBranchPoints="1" visitedBranchPoints="0" sequenceCoverage="0" branchCoverage="0" maxCyclomaticComplexity="1" minCyclomaticComplexity="1" maxCrapScore="2" minCrapScore="2" visitedClasses="0" numClasses="0" visitedMethods="0" numMethods="1" />
              <MetadataToken>100663361</MetadataToken>
              <Name>System.Void Homework.PresentationModel.FormPresentationModel::set_SlideIndex(System.Int32)</Name>
              <FileRef uid="4" />
              <SequencePoints>
                <SequencePoint vc="0" uspid="183" ordinal="0" offset="0" sl="139" sc="13" el="139" ec="14" bec="0" bev="0" fileid="4" />
                <SequencePoint vc="0" uspid="184" ordinal="1" offset="1" sl="140" sc="17" el="140" ec="42" bec="0" bev="0" fileid="4" />
                <SequencePoint vc="0" uspid="185" ordinal="2" offset="14" sl="141" sc="13" el="141" ec="14" bec="0" bev="0" fileid="4" />
              </SequencePoints>
              <BranchPoints />
              <MethodPoint xsi:type="SequencePoint" vc="0" uspid="183" ordinal="0" offset="0" sl="139" sc="13" el="139" ec="14" bec="0" bev="0" fileid="4" />
            </Method>
            <Method visited="false" cyclomaticComplexity="2" nPathComplexity="0" sequenceCoverage="0" branchCoverage="0" crapScore="6" isConstructor="false" isStatic="false" isGetter="false" isSetter="false">
              <Summary numSequencePoints="0" visitedSequencePoints="0" numBranchPoints="0" visitedBranchPoints="0" sequenceCoverage="0" branchCoverage="0" maxCyclomaticComplexity="2" minCyclomaticComplexity="2" maxCrapScore="6" minCrapScore="6" visitedClasses="0" numClasses="0" visitedMethods="0" numMethods="0" />
              <MetadataToken>100663341</MetadataToken>
              <Name>System.Void Homework.PresentationModel.FormPresentationModel::add__saveButtonChanged(Homework.PresentationModel.FormPresentationModel/SaveButtonEventHandler)</Name>
              <SequencePoints />
              <BranchPoints />
              <MethodPoint vc="0" uspid="186" ordinal="0" offset="0" />
            </Method>
            <Method visited="false" cyclomaticComplexity="2" nPathComplexity="0" sequenceCoverage="0" branchCoverage="0" crapScore="6" isConstructor="false" isStatic="false" isGetter="false" isSetter="false">
              <Summary numSequencePoints="0" visitedSequencePoints="0" numBranchPoints="0" visitedBranchPoints="0" sequenceCoverage="0" branchCoverage="0" maxCyclomaticComplexity="2" minCyclomaticComplexity="2" maxCrapScore="6" minCrapScore="6" visitedClasses="0" numClasses="0" visitedMethods="0" numMethods="0" />
              <MetadataToken>100663342</MetadataToken>
              <Name>System.Void Homework.PresentationModel.FormPresentationModel::remove__saveButtonChanged(Homework.PresentationModel.FormPresentationModel/SaveButtonEventHandler)</Name>
              <SequencePoints />
              <BranchPoints />
              <MethodPoint vc="0" uspid="187" ordinal="0" offset="0" />
            </Method>
            <Method visited="false" cyclomaticComplexity="2" nPathComplexity="2" sequenceCoverage="0" branchCoverage="0" crapScore="6" isConstructor="false" isStatic="false" isGetter="false" isSetter="false">
              <Summary numSequencePoints="6" visitedSequencePoints="0" numBranchPoints="3" visitedBranchPoints="0" sequenceCoverage="0" branchCoverage="0" maxCyclomaticComplexity="2" minCyclomaticComplexity="2" maxCrapScore="6" minCrapScore="6" visitedClasses="0" numClasses="0" visitedMethods="0" numMethods="1" />
              <MetadataToken>100663359</MetadataToken>
              <Name>System.Void Homework.PresentationModel.FormPresentationModel::NotifyPropertyChanged(System.String)</Name>
              <FileRef uid="4" />
              <SequencePoints>
                <SequencePoint vc="0" uspid="188" ordinal="0" offset="0" sl="124" sc="9" el="124" ec="10" bec="0" bev="0" fileid="4" />
                <SequencePoint vc="0" uspid="189" ordinal="1" offset="1" sl="125" sc="13" el="125" ec="41" bec="2" bev="0" fileid="4" />
                <SequencePoint vc="0" uspid="190" ordinal="2" offset="14" sl="126" sc="13" el="126" ec="14" bec="0" bev="0" fileid="4" />
                <SequencePoint vc="0" uspid="191" ordinal="3" offset="15" sl="127" sc="17" el="127" ec="83" bec="0" bev="0" fileid="4" />
                <SequencePoint vc="0" uspid="192" ordinal="4" offset="34" sl="128" sc="13" el="128" ec="14" bec="0" bev="0" fileid="4" />
                <SequencePoint vc="0" uspid="193" ordinal="5" offset="35" sl="129" sc="9" el="129" ec="10" bec="0" bev="0" fileid="4" />
              </SequencePoints>
              <BranchPoints>
                <BranchPoint vc="0" uspid="194" ordinal="0" offset="12" sl="125" path="0" offsetend="14" fileid="4" />
                <BranchPoint vc="0" uspid="195" ordinal="1" offset="12" sl="125" path="1" offsetend="35" fileid="4" />
              </BranchPoints>
              <MethodPoint xsi:type="SequencePoint" vc="0" uspid="188" ordinal="0" offset="0" sl="124" sc="9" el="124" ec="10" bec="0" bev="0" fileid="4" />
            </Method>
            <Method visited="false" cyclomaticComplexity="1" nPathComplexity="0" sequenceCoverage="0" branchCoverage="0" crapScore="2" isConstructor="false" isStatic="false" isGetter="false" isSetter="false">
              <Summary numSequencePoints="0" visitedSequencePoints="0" numBranchPoints="0" visitedBranchPoints="0" sequenceCoverage="0" branchCoverage="0" maxCyclomaticComplexity="1" minCyclomaticComplexity="1" maxCrapScore="2" minCrapScore="2" visitedClasses="0" numClasses="0" visitedMethods="0" numMethods="0" />
              <MetadataToken>100663362</MetadataToken>
              <Name>System.Void Homework.PresentationModel.FormPresentationModel::Save()</Name>
              <SequencePoints />
              <BranchPoints />
              <MethodPoint vc="0" uspid="196" ordinal="0" offset="0" />
            </Method>
            <Method visited="false" cyclomaticComplexity="1" nPathComplexity="0" sequenceCoverage="0" branchCoverage="0" crapScore="2" isConstructor="false" isStatic="false" isGetter="false" isSetter="false">
              <Summary numSequencePoints="4" visitedSequencePoints="0" numBranchPoints="1" visitedBranchPoints="0" sequenceCoverage="0" branchCoverage="0" maxCyclomaticComplexity="1" minCyclomaticComplexity="1" maxCrapScore="2" minCrapScore="2" visitedClasses="0" numClasses="0" visitedMethods="0" numMethods="1" />
              <MetadataToken>100663363</MetadataToken>
              <Name>System.Void Homework.PresentationModel.FormPresentationModel::Load()</Name>
              <FileRef uid="4" />
              <SequencePoints>
                <SequencePoint vc="0" uspid="197" ordinal="0" offset="0" sl="155" sc="9" el="155" ec="10" bec="0" bev="0" fileid="4" />
                <SequencePoint vc="0" uspid="198" ordinal="1" offset="1" sl="156" sc="13" el="156" ec="27" bec="0" bev="0" fileid="4" />
                <SequencePoint vc="0" uspid="199" ordinal="2" offset="13" sl="157" sc="13" el="157" ec="38" bec="0" bev="0" fileid="4" />
                <SequencePoint vc="0" uspid="200" ordinal="3" offset="24" sl="158" sc="9" el="158" ec="10" bec="0" bev="0" fileid="4" />
              </SequencePoints>
              <BranchPoints />
              <MethodPoint xsi:type="SequencePoint" vc="0" uspid="197" ordinal="0" offset="0" sl="155" sc="9" el="155" ec="10" bec="0" bev="0" fileid="4" />
            </Method>
            <Method visited="false" cyclomaticComplexity="1" nPathComplexity="0" sequenceCoverage="0" branchCoverage="0" crapScore="2" isConstructor="false" isStatic="false" isGetter="false" isSetter="false">
              <Summary numSequencePoints="3" visitedSequencePoints="0" numBranchPoints="1" visitedBranchPoints="0" sequenceCoverage="0" branchCoverage="0" maxCyclomaticComplexity="1" minCyclomaticComplexity="1" maxCrapScore="2" minCrapScore="2" visitedClasses="0" numClasses="0" visitedMethods="0" numMethods="1" />
              <MetadataToken>100663364</MetadataToken>
              <Name>System.Void Homework.PresentationModel.FormPresentationModel::DeleteDriveFile()</Name>
              <FileRef uid="4" />
              <SequencePoints>
                <SequencePoint vc="0" uspid="201" ordinal="0" offset="0" sl="162" sc="9" el="162" ec="10" bec="0" bev="0" fileid="4" />
                <SequencePoint vc="0" uspid="202" ordinal="1" offset="1" sl="163" sc="13" el="163" ec="38" bec="0" bev="0" fileid="4" />
                <SequencePoint vc="0" uspid="203" ordinal="2" offset="13" sl="164" sc="9" el="164" ec="10" bec="0" bev="0" fileid="4" />
              </SequencePoints>
              <BranchPoints />
              <MethodPoint xsi:type="SequencePoint" vc="0" uspid="201" ordinal="0" offset="0" sl="162" sc="9" el="162" ec="10" bec="0" bev="0" fileid="4" />
            </Method>
            <Method visited="false" cyclomaticComplexity="2" nPathComplexity="2" sequenceCoverage="0" branchCoverage="0" crapScore="6" isConstructor="false" isStatic="false" isGetter="false" isSetter="false">
              <Summary numSequencePoints="6" visitedSequencePoints="0" numBranchPoints="3" visitedBranchPoints="0" sequenceCoverage="0" branchCoverage="0" maxCyclomaticComplexity="2" minCyclomaticComplexity="2" maxCrapScore="6" minCrapScore="6" visitedClasses="0" numClasses="0" visitedMethods="0" numMethods="1" />
              <MetadataToken>100663365</MetadataToken>
              <Name>System.Void Homework.PresentationModel.FormPresentationModel::HandleFormEnabled(System.Boolean)</Name>
              <FileRef uid="4" />
              <SequencePoints>
                <SequencePoint vc="0" uspid="204" ordinal="0" offset="0" sl="169" sc="9" el="169" ec="10" bec="0" bev="0" fileid="4" />
                <SequencePoint vc="0" uspid="205" ordinal="1" offset="1" sl="170" sc="13" el="170" ec="38" bec="2" bev="0" fileid="4" />
                <SequencePoint vc="0" uspid="206" ordinal="2" offset="14" sl="171" sc="13" el="171" ec="14" bec="0" bev="0" fileid="4" />
                <SequencePoint vc="0" uspid="207" ordinal="3" offset="15" sl="172" sc="17" el="172" ec="41" bec="0" bev="0" fileid="4" />
                <SequencePoint vc="0" uspid="208" ordinal="4" offset="28" sl="173" sc="13" el="173" ec="14" bec="0" bev="0" fileid="4" />
[...]
          <FullName>Homework.View.DoubleBufferedPanel</FullName>
          <Methods>
            <Method visited="false" cyclomaticComplexity="1" nPathComplexity="0" sequenceCoverage="0" branchCoverage="0" crapScore="2" isConstructor="true" isStatic="false" isGetter="false" isSetter="false">
              <Summary numSequencePoints="4" visitedSequencePoints="0" numBranchPoints="1" visitedBranchPoints="0" sequenceCoverage="0" branchCoverage="0" maxCyclomaticComplexity="1" minCyclomaticComplexity="1" maxCrapScore="2" minCrapScore="2" visitedClasses="0" numClasses="0" visitedMethods="0" numMethods="1" />
              <MetadataToken>100663679</MetadataToken>
              <Name>System.Void Homework.View.DoubleBufferedPanel::.ctor()</Name>
              <FileRef uid="40" />
              <SequencePoints>
                <SequencePoint vc="0" uspid="2605" ordinal="0" offset="0" sl="7" sc="9" el="7" ec="37" bec="0" bev="0" fileid="40" />
                <SequencePoint vc="0" uspid="2606" ordinal="1" offset="7" sl="8" sc="9" el="8" ec="10" bec="0" bev="0" fileid="40" />
                <SequencePoint vc="0" uspid="2607" ordinal="2" offset="8" sl="9" sc="13" el="9" ec="35" bec="0" bev="0" fileid="40" />
                <SequencePoint vc="0" uspid="2608" ordinal="3" offset="16" sl="10" sc="9" el="10" ec="10" bec="0" bev="0" fileid="40" />
              </SequencePoints>
              <BranchPoints />
              <MethodPoint xsi:type="SequencePoint" vc="0" uspid="2605" ordinal="0" offset="0" sl="7" sc="9" el="7" ec="37" bec="0" bev="0" fileid="40" />
            </Method>
          </Methods>
        </Class>
        <Class>
          <Summary numSequencePoints="45" visitedSequencePoints="0" numBranchPoints="23" visitedBranchPoints="0" sequenceCoverage="0" branchCoverage="0" maxCyclomaticComplexity="3" minCyclomaticComplexity="1" maxCrapScore="12" minCrapScore="2" visitedClasses="0" numClasses="1" visitedMethods="0" numMethods="7" />
          <FullName>Homework.View.FormGraphicsAdaptor</FullName>
          <Methods>
            <Method visited="false" cyclomaticComplexity="1" nPathComplexity="0" sequenceCoverage="0" branchCoverage="0" crapScore="2" isConstructor="true" isStatic="false" isGetter="false" isSetter="false">
              <Summary numSequencePoints="4" visitedSequencePoints="0" numBranchPoints="1" visitedBranchPoints="0" sequenceCoverage="0" branchCoverage="0" maxCyclomaticComplexity="1" minCyclomaticComplexity="1" maxCrapScore="2" minCrapScore="2" visitedClasses="0" numClasses="0" visitedMethods="0" numMethods="1" />
              <MetadataToken>100663680</MetadataToken>
              <Name>System.Void Homework.View.FormGraphicsAdaptor::.ctor(System.Drawing.Graphics)</Name>
              <FileRef uid="41" />
              <SequencePoints>
                <SequencePoint vc="0" uspid="2609" ordinal="0" offset="0" sl="11" sc="9" el="11" ec="54" bec="0" bev="0" fileid="41" />
                <SequencePoint vc="0" uspid="2610" ordinal="1" offset="7" sl="12" sc="9" el="12" ec="10" bec="0" bev="0" fileid="41" />
                <SequencePoint vc="0" uspid="2611" ordinal="2" offset="8" sl="13" sc="13" el="13" ec="34" bec="0" bev="0" fileid="41" />
                <SequencePoint vc="0" uspid="2612" ordinal="3" offset="15" sl="14" sc="9" el="14" ec="10" bec="0" bev="0" fileid="41" />
              </SequencePoints>
              <BranchPoints />
              <MethodPoint xsi:type="SequencePoint" vc="0" uspid="2609" ordinal="0" offset="0" sl="11" sc="9" el="11" ec="54" bec="0" bev="0" fileid="41" />
            </Method>
            <Method visited="false" cyclomaticComplexity="1" nPathComplexity="0" sequenceCoverage="0" branchCoverage="0" crapScore="2" isConstructor="false" isStatic="false" isGetter="false" isSetter="false">
              <Summary numSequencePoints="2" visitedSequencePoints="0" numBranchPoints="1" visitedBranchPoints="0" sequenceCoverage="0" branchCoverage="0" maxCyclomaticComplexity="1" minCyclomaticComplexity="1" maxCrapScore="2" minCrapScore="2" visitedClasses="0" numClasses="0" visitedMethods="0" numMethods="1" />
              <MetadataToken>100663681</MetadataToken>
              <Name>System.Void Homework.View.FormGraphicsAdaptor::ClearAll()</Name>
              <FileRef uid="41" />
              <SequencePoints>
                <SequencePoint vc="0" uspid="2613" ordinal="0" offset="0" sl="18" sc="9" el="18" ec="10" bec="0" bev="0" fileid="41" />
                <SequencePoint vc="0" uspid="2614" ordinal="1" offset="1" sl="20" sc="9" el="20" ec="10" bec="0" bev="0" fileid="41" />
              </SequencePoints>
              <BranchPoints />
              <MethodPoint xsi:type="SequencePoint" vc="0" uspid="2613" ordinal="0" offset="0" sl="18" sc="9" el="18" ec="10" bec="0" bev="0" fileid="41" />
            </Method>
            <Method visited="false" cyclomaticComplexity="1" nPathComplexity="0" sequenceCoverage="0" branchCoverage="0" crapScore="2" isConstructor="false" isStatic="false" isGetter="false" isSetter="false">
              <Summary numSequencePoints="3" visitedSequencePoints="0" numBranchPoints="1" visitedBranchPoints="0" sequenceCoverage="0" branchCoverage="0" maxCyclomaticComplexity="1" minCyclomaticComplexity="1" maxCrapScore="2" minCrapScore="2" visitedClasses="0" numClasses="0" visitedMethods="0" numMethods="1" />
              <MetadataToken>100663682</MetadataToken>
              <Name>System.Void Homework.View.FormGraphicsAdaptor::DrawLine(System.Double,System.Double,System.Double,System.Double)</Name>
              <FileRef uid="41" />
              <SequencePoints>
                <SequencePoint vc="0" uspid="2615" ordinal="0" offset="0" sl="24" sc="9" el="24" ec="10" bec="0" bev="0" fileid="41" />
                <SequencePoint vc="0" uspid="2616" ordinal="1" offset="1" sl="25" sc="13" el="25" ec="88" bec="0" bev="0" fileid="41" />
                <SequencePoint vc="0" uspid="2617" ordinal="2" offset="27" sl="26" sc="9" el="26" ec="10" bec="0" bev="0" fileid="41" />
              </SequencePoints>
              <BranchPoints />
              <MethodPoint xsi:type="SequencePoint" vc="0" uspid="2615" ordinal="0" offset="0" sl="24" sc="9" el="24" ec="10" bec="0" bev="0" fileid="41" />
            </Method>
            <Method visited="false" cyclomaticComplexity="3" nPathComplexity="4" sequenceCoverage="0" branchCoverage="0" crapScore="12" isConstructor="false" isStatic="false" isGetter="false" isSetter="false">
              <Summary numSequencePoints="9" visitedSequencePoints="0" numBranchPoints="5" visitedBranchPoints="0" sequenceCoverage="0" branchCoverage="0" maxCyclomaticComplexity="3" minCyclomaticComplexity="3" maxCrapScore="12" minCrapScore="12" visitedClasses="0" numClasses="0" visitedMethods="0" numMethods="1" />
              <MetadataToken>100663683</MetadataToken>
              <Name>System.Void Homework.View.FormGraphicsAdaptor::DrawRectangle(System.Double,System.Double,System.Double,System.Double)</Name>
              <FileRef uid="41" />
              <SequencePoints>
                <SequencePoint vc="0" uspid="2618" ordinal="0" offset="0" sl="30" sc="9" el="30" ec="10" bec="0" bev="0" fileid="41" />
                <SequencePoint vc="0" uspid="2619" ordinal="1" offset="1" sl="31" sc="13" el="31" ec="46" bec="0" bev="0" fileid="41" />
                <SequencePoint vc="0" uspid="2620" ordinal="2" offset="10" sl="32" sc="13" el="32" ec="47" bec="0" bev="0" fileid="41" />
                <SequencePoint vc="0" uspid="2621" ordinal="3" offset="20" sl="33" sc="13" el="33" ec="25" bec="2" bev="0" fileid="41" />
                <SequencePoint vc="0" uspid="2622" ordinal="4" offset="28" sl="34" sc="17" el="34" ec="29" bec="0" bev="0" fileid="41" />
                <SequencePoint vc="0" uspid="2623" ordinal="5" offset="33" sl="35" sc="13" el="35" ec="25" bec="2" bev="0" fileid="41" />
                <SequencePoint vc="0" uspid="2624" ordinal="6" offset="42" sl="36" sc="17" el="36" ec="30" bec="0" bev="0" fileid="41" />
                <SequencePoint vc="0" uspid="2625" ordinal="7" offset="47" sl="37" sc="13" el="37" ec="100" bec="0" bev="0" fileid="41" />
                <SequencePoint vc="0" uspid="2626" ordinal="8" offset="72" sl="38" sc="9" el="38" ec="10" bec="0" bev="0" fileid="41" />
              </SequencePoints>
              <BranchPoints>
                <BranchPoint vc="0" uspid="2627" ordinal="0" offset="26" sl="33" path="0" offsetend="28" fileid="41" />
                <BranchPoint vc="0" uspid="2628" ordinal="1" offset="26" sl="33" path="1" offsetend="33" fileid="41" />
                <BranchPoint vc="0" uspid="2629" ordinal="2" offset="40" sl="35" path="0" offsetend="42" fileid="41" />
                <BranchPoint vc="0" uspid="2630" ordinal="3" offset="40" sl="35" path="1" offsetend="47" fileid="41" />
              </BranchPoints>
              <MethodPoint xsi:type="SequencePoint" vc="0" uspid="2618" ordinal="0" offset="0" sl="30" sc="9" el="30" ec="10" bec="0" bev="0" fileid="41" />
            </Method>
            <Method visited="false" cyclomaticComplexity="3" nPathComplexity="4" sequenceCoverage="0" branchCoverage="0" crapScore="12" isConstructor="false" isStatic="false" isGetter="false" isSetter="false">
              <Summary numSequencePoints="9" visitedSequencePoints="0" numBranchPoints="5" visitedBranchPoints="0" sequenceCoverage="0" branchCoverage="0" maxCyclomaticComplexity="3" minCyclomaticComplexity="3" maxCrapScore="12" minCrapScore="12" visitedClasses="0" numClasses="0" visitedMethods="0" numMethods="1" />
              <MetadataToken>100663684</MetadataToken>
              <Name>System.Void Homework.View.FormGraphicsAdaptor::DrawEllipse(System.Double,System.Double,System.Double,System.Double)</Name>
              <FileRef uid="41" />
              <SequencePoints>
                <SequencePoint vc="0" uspid="2631" ordinal="0" offset="0" sl="42" sc="9" el="42" ec="10" bec="0" bev="0" fileid="41" />
                <SequencePoint vc="0" uspid="2632" ordinal="1" offset="1" sl="43" sc="13" el="43" ec="46" bec="0" bev="0" fileid="41" />
                <SequencePoint vc="0" uspid="2633" ordinal="2" offset="10" sl="44" sc="13" el="44" ec="47" bec="0" bev="0" fileid="41" />
                <SequencePoint vc="0" uspid="2634" ordinal="3" offset="20" sl="45" sc="13" el="45" ec="25" bec="2" bev="0" fileid="41" />
                <SequencePoint vc="0" uspid="2635" ordinal="4" offset="28" sl="46" sc="17" el="46" ec="29" bec="0" bev="0" fileid="41" />
                <SequencePoint vc="0" uspid="2636" ordinal="5" offset="33" sl="47" sc="13" el="47" ec="25" bec="2" bev="0" fileid="41" />
                <SequencePoint vc="0" uspid="2637" ordinal="6" offset="42" sl="48" sc="17" el="48" ec="30" bec="0" bev="0" fileid="41" />
                <SequencePoint vc="0" uspid="2638" ordinal="7" offset="47" sl="49" sc="13" el="49" ec="98" bec="0" bev="0" fileid="41" />
                <SequencePoint vc="0" uspid="2639" ordinal="8" offset="72" sl="50" sc="9" el="50" ec="10" bec="0" bev="0" fileid="41" />
              </SequencePoints>
              <BranchPoints>
                <BranchPoint vc="0" uspid="2640" ordinal="0" offset="26" sl="45" path="0" offsetend="28" fileid="41" />
                <BranchPoint vc="0" uspid="2641" ordinal="1" offset="26" sl="45" path="1" offsetend="33" fileid="41" />
                <BranchPoint vc="0" uspid="2642" ordinal="2" offset="40" sl="47" path="0" offsetend="42" fileid="41" />
                <BranchPoint vc="0" uspid="2643" ordinal="3" offset="40" sl="47" path="1" offsetend="47" fileid="41" />
              </BranchPoints>
              <MethodPoint xsi:type="SequencePoint" vc="0" uspid="2631" ordinal="0" offset="0" sl="42" sc="9" el="42" ec="10" bec="0" bev="0" fileid="41" />
            </Method>
            <Method visited="false" cyclomaticComplexity="3" nPathComplexity="4" sequenceCoverage="0" branchCoverage="0" crapScore="12" isConstructor="false" isStatic="false" isGetter="false" isSetter="false">
              <Summary numSequencePoints="9" visitedSequencePoints="0" numBranchPoints="5" visitedBranchPoints="0" sequenceCoverage="0" branchCoverage="0" maxCyclomaticComplexity="3" minCyclomaticComplexity="3" maxCrapScore="12" minCrapScore="12" visitedClasses="0" numClasses="0" visitedMethods="0" numMethods="1" />
              <MetadataToken>100663685</MetadataToken>
              <Name>System.Void Homework.View.FormGraphicsAdaptor::DrawHint(System.Double,System.Double,System.Double,System.Double)</Name>
              <FileRef uid="41" />
              <SequencePoints>
                <SequencePoint vc="0" uspid="2644" ordinal="0" offset="0" sl="54" sc="9" el="54" ec="10" bec="0" bev="0" fileid="41" />
                <SequencePoint vc="0" uspid="2645" ordinal="1" offset="1" sl="55" sc="13" el="55" ec="46" bec="0" bev="0" fileid="41" />
                <SequencePoint vc="0" uspid="2646" ordinal="2" offset="10" sl="56" sc="13" el="56" ec="47" bec="0" bev="0" fileid="41" />
                <SequencePoint vc="0" uspid="2647" ordinal="3" offset="20" sl="57" sc="13" el="57" ec="25" bec="2" bev="0" fileid="41" />
                <SequencePoint vc="0" uspid="2648" ordinal="4" offset="28" sl="58" sc="17" el="58" ec="29" bec="0" bev="0" fileid="41" />
                <SequencePoint vc="0" uspid="2649" ordinal="5" offset="33" sl="59" sc="13" el="59" ec="25" bec="2" bev="0" fileid="41" />
                <SequencePoint vc="0" uspid="2650" ordinal="6" offset="42" sl="60" sc="17" el="60" ec="30" bec="0" bev="0" fileid="41" />
                <SequencePoint vc="0" uspid="2651" ordinal="7" offset="47" sl="61" sc="13" el="61" ec="98" bec="0" bev="0" fileid="41" />
                <SequencePoint vc="0" uspid="2652" ordinal="8" offset="72" sl="62" sc="9" el="62" ec="10" bec="0" bev="0" fileid="41" />
              </SequencePoints>
              <BranchPoints>
                <BranchPoint vc="0" uspid="2653" ordinal="0" offset="26" sl="57" path="0" offsetend="28" fileid="41" />
                <BranchPoint vc="0" uspid="2654" ordinal="1" offset="26" sl="57" path="1" offsetend="33" fileid="41" />
                <BranchPoint vc="0" uspid="2655" ordinal="2" offset="40" sl="59" path="0" offsetend="42" fileid="41" />
                <BranchPoint vc="0" uspid="2656" ordinal="3" offset="40" sl="59" path="1" offsetend="47" fileid="41" />
              </BranchPoints>
              <MethodPoint xsi:type="SequencePoint" vc="0" uspid="2644" ordinal="0" offset="0" sl="54" sc="9" el="54" ec="10" bec="0" bev="0" fileid="41" />
            </Method>
            <Method visited="false" cyclomaticComplexity="3" nPathComplexity="4" sequenceCoverage="0" branchCoverage="0" crapScore="12" isConstructor="false" isStatic="false" isGetter="false" isSetter="false">
              <Summary numSequencePoints="9" visitedSequencePoints="0" numBranchPoints="5" visitedBranchPoints="0" sequenceCoverage="0" branchCoverage="0" maxCyclomaticComplexity="3" minCyclomaticComplexity="3" maxCrapScore="12" minCrapScore="12" visitedClasses="0" numClasses="0" visitedMethods="0" numMethods="1" />
              <MetadataToken>100663686</MetadataToken>
              <Name>System.Void Homework.View.FormGraphicsAdaptor::DrawHintCircle(System.Double,System.Double,System.Double,System.Double)</Name>
              <FileRef uid="41" />
              <SequencePoints>
                <SequencePoint vc="0" uspid="2657" ordinal="0" offset="0" sl="66" sc="9" el="66" ec="10" bec="0" bev="0" fileid="41" />
                <SequencePoint vc="0" uspid="2658" ordinal="1" offset="1" sl="67" sc="13" el="67" ec="46" bec="0" bev="0" fileid="41" />
                <SequencePoint vc="0" uspid="2659" ordinal="2" offset="10" sl="68" sc="13" el="68" ec="47" bec="0" bev="0" fileid="41" />
                <SequencePoint vc="0" uspid="2660" ordinal="3" offset="20" sl="69" sc="13" el="69" ec="25" bec="2" bev="0" fileid="41" />
                <SequencePoint vc="0" uspid="2661" ordinal="4" offset="28" sl="70" sc="17" el="70" ec="29" bec="0" bev="0" fileid="41" />
                <SequencePoint vc="0" uspid="2662" ordinal="5" offset="33" sl="71" sc="13" el="71" ec="25" bec="2" bev="0" fileid="41" />
                <SequencePoint vc="0" uspid="2663" ordinal="6" offset="42" sl="72" sc="17" el="72" ec="30" bec="0" bev="0" fileid="41" />
                <SequencePoint vc="0" uspid="2664" ordinal="7" offset="47" sl="73" sc="13" el="73" ec="97" bec="0" bev="0" fileid="41" />
                <SequencePoint vc="0" uspid="2665" ordinal="8" offset="72" sl="74" sc="9" el="74" ec="10" bec="0" bev="0" fileid="41" />
              </SequencePoints>
              <BranchPoints>
                <BranchPoint vc="0" uspid="2666" ordinal="0" offset="26" sl="69" path="0" offsetend="28" fileid="41" />
                <BranchPoint vc="0" uspid="2667" ordinal="1" offset="26" sl="69" path="1" offsetend="33" fileid="41" />
                <BranchPoint vc="0" uspid="2668" ordinal="2" offset="40" sl="71" path="0" offsetend="42" fileid="41" />
                <BranchPoint vc="0" uspid="2669" ordinal="3" offset="40" sl="71" path="1" offsetend="47" fileid="41" />
              </BranchPoints>
              <MethodPoint xsi:type="SequencePoint" vc="0" uspid="2657" ordinal="0" offset="0" sl="66" sc="9" el="66" ec="10" bec="0" bev="0" fileid="41" />
            </Method>
          </Methods>
        </Class>
        <Class>
          <Summary numSequencePoints="8" visitedSequencePoints="0" numBranchPoints="1" visitedBranchPoints="0" sequenceCoverage="0" branchCoverage="0" maxCyclomaticComplexity="1" minCyclomaticComplexity="1" maxCrapScore="2" minCrapScore="2" visitedClasses="0" numClasses="1" visitedMethods="0" numMethods="1" />
          <FullName>Homework.View.Program</FullName>
          <Methods>
            <Method visited="false" cyclomaticComplexity="1" nPathComplexity="0" sequenceCoverage="0" branchCoverage="0" crapScore="2" isConstructor="false" isStatic="true" isGetter="false" isSetter="false">
              <Summary numSequencePoints="8" visitedSequencePoints="0" numBranchPoints="1" visitedBranchPoints="0" sequenceCoverage="0" branchCoverage="0" maxCyclomaticComplexity="1" minCyclomaticComplexity="1" maxCrapScore="2" minCrapScore="2" visitedClasses="0" numClasses="0" visitedMethods="0" numMethods="1" />
              <MetadataToken>100663687</MetadataToken>
              <Name>System.Void Homework.View.Program::Main()</Name>
              <FileRef uid="42" />
              <SequencePoints>
                <SequencePoint vc="0" uspid="2670" ordinal="0" offset="0" sl="14" sc="9" el="14" ec="10" bec="0" bev="0" fileid="42" />
                <SequencePoint vc="0" uspid="2671" ordinal="1" offset="1" sl="15" sc="13" el="15" ec="46" bec="0" bev="0" fileid="42" />
                <SequencePoint vc="0" uspid="2672" ordinal="2" offset="7" sl="16" sc="13" el="16" ec="66" bec="0" bev="0" fileid="42" />
                <SequencePoint vc="0" uspid="2673" ordinal="3" offset="14" sl="17" sc="13" el="17" ec="51" bec="0" bev="0" fileid="42" />
                <SequencePoint vc="0" uspid="2674" ordinal="4" offset="20" sl="18" sc="13" el="18" ec="77" bec="0" bev="0" fileid="42" />
                <SequencePoint vc="0" uspid="2675" ordinal="5" offset="27" sl="19" sc="13" el="19" ec="44" bec="0" bev="0" fileid="42" />
                <SequencePoint vc="0" uspid="2676" ordinal="6" offset="34" sl="20" sc="13" el="20" ec="35" bec="0" bev="0" fileid="42" />
                <SequencePoint vc="0" uspid="2677" ordinal="7" offset="41" sl="21" sc="9" el="21" ec="10" bec="0" bev="0" fileid="42" />
              </SequencePoints>
              <BranchPoints />
              <MethodPoint xsi:type="SequencePoint" vc="0" uspid="2670" ordinal="0" offset="0" sl="14" sc="9" el="14" ec="10" bec="0" bev="0" fileid="42" />
            </Method>
          </Methods>
        </Class>
      </Classes>
    </Module>
  </Modules>
</CoverageSession>